Log file open, 10/19/20 18:35:28
LogInit: Display: Running engine for game: StageFight
LogPlatformFile: Not using cached read wrapper
LogTaskGraph: Started task graph with 5 named threads and 11 total threads with 3 sets of task threads.
LogStats: Stats thread started at 1.320470
LogD3D11RHI: Loaded GFSDK_Aftermath_Lib.x64.dll
LogICUInternationalization: ICU TimeZone Detection - Raw Offset: -6:00, Platform Override: ''
LogPluginManager: Mounting plugin Paper2D
LogPluginManager: Mounting plugin AISupport
LogPluginManager: Mounting plugin LightPropagationVolume
LogPluginManager: Mounting plugin CameraShakePreviewer
LogPluginManager: Mounting plugin ActorLayerUtilities
LogPluginManager: Mounting plugin AnimationSharing
LogPluginManager: Mounting plugin CLionSourceCodeAccess
LogPluginManager: Mounting plugin CodeLiteSourceCodeAccess
LogPluginManager: Mounting plugin GitSourceControl
LogPluginManager: Mounting plugin KDevelopSourceCodeAccess
LogPluginManager: Mounting plugin NullSourceCodeAccess
LogPluginManager: Mounting plugin PerforceSourceControl
LogPluginManager: Mounting plugin PlasticSourceControl
LogPluginManager: Mounting plugin RiderSourceCodeAccess
LogPluginManager: Mounting plugin SubversionSourceControl
LogPluginManager: Mounting plugin UObjectPlugin
LogPluginManager: Mounting plugin VisualStudioCodeSourceCodeAccess
LogPluginManager: Mounting plugin VisualStudioSourceCodeAccess
LogPluginManager: Mounting plugin XCodeSourceCodeAccess
LogPluginManager: Mounting plugin AssetManagerEditor
LogPluginManager: Mounting plugin CryptoKeys
LogPluginManager: Mounting plugin CurveEditorTools
LogPluginManager: Mounting plugin DataValidation
LogPluginManager: Mounting plugin EditorScriptingUtilities
LogPluginManager: Mounting plugin FacialAnimation
LogPluginManager: Mounting plugin GameplayTagsEditor
LogPluginManager: Mounting plugin GeometryMode
LogPluginManager: Mounting plugin MacGraphicsSwitching
LogPluginManager: Mounting plugin MaterialAnalyzer
LogPluginManager: Mounting plugin MobileLauncherProfileWizard
LogPluginManager: Mounting plugin PluginBrowser
LogPluginManager: Mounting plugin SpeedTreeImporter
LogPluginManager: Mounting plugin DatasmithContent
LogPluginManager: Mounting plugin VariantManagerContent
LogPluginManager: Mounting plugin AlembicImporter
LogPluginManager: Mounting plugin AutomationUtils
LogPluginManager: Mounting plugin BackChannel
LogPluginManager: Mounting plugin ChaosCloth
LogPluginManager: Mounting plugin ChaosClothEditor
LogPluginManager: Mounting plugin ChaosEditor
LogPluginManager: Mounting plugin ChaosNiagara
LogPluginManager: Mounting plugin ChaosSolverPlugin
LogPluginManager: Mounting plugin CharacterAI
LogPluginManager: Mounting plugin GeometryCache
LogPluginManager: Mounting plugin GeometryCollectionPlugin
LogPluginManager: Mounting plugin GeometryProcessing
LogPluginManager: Mounting plugin PlanarCut
LogPluginManager: Mounting plugin PlatformCrypto
LogPluginManager: Mounting plugin ProxyLODPlugin
LogPluginManager: Mounting plugin SkeletalReduction
LogPluginManager: Mounting plugin Niagara
LogPluginManager: Mounting plugin MagicLeap
LogPluginManager: Mounting plugin MagicLeapLightEstimation
LogPluginManager: Mounting plugin MagicLeapMedia
LogPluginManager: Mounting plugin MagicLeapPassableWorld
LogPluginManager: Mounting plugin MLSDK
LogPluginManager: Mounting plugin AndroidMedia
LogPluginManager: Mounting plugin AvfMedia
LogPluginManager: Mounting plugin ImgMedia
LogPluginManager: Mounting plugin MediaCompositing
LogPluginManager: Mounting plugin MediaPlayerEditor
LogPluginManager: Mounting plugin WebMMedia
LogPluginManager: Mounting plugin WmfMedia
LogPluginManager: Mounting plugin MeshPainting
LogPluginManager: Mounting plugin TcpMessaging
LogPluginManager: Mounting plugin UdpMessaging
LogPluginManager: Mounting plugin ActorSequence
LogPluginManager: Mounting plugin LevelSequenceEditor
LogPluginManager: Mounting plugin MatineeToLevelSequence
LogPluginManager: Mounting plugin MovieRenderPipeline
LogPluginManager: Mounting plugin TemplateSequence
LogPluginManager: Mounting plugin NetcodeUnitTest
LogPluginManager: Mounting plugin NUTUnrealEngine4
LogPluginManager: Mounting plugin OnlineSubsystemGooglePlay
LogPluginManager: Mounting plugin OnlineSubsystemIOS
LogPluginManager: Mounting plugin OnlineSubsystem
LogPluginManager: Mounting plugin OnlineSubsystemNull
LogPluginManager: Mounting plugin OnlineSubsystemUtils
LogPluginManager: Mounting plugin LauncherChunkInstaller
LogPluginManager: Mounting plugin AndroidDeviceProfileSelector
LogPluginManager: Mounting plugin AndroidMoviePlayer
LogPluginManager: Mounting plugin AndroidPermission
LogPluginManager: Mounting plugin AppleImageUtils
LogPluginManager: Mounting plugin AppleMoviePlayer
LogPluginManager: Mounting plugin ArchVisCharacter
LogPluginManager: Mounting plugin AssetTags
LogPluginManager: Mounting plugin AudioCapture
LogPluginManager: Mounting plugin CableComponent
LogPluginManager: Mounting plugin CustomMeshComponent
LogPluginManager: Mounting plugin EditableMesh
LogPluginManager: Mounting plugin ExampleDeviceProfileSelector
LogPluginManager: Mounting plugin GoogleCloudMessaging
LogPluginManager: Mounting plugin GooglePAD
LogPluginManager: Mounting plugin IOSDeviceProfileSelector
LogPluginManager: Mounting plugin LinuxDeviceProfileSelector
LogPluginManager: Mounting plugin LocationServicesBPLibrary
LogPluginManager: Mounting plugin MobilePatchingUtils
LogPluginManager: Mounting plugin OculusVR
LogPluginManager: Mounting plugin PhysXVehicles
LogPluginManager: Mounting plugin PostSplashScreen
LogPluginManager: Mounting plugin ProceduralMeshComponent
LogPluginManager: Mounting plugin RuntimePhysXCooking
LogPluginManager: Mounting plugin SignificanceManager
LogPluginManager: Mounting plugin SoundFields
LogPluginManager: Mounting plugin SteamVR
LogPluginManager: Mounting plugin Synthesis
LogPluginManager: Mounting plugin WebMMoviePlayer
LogPluginManager: Mounting plugin WindowsMoviePlayer
LogPluginManager: Mounting plugin ScreenshotTools
LogInit: Using libcurl 7.55.1-DEV
LogInit:  - built for x86_64-pc-win32
LogInit:  - supports SSL with OpenSSL/1.1.1
LogInit:  - supports HTTP deflate (compression) using libz 1.2.8
LogInit:  - other features:
LogInit:      CURL_VERSION_SSL
LogInit:      CURL_VERSION_LIBZ
LogInit:      CURL_VERSION_IPV6
LogInit:      CURL_VERSION_ASYNCHDNS
LogInit:      CURL_VERSION_LARGEFILE
LogInit:      CURL_VERSION_IDN
LogInit:  CurlRequestOptions (configurable via config and command line):
LogInit:  - bVerifyPeer = true  - Libcurl will verify peer certificate
LogInit:  - bUseHttpProxy = false  - Libcurl will NOT use HTTP proxy
LogInit:  - bDontReuseConnections = false  - Libcurl will reuse connections
LogInit:  - MaxHostConnections = 16  - Libcurl will limit the number of connections to a host
LogInit:  - LocalHostAddr = Default
LogInit:  - BufferSize = 65536
LogOnline: OSS: Creating online subsystem instance for: NULL
LogInit: WinSock: version 1.1 (2.2), MaxSocks=32767, MaxUdp=65467
LogOnline: OSS: TryLoadSubsystemAndSetDefault: Loaded subsystem for module [NULL]
LogInit: Build: ++UE4+Release-4.25-CL-13942748
LogInit: Engine Version: 4.25.3-13942748+++UE4+Release-4.25
LogInit: Compatible Engine Version: 4.25.0-13144385+++UE4+Release-4.25
LogInit: Net CL: 13144385
LogInit: OS: Windows 10 (Release 1803) (), CPU: Intel(R) Core(TM) i5-7360U CPU @ 2.30GHz, GPU: Intel(R) Iris(R) Plus Graphics 640
LogInit: Compiled (64-bit): Jul 25 2020 02:07:48
LogInit: Compiled with Visual C++: 19.24.28315.00
LogInit: Build Configuration: Development
LogInit: Branch Name: ++UE4+Release-4.25
LogInit: Command Line: 
LogInit: Base Directory: C:/Program Files/Epic Games/UE_4.25/Engine/Binaries/Win64/
LogInit: Allocator: TBB
LogInit: Installed Engine Build: 1
LogDevObjectVersion: Number of dev versions registered: 26
LogDevObjectVersion:   Dev-Blueprints (B0D832E4-1F89-4F0D-ACCF-7EB736FD4AA2): 10
LogDevObjectVersion:   Dev-Build (E1C64328-A22C-4D53-A36C-8E866417BD8C): 0
LogDevObjectVersion:   Dev-Core (375EC13C-06E4-48FB-B500-84F0262A717E): 4
LogDevObjectVersion:   Dev-Editor (E4B068ED-F494-42E9-A231-DA0B2E46BB41): 38
LogDevObjectVersion:   Dev-Framework (CFFC743F-43B0-4480-9391-14DF171D2073): 37
LogDevObjectVersion:   Dev-Mobile (B02B49B5-BB20-44E9-A304-32B752E40360): 2
LogDevObjectVersion:   Dev-Networking (A4E4105C-59A1-49B5-A7C5-40C4547EDFEE): 0
LogDevObjectVersion:   Dev-Online (39C831C9-5AE6-47DC-9A44-9C173E1C8E7C): 0
LogDevObjectVersion:   Dev-Physics (78F01B33-EBEA-4F98-B9B4-84EACCB95AA2): 4
LogDevObjectVersion:   Dev-Platform (6631380F-2D4D-43E0-8009-CF276956A95A): 0
LogDevObjectVersion:   Dev-Rendering (12F88B9F-8875-4AFC-A67C-D90C383ABD29): 43
LogDevObjectVersion:   Dev-Sequencer (7B5AE74C-D270-4C10-A958-57980B212A5A): 12
LogDevObjectVersion:   Dev-VR (D7296918-1DD6-4BDD-9DE2-64A83CC13884): 3
LogDevObjectVersion:   Dev-LoadTimes (C2A15278-BFE7-4AFE-6C17-90FF531DF755): 1
LogDevObjectVersion:   Private-Geometry (6EACA3D4-40EC-4CC1-B786-8BED09428FC5): 3
LogDevObjectVersion:   Dev-AnimPhys (29E575DD-E0A3-4627-9D10-D276232CDCEA): 17
LogDevObjectVersion:   Dev-Anim (AF43A65D-7FD3-4947-9873-3E8ED9C1BB05): 7
LogDevObjectVersion:   Dev-ReflectionCapture (6B266CEC-1EC7-4B8F-A30B-E4D90942FC07): 1
LogDevObjectVersion:   Dev-Automation (0DF73D61-A23F-47EA-B727-89E90C41499A): 1
LogDevObjectVersion:   FortniteMain (601D1886-AC64-4F84-AA16-D3DE0DEAC7D6): 31
LogDevObjectVersion:   Dev-Enterprise (9DFFBCD6-494F-0158-E221-12823C92A888): 10
LogDevObjectVersion:   Dev-Niagara (F2AED0AC-9AFE-416F-8664-AA7FFA26D6FC): 1
LogDevObjectVersion:   Dev-Destruction (174F1F0B-B4C6-45A5-B13F-2EE8D0FB917D): 10
LogDevObjectVersion:   Dev-Physics-Ext (35F94A83-E258-406C-A318-09F59610247C): 37
LogDevObjectVersion:   Dev-PhysicsMaterial-Chaos (B68FC16E-8B1B-42E2-B453-215C058844FE): 1
LogDevObjectVersion:   Dev-CineCamera (B2E18506-4273-CFC2-A54E-F4BB758BBA07): 1
LogInit: Presizing for max 25165824 objects, including 0 objects not considered by GC, pre-allocating 0 bytes for permanent pool.
LogConfig: Applying CVar settings from Section [/Script/Engine.StreamingSettings] File [C:/Users/DSU/Documents/GitHub/Real Sign Guy/Unreal/StageFight/Saved/Config/Windows/Engine.ini]
LogConfig: Setting CVar [[s.MinBulkDataSizeForAsyncLoading:131072]]
LogConfig: Setting CVar [[s.AsyncLoadingThreadEnabled:0]]
LogConfig: Setting CVar [[s.EventDrivenLoaderEnabled:1]]
LogConfig: Setting CVar [[s.WarnIfTimeLimitExceeded:0]]
LogConfig: Setting CVar [[s.TimeLimitExceededMultiplier:1.5]]
LogConfig: Setting CVar [[s.TimeLimitExceededMinTime:0.005]]
LogConfig: Setting CVar [[s.UseBackgroundLevelStreaming:1]]
LogConfig: Setting CVar [[s.PriorityAsyncLoadingExtraTime:15.0]]
LogConfig: Setting CVar [[s.LevelStreamingActorsUpdateTimeLimit:5.0]]
LogConfig: Setting CVar [[s.PriorityLevelStreamingActorsUpdateExtraTime:5.0]]
LogConfig: Setting CVar [[s.LevelStreamingComponentsRegistrationGranularity:10]]
LogConfig: Setting CVar [[s.UnregisterComponentsTimeLimit:1.0]]
LogConfig: Setting CVar [[s.LevelStreamingComponentsUnregistrationGranularity:5]]
LogConfig: Setting CVar [[s.FlushStreamingOnExit:1]]
LogInit: Object subsystem initialized
LogConfig: Setting CVar [[con.DebugEarlyDefault:1]]
LogConfig: Setting CVar [[r.setres:1280x720]]
[2020.10.19-23.35.29:918][  0]LogConfig: Setting CVar [[r.VSync:0]]
[2020.10.19-23.35.29:918][  0]LogConfig: Setting CVar [[r.RHICmdBypass:0]]
[2020.10.19-23.35.29:920][  0]LogConfig: Applying CVar settings from Section [/Script/Engine.RendererSettings] File [C:/Users/DSU/Documents/GitHub/Real Sign Guy/Unreal/StageFight/Saved/Config/Windows/Engine.ini]
[2020.10.19-23.35.29:920][  0]LogConfig: Setting CVar [[r.GPUCrashDebugging:0]]
[2020.10.19-23.35.29:920][  0]LogConfig: Applying CVar settings from Section [/Script/Engine.RendererOverrideSettings] File [C:/Users/DSU/Documents/GitHub/Real Sign Guy/Unreal/StageFight/Saved/Config/Windows/Engine.ini]
[2020.10.19-23.35.29:920][  0]LogConfig: Applying CVar settings from Section [/Script/Engine.StreamingSettings] File [C:/Users/DSU/Documents/GitHub/Real Sign Guy/Unreal/StageFight/Saved/Config/Windows/Engine.ini]
[2020.10.19-23.35.29:920][  0]LogConfig: Setting CVar [[s.MinBulkDataSizeForAsyncLoading:131072]]
[2020.10.19-23.35.29:920][  0]LogConfig: Setting CVar [[s.AsyncLoadingThreadEnabled:0]]
[2020.10.19-23.35.29:920][  0]LogConfig: Setting CVar [[s.EventDrivenLoaderEnabled:1]]
[2020.10.19-23.35.29:920][  0]LogConfig: Setting CVar [[s.WarnIfTimeLimitExceeded:0]]
[2020.10.19-23.35.29:920][  0]LogConfig: Setting CVar [[s.TimeLimitExceededMultiplier:1.5]]
[2020.10.19-23.35.29:920][  0]LogConfig: Setting CVar [[s.TimeLimitExceededMinTime:0.005]]
[2020.10.19-23.35.29:920][  0]LogConfig: Setting CVar [[s.UseBackgroundLevelStreaming:1]]
[2020.10.19-23.35.29:920][  0]LogConfig: Setting CVar [[s.PriorityAsyncLoadingExtraTime:15.0]]
[2020.10.19-23.35.29:920][  0]LogConfig: Setting CVar [[s.LevelStreamingActorsUpdateTimeLimit:5.0]]
[2020.10.19-23.35.29:920][  0]LogConfig: Setting CVar [[s.PriorityLevelStreamingActorsUpdateExtraTime:5.0]]
[2020.10.19-23.35.29:920][  0]LogConfig: Setting CVar [[s.LevelStreamingComponentsRegistrationGranularity:10]]
[2020.10.19-23.35.29:920][  0]LogConfig: Setting CVar [[s.UnregisterComponentsTimeLimit:1.0]]
[2020.10.19-23.35.29:920][  0]LogConfig: Setting CVar [[s.LevelStreamingComponentsUnregistrationGranularity:5]]
[2020.10.19-23.35.29:920][  0]LogConfig: Setting CVar [[s.FlushStreamingOnExit:1]]
[2020.10.19-23.35.29:920][  0]LogConfig: Applying CVar settings from Section [/Script/Engine.GarbageCollectionSettings] File [C:/Users/DSU/Documents/GitHub/Real Sign Guy/Unreal/StageFight/Saved/Config/Windows/Engine.ini]
[2020.10.19-23.35.29:920][  0]LogConfig: Setting CVar [[gc.MaxObjectsNotConsideredByGC:1]]
[2020.10.19-23.35.29:920][  0]LogConfig: Setting CVar [[gc.SizeOfPermanentObjectPool:0]]
[2020.10.19-23.35.29:920][  0]LogConfig: Setting CVar [[gc.FlushStreamingOnGC:0]]
[2020.10.19-23.35.29:920][  0]LogConfig: Setting CVar [[gc.NumRetriesBeforeForcingGC:10]]
[2020.10.19-23.35.29:920][  0]LogConfig: Setting CVar [[gc.AllowParallelGC:1]]
[2020.10.19-23.35.29:920][  0]LogConfig: Setting CVar [[gc.TimeBetweenPurgingPendingKillObjects:61.1]]
[2020.10.19-23.35.29:920][  0]LogConfig: Setting CVar [[gc.MaxObjectsInEditor:25165824]]
[2020.10.19-23.35.29:920][  0]LogConfig: Setting CVar [[gc.IncrementalBeginDestroyEnabled:1]]
[2020.10.19-23.35.29:920][  0]LogConfig: Setting CVar [[gc.CreateGCClusters:1]]
[2020.10.19-23.35.29:920][  0]LogConfig: Setting CVar [[gc.MinGCClusterSize:5]]
[2020.10.19-23.35.29:920][  0]LogConfig: Setting CVar [[gc.ActorClusteringEnabled:0]]
[2020.10.19-23.35.29:920][  0]LogConfig: Setting CVar [[gc.BlueprintClusteringEnabled:0]]
[2020.10.19-23.35.29:920][  0]LogConfig: Setting CVar [[gc.UseDisregardForGCOnDedicatedServers:0]]
[2020.10.19-23.35.29:920][  0]LogConfig: Applying CVar settings from Section [/Script/Engine.NetworkSettings] File [C:/Users/DSU/Documents/GitHub/Real Sign Guy/Unreal/StageFight/Saved/Config/Windows/Engine.ini]
[2020.10.19-23.35.29:920][  0]LogConfig: Applying CVar settings from Section [/Script/UnrealEd.CookerSettings] File [C:/Users/DSU/Documents/GitHub/Real Sign Guy/Unreal/StageFight/Saved/Config/Windows/Engine.ini]
[2020.10.19-23.35.29:928][  0]LogConfig: Applying CVar settings from Section [ViewDistanceQuality@3] File [C:/Users/DSU/Documents/GitHub/Real Sign Guy/Unreal/StageFight/Saved/Config/Windows/Scalability.ini]
[2020.10.19-23.35.29:928][  0]LogConfig: Setting CVar [[r.SkeletalMeshLODBias:0]]
[2020.10.19-23.35.29:928][  0]LogConfig: Setting CVar [[r.ViewDistanceScale:1.0]]
[2020.10.19-23.35.29:928][  0]LogConfig: Applying CVar settings from Section [AntiAliasingQuality@3] File [C:/Users/DSU/Documents/GitHub/Real Sign Guy/Unreal/StageFight/Saved/Config/Windows/Scalability.ini]
[2020.10.19-23.35.29:928][  0]LogConfig: Setting CVar [[r.PostProcessAAQuality:4]]
[2020.10.19-23.35.29:928][  0]LogConfig: Applying CVar settings from Section [ShadowQuality@3] File [C:/Users/DSU/Documents/GitHub/Real Sign Guy/Unreal/StageFight/Saved/Config/Windows/Scalability.ini]
[2020.10.19-23.35.29:928][  0]LogConfig: Setting CVar [[r.LightFunctionQuality:1]]
[2020.10.19-23.35.29:928][  0]LogConfig: Setting CVar [[r.ShadowQuality:5]]
[2020.10.19-23.35.29:928][  0]LogConfig: Setting CVar [[r.Shadow.CSM.MaxCascades:10]]
[2020.10.19-23.35.29:928][  0]LogConfig: Setting CVar [[r.Shadow.MaxResolution:2048]]
[2020.10.19-23.35.29:928][  0]LogConfig: Setting CVar [[r.Shadow.MaxCSMResolution:2048]]
[2020.10.19-23.35.29:928][  0]LogConfig: Setting CVar [[r.Shadow.RadiusThreshold:0.01]]
[2020.10.19-23.35.29:928][  0]LogConfig: Setting CVar [[r.Shadow.DistanceScale:1.0]]
[2020.10.19-23.35.29:928][  0]LogConfig: Setting CVar [[r.Shadow.CSM.TransitionScale:1.0]]
[2020.10.19-23.35.29:928][  0]LogConfig: Setting CVar [[r.Shadow.PreShadowResolutionFactor:1.0]]
[2020.10.19-23.35.29:928][  0]LogConfig: Setting CVar [[r.DistanceFieldShadowing:1]]
[2020.10.19-23.35.29:928][  0]LogConfig: Setting CVar [[r.DistanceFieldAO:1]]
[2020.10.19-23.35.29:928][  0]LogConfig: Setting CVar [[r.AOQuality:2]]
[2020.10.19-23.35.29:928][  0]LogConfig: Setting CVar [[r.VolumetricFog:1]]
[2020.10.19-23.35.29:928][  0]LogConfig: Setting CVar [[r.VolumetricFog.GridPixelSize:8]]
[2020.10.19-23.35.29:928][  0]LogConfig: Setting CVar [[r.VolumetricFog.GridSizeZ:128]]
[2020.10.19-23.35.29:928][  0]LogConfig: Setting CVar [[r.VolumetricFog.HistoryMissSupersampleCount:4]]
[2020.10.19-23.35.29:928][  0]LogConfig: Setting CVar [[r.LightMaxDrawDistanceScale:1]]
[2020.10.19-23.35.29:928][  0]LogConfig: Setting CVar [[r.CapsuleShadows:1]]
[2020.10.19-23.35.29:928][  0]LogConfig: Applying CVar settings from Section [PostProcessQuality@3] File [C:/Users/DSU/Documents/GitHub/Real Sign Guy/Unreal/StageFight/Saved/Config/Windows/Scalability.ini]
[2020.10.19-23.35.29:928][  0]LogConfig: Setting CVar [[r.MotionBlurQuality:4]]
[2020.10.19-23.35.29:928][  0]LogConfig: Setting CVar [[r.AmbientOcclusionMipLevelFactor:0.4]]
[2020.10.19-23.35.29:928][  0]LogConfig: Setting CVar [[r.AmbientOcclusionMaxQuality:100]]
[2020.10.19-23.35.29:928][  0]LogConfig: Setting CVar [[r.AmbientOcclusionLevels:-1]]
[2020.10.19-23.35.29:928][  0]LogConfig: Setting CVar [[r.AmbientOcclusionRadiusScale:1.0]]
[2020.10.19-23.35.29:928][  0]LogConfig: Setting CVar [[r.DepthOfFieldQuality:2]]
[2020.10.19-23.35.29:928][  0]LogConfig: Setting CVar [[r.RenderTargetPoolMin:400]]
[2020.10.19-23.35.29:928][  0]LogConfig: Setting CVar [[r.LensFlareQuality:2]]
[2020.10.19-23.35.29:928][  0]LogConfig: Setting CVar [[r.SceneColorFringeQuality:1]]
[2020.10.19-23.35.29:928][  0]LogConfig: Setting CVar [[r.EyeAdaptationQuality:2]]
[2020.10.19-23.35.29:928][  0]LogConfig: Setting CVar [[r.BloomQuality:5]]
[2020.10.19-23.35.29:928][  0]LogConfig: Setting CVar [[r.FastBlurThreshold:100]]
[2020.10.19-23.35.29:928][  0]LogConfig: Setting CVar [[r.Upscale.Quality:3]]
[2020.10.19-23.35.29:928][  0]LogConfig: Setting CVar [[r.Tonemapper.GrainQuantization:1]]
[2020.10.19-23.35.29:928][  0]LogConfig: Setting CVar [[r.LightShaftQuality:1]]
[2020.10.19-23.35.29:928][  0]LogConfig: Setting CVar [[r.Filter.SizeScale:1]]
[2020.10.19-23.35.29:928][  0]LogConfig: Setting CVar [[r.Tonemapper.Quality:5]]
[2020.10.19-23.35.29:928][  0]LogConfig: Setting CVar [[r.DOF.Gather.AccumulatorQuality:1        ; higher gathering accumulator quality]]
[2020.10.19-23.35.29:928][  0]LogConfig: Setting CVar [[r.DOF.Gather.PostfilterMethod:1          ; Median3x3 postfilering method]]
[2020.10.19-23.35.29:928][  0]LogConfig: Setting CVar [[r.DOF.Gather.EnableBokehSettings:0       ; no bokeh simulation when gathering]]
[2020.10.19-23.35.29:928][  0]LogConfig: Setting CVar [[r.DOF.Gather.RingCount:4                 ; medium number of samples when gathering]]
[2020.10.19-23.35.29:928][  0]LogConfig: Setting CVar [[r.DOF.Scatter.ForegroundCompositing:1    ; additive foreground scattering]]
[2020.10.19-23.35.29:928][  0]LogConfig: Setting CVar [[r.DOF.Scatter.BackgroundCompositing:2    ; additive background scattering]]
[2020.10.19-23.35.29:928][  0]LogConfig: Setting CVar [[r.DOF.Scatter.EnableBokehSettings:1      ; bokeh simulation when scattering]]
[2020.10.19-23.35.29:928][  0]LogConfig: Setting CVar [[r.DOF.Scatter.MaxSpriteRatio:0.1         ; only a maximum of 10% of scattered bokeh]]
[2020.10.19-23.35.29:928][  0]LogConfig: Setting CVar [[r.DOF.Recombine.Quality:1                ; cheap slight out of focus]]
[2020.10.19-23.35.29:928][  0]LogConfig: Setting CVar [[r.DOF.Recombine.EnableBokehSettings:0    ; no bokeh simulation on slight out of focus]]
[2020.10.19-23.35.29:928][  0]LogConfig: Setting CVar [[r.DOF.TemporalAAQuality:1                ; more stable temporal accumulation]]
[2020.10.19-23.35.29:928][  0]LogConfig: Setting CVar [[r.DOF.Kernel.MaxForegroundRadius:0.025]]
[2020.10.19-23.35.29:928][  0]LogConfig: Setting CVar [[r.DOF.Kernel.MaxBackgroundRadius:0.025]]
[2020.10.19-23.35.29:928][  0]LogConfig: Applying CVar settings from Section [TextureQuality@3] File [C:/Users/DSU/Documents/GitHub/Real Sign Guy/Unreal/StageFight/Saved/Config/Windows/Scalability.ini]
[2020.10.19-23.35.29:928][  0]LogConfig: Setting CVar [[r.Streaming.MipBias:0]]
[2020.10.19-23.35.29:928][  0]LogConfig: Setting CVar [[r.Streaming.AmortizeCPUToGPUCopy:0]]
[2020.10.19-23.35.29:928][  0]LogConfig: Setting CVar [[r.Streaming.MaxNumTexturesToStreamPerFrame:0]]
[2020.10.19-23.35.29:928][  0]LogConfig: Setting CVar [[r.Streaming.Boost:1]]
[2020.10.19-23.35.29:928][  0]LogConfig: Setting CVar [[r.MaxAnisotropy:8]]
[2020.10.19-23.35.29:928][  0]LogConfig: Setting CVar [[r.VT.MaxAnisotropy:8]]
[2020.10.19-23.35.29:928][  0]LogConfig: Setting CVar [[r.Streaming.LimitPoolSizeToVRAM:0]]
[2020.10.19-23.35.29:928][  0]LogConfig: Setting CVar [[r.Streaming.PoolSize:1000]]
[2020.10.19-23.35.29:928][  0]LogConfig: Setting CVar [[r.Streaming.MaxEffectiveScreenSize:0]]
[2020.10.19-23.35.29:928][  0]LogConfig: Applying CVar settings from Section [EffectsQuality@3] File [C:/Users/DSU/Documents/GitHub/Real Sign Guy/Unreal/StageFight/Saved/Config/Windows/Scalability.ini]
[2020.10.19-23.35.29:928][  0]LogConfig: Setting CVar [[r.TranslucencyLightingVolumeDim:64]]
[2020.10.19-23.35.29:929][  0]LogConfig: Setting CVar [[r.RefractionQuality:2]]
[2020.10.19-23.35.29:929][  0]LogConfig: Setting CVar [[r.SSR.Quality:3]]
[2020.10.19-23.35.29:929][  0]LogConfig: Setting CVar [[r.SSR.HalfResSceneColor:0]]
[2020.10.19-23.35.29:929][  0]LogConfig: Setting CVar [[r.SceneColorFormat:4]]
[2020.10.19-23.35.29:929][  0]LogConfig: Setting CVar [[r.DetailMode:2]]
[2020.10.19-23.35.29:929][  0]LogConfig: Setting CVar [[r.TranslucencyVolumeBlur:1]]
[2020.10.19-23.35.29:929][  0]LogConfig: Setting CVar [[r.MaterialQualityLevel:1 ; High quality]]
[2020.10.19-23.35.29:929][  0]LogConfig: Setting CVar [[r.SSS.Scale:1]]
[2020.10.19-23.35.29:929][  0]LogConfig: Setting CVar [[r.SSS.SampleSet:2]]
[2020.10.19-23.35.29:929][  0]LogConfig: Setting CVar [[r.SSS.Quality:1]]
[2020.10.19-23.35.29:929][  0]LogConfig: Setting CVar [[r.SSS.HalfRes:0]]
[2020.10.19-23.35.29:929][  0]LogConfig: Setting CVar [[r.SSGI.Quality:3]]
[2020.10.19-23.35.29:929][  0]LogConfig: Setting CVar [[r.EmitterSpawnRateScale:1.0]]
[2020.10.19-23.35.29:929][  0]LogConfig: Setting CVar [[r.ParticleLightQuality:2]]
[2020.10.19-23.35.29:929][  0]LogConfig: Setting CVar [[r.SkyAtmosphere.AerialPerspectiveLUT.FastApplyOnOpaque:1 ; Always have FastSkyLUT 1 in this case to avoid wrong sky]]
[2020.10.19-23.35.29:929][  0]LogConfig: Setting CVar [[r.SkyAtmosphere.AerialPerspectiveLUT.SampleCountPerSlice:1]]
[2020.10.19-23.35.29:929][  0]LogConfig: Setting CVar [[r.SkyAtmosphere.AerialPerspectiveLUT.DepthResolution:16.0]]
[2020.10.19-23.35.29:929][  0]LogConfig: Setting CVar [[r.SkyAtmosphere.FastSkyLUT:1]]
[2020.10.19-23.35.29:929][  0]LogConfig: Setting CVar [[r.SkyAtmosphere.FastSkyLUT.SampleCountMin:4.0]]
[2020.10.19-23.35.29:929][  0]LogConfig: Setting CVar [[r.SkyAtmosphere.FastSkyLUT.SampleCountMax:32.0]]
[2020.10.19-23.35.29:929][  0]LogConfig: Setting CVar [[r.SkyAtmosphere.SampleCountMin:4.0]]
[2020.10.19-23.35.29:929][  0]LogConfig: Setting CVar [[r.SkyAtmosphere.SampleCountMax:32.0]]
[2020.10.19-23.35.29:929][  0]LogConfig: Setting CVar [[r.SkyAtmosphere.TransmittanceLUT.UseSmallFormat:0]]
[2020.10.19-23.35.29:929][  0]LogConfig: Setting CVar [[r.SkyAtmosphere.TransmittanceLUT.SampleCount:10.0]]
[2020.10.19-23.35.29:929][  0]LogConfig: Setting CVar [[r.SkyAtmosphere.MultiScatteringLUT.SampleCount:15.0]]
[2020.10.19-23.35.29:929][  0]LogConfig: Applying CVar settings from Section [FoliageQuality@3] File [C:/Users/DSU/Documents/GitHub/Real Sign Guy/Unreal/StageFight/Saved/Config/Windows/Scalability.ini]
[2020.10.19-23.35.29:929][  0]LogConfig: Setting CVar [[foliage.DensityScale:1.0]]
[2020.10.19-23.35.29:929][  0]LogConfig: Setting CVar [[grass.DensityScale:1.0]]
[2020.10.19-23.35.29:929][  0]LogConfig: Applying CVar settings from Section [ShadingQuality@3] File [C:/Users/DSU/Documents/GitHub/Real Sign Guy/Unreal/StageFight/Saved/Config/Windows/Scalability.ini]
[2020.10.19-23.35.29:929][  0]LogConfig: Setting CVar [[r.HairStrands.SkyLighting.SampleCount:16]]
[2020.10.19-23.35.29:929][  0]LogConfig: Setting CVar [[r.HairStrands.SkyLighting.JitterIntegration:0]]
[2020.10.19-23.35.29:929][  0]LogConfig: Setting CVar [[r.HairStrands.SkyAO.SampleCount:16]]
[2020.10.19-23.35.29:929][  0]LogConfig: Setting CVar [[r.HairStrands.DeepShadow.SuperSampling:0]]
[2020.10.19-23.35.29:929][  0]LogConfig: Setting CVar [[r.HairStrands.VisibilityPPLL:0]]
[2020.10.19-23.35.29:929][  0]LogConfig: Setting CVar [[r.HairStrands.RasterizationScale:0.5]]
[2020.10.19-23.35.29:929][  0]LogConfig: Setting CVar [[r.HairStrands.VelocityRasterizationScale:1]]
[2020.10.19-23.35.29:931][  0]LogInit: Selected Device Profile: [Windows]
[2020.10.19-23.35.29:931][  0]LogInit: Applying CVar settings loaded from the selected device profile: [Windows]
[2020.10.19-23.35.29:932][  0]LogHAL: Display: Platform has ~ 12 GB [12742430720 / 17179869184 / 12], which maps to Larger [LargestMinGB=32, LargerMinGB=12, DefaultMinGB=8, SmallerMinGB=6, SmallestMinGB=0)
[2020.10.19-23.35.29:933][  0]LogInit: Going up to parent DeviceProfile []
[2020.10.19-23.35.29:934][  0]LogConfig: Applying CVar settings from Section [ViewDistanceQuality@3] File [C:/Users/DSU/Documents/GitHub/Real Sign Guy/Unreal/StageFight/Saved/Config/Windows/Scalability.ini]
[2020.10.19-23.35.29:934][  0]LogConfig: Setting CVar [[r.SkeletalMeshLODBias:0]]
[2020.10.19-23.35.29:934][  0]LogConfig: Setting CVar [[r.ViewDistanceScale:1.0]]
[2020.10.19-23.35.29:934][  0]LogConfig: Applying CVar settings from Section [AntiAliasingQuality@3] File [C:/Users/DSU/Documents/GitHub/Real Sign Guy/Unreal/StageFight/Saved/Config/Windows/Scalability.ini]
[2020.10.19-23.35.29:934][  0]LogConfig: Setting CVar [[r.PostProcessAAQuality:4]]
[2020.10.19-23.35.29:934][  0]LogConfig: Applying CVar settings from Section [ShadowQuality@3] File [C:/Users/DSU/Documents/GitHub/Real Sign Guy/Unreal/StageFight/Saved/Config/Windows/Scalability.ini]
[2020.10.19-23.35.29:934][  0]LogConfig: Setting CVar [[r.LightFunctionQuality:1]]
[2020.10.19-23.35.29:934][  0]LogConfig: Setting CVar [[r.ShadowQuality:5]]
[2020.10.19-23.35.29:934][  0]LogConfig: Setting CVar [[r.Shadow.CSM.MaxCascades:10]]
[2020.10.19-23.35.29:934][  0]LogConfig: Setting CVar [[r.Shadow.MaxResolution:2048]]
[2020.10.19-23.35.29:934][  0]LogConfig: Setting CVar [[r.Shadow.MaxCSMResolution:2048]]
[2020.10.19-23.35.29:934][  0]LogConfig: Setting CVar [[r.Shadow.RadiusThreshold:0.01]]
[2020.10.19-23.35.29:934][  0]LogConfig: Setting CVar [[r.Shadow.DistanceScale:1.0]]
[2020.10.19-23.35.29:934][  0]LogConfig: Setting CVar [[r.Shadow.CSM.TransitionScale:1.0]]
[2020.10.19-23.35.29:934][  0]LogConfig: Setting CVar [[r.Shadow.PreShadowResolutionFactor:1.0]]
[2020.10.19-23.35.29:934][  0]LogConfig: Setting CVar [[r.DistanceFieldShadowing:1]]
[2020.10.19-23.35.29:934][  0]LogConfig: Setting CVar [[r.DistanceFieldAO:1]]
[2020.10.19-23.35.29:934][  0]LogConfig: Setting CVar [[r.AOQuality:2]]
[2020.10.19-23.35.29:934][  0]LogConfig: Setting CVar [[r.VolumetricFog:1]]
[2020.10.19-23.35.29:934][  0]LogConfig: Setting CVar [[r.VolumetricFog.GridPixelSize:8]]
[2020.10.19-23.35.29:934][  0]LogConfig: Setting CVar [[r.VolumetricFog.GridSizeZ:128]]
[2020.10.19-23.35.29:934][  0]LogConfig: Setting CVar [[r.VolumetricFog.HistoryMissSupersampleCount:4]]
[2020.10.19-23.35.29:934][  0]LogConfig: Setting CVar [[r.LightMaxDrawDistanceScale:1]]
[2020.10.19-23.35.29:934][  0]LogConfig: Setting CVar [[r.CapsuleShadows:1]]
[2020.10.19-23.35.29:934][  0]LogConfig: Applying CVar settings from Section [PostProcessQuality@3] File [C:/Users/DSU/Documents/GitHub/Real Sign Guy/Unreal/StageFight/Saved/Config/Windows/Scalability.ini]
[2020.10.19-23.35.29:934][  0]LogConfig: Setting CVar [[r.MotionBlurQuality:4]]
[2020.10.19-23.35.29:934][  0]LogConfig: Setting CVar [[r.AmbientOcclusionMipLevelFactor:0.4]]
[2020.10.19-23.35.29:934][  0]LogConfig: Setting CVar [[r.AmbientOcclusionMaxQuality:100]]
[2020.10.19-23.35.29:934][  0]LogConfig: Setting CVar [[r.AmbientOcclusionLevels:-1]]
[2020.10.19-23.35.29:934][  0]LogConfig: Setting CVar [[r.AmbientOcclusionRadiusScale:1.0]]
[2020.10.19-23.35.29:934][  0]LogConfig: Setting CVar [[r.DepthOfFieldQuality:2]]
[2020.10.19-23.35.29:934][  0]LogConfig: Setting CVar [[r.RenderTargetPoolMin:400]]
[2020.10.19-23.35.29:934][  0]LogConfig: Setting CVar [[r.LensFlareQuality:2]]
[2020.10.19-23.35.29:934][  0]LogConfig: Setting CVar [[r.SceneColorFringeQuality:1]]
[2020.10.19-23.35.29:934][  0]LogConfig: Setting CVar [[r.EyeAdaptationQuality:2]]
[2020.10.19-23.35.29:934][  0]LogConfig: Setting CVar [[r.BloomQuality:5]]
[2020.10.19-23.35.29:934][  0]LogConfig: Setting CVar [[r.FastBlurThreshold:100]]
[2020.10.19-23.35.29:934][  0]LogConfig: Setting CVar [[r.Upscale.Quality:3]]
[2020.10.19-23.35.29:934][  0]LogConfig: Setting CVar [[r.Tonemapper.GrainQuantization:1]]
[2020.10.19-23.35.29:934][  0]LogConfig: Setting CVar [[r.LightShaftQuality:1]]
[2020.10.19-23.35.29:934][  0]LogConfig: Setting CVar [[r.Filter.SizeScale:1]]
[2020.10.19-23.35.29:934][  0]LogConfig: Setting CVar [[r.Tonemapper.Quality:5]]
[2020.10.19-23.35.29:934][  0]LogConfig: Setting CVar [[r.DOF.Gather.AccumulatorQuality:1        ; higher gathering accumulator quality]]
[2020.10.19-23.35.29:934][  0]LogConfig: Setting CVar [[r.DOF.Gather.PostfilterMethod:1          ; Median3x3 postfilering method]]
[2020.10.19-23.35.29:934][  0]LogConfig: Setting CVar [[r.DOF.Gather.EnableBokehSettings:0       ; no bokeh simulation when gathering]]
[2020.10.19-23.35.29:934][  0]LogConfig: Setting CVar [[r.DOF.Gather.RingCount:4                 ; medium number of samples when gathering]]
[2020.10.19-23.35.29:934][  0]LogConfig: Setting CVar [[r.DOF.Scatter.ForegroundCompositing:1    ; additive foreground scattering]]
[2020.10.19-23.35.29:934][  0]LogConfig: Setting CVar [[r.DOF.Scatter.BackgroundCompositing:2    ; additive background scattering]]
[2020.10.19-23.35.29:934][  0]LogConfig: Setting CVar [[r.DOF.Scatter.EnableBokehSettings:1      ; bokeh simulation when scattering]]
[2020.10.19-23.35.29:934][  0]LogConfig: Setting CVar [[r.DOF.Scatter.MaxSpriteRatio:0.1         ; only a maximum of 10% of scattered bokeh]]
[2020.10.19-23.35.29:934][  0]LogConfig: Setting CVar [[r.DOF.Recombine.Quality:1                ; cheap slight out of focus]]
[2020.10.19-23.35.29:934][  0]LogConfig: Setting CVar [[r.DOF.Recombine.EnableBokehSettings:0    ; no bokeh simulation on slight out of focus]]
[2020.10.19-23.35.29:934][  0]LogConfig: Setting CVar [[r.DOF.TemporalAAQuality:1                ; more stable temporal accumulation]]
[2020.10.19-23.35.29:934][  0]LogConfig: Setting CVar [[r.DOF.Kernel.MaxForegroundRadius:0.025]]
[2020.10.19-23.35.29:934][  0]LogConfig: Setting CVar [[r.DOF.Kernel.MaxBackgroundRadius:0.025]]
[2020.10.19-23.35.29:934][  0]LogConfig: Applying CVar settings from Section [TextureQuality@3] File [C:/Users/DSU/Documents/GitHub/Real Sign Guy/Unreal/StageFight/Saved/Config/Windows/Scalability.ini]
[2020.10.19-23.35.29:934][  0]LogConfig: Setting CVar [[r.Streaming.MipBias:0]]
[2020.10.19-23.35.29:934][  0]LogConfig: Setting CVar [[r.Streaming.AmortizeCPUToGPUCopy:0]]
[2020.10.19-23.35.29:934][  0]LogConfig: Setting CVar [[r.Streaming.MaxNumTexturesToStreamPerFrame:0]]
[2020.10.19-23.35.29:934][  0]LogConfig: Setting CVar [[r.Streaming.Boost:1]]
[2020.10.19-23.35.29:934][  0]LogConfig: Setting CVar [[r.MaxAnisotropy:8]]
[2020.10.19-23.35.29:934][  0]LogConfig: Setting CVar [[r.VT.MaxAnisotropy:8]]
[2020.10.19-23.35.29:934][  0]LogConfig: Setting CVar [[r.Streaming.LimitPoolSizeToVRAM:0]]
[2020.10.19-23.35.29:934][  0]LogConfig: Setting CVar [[r.Streaming.PoolSize:1000]]
[2020.10.19-23.35.29:934][  0]LogConfig: Setting CVar [[r.Streaming.MaxEffectiveScreenSize:0]]
[2020.10.19-23.35.29:934][  0]LogConfig: Applying CVar settings from Section [EffectsQuality@3] File [C:/Users/DSU/Documents/GitHub/Real Sign Guy/Unreal/StageFight/Saved/Config/Windows/Scalability.ini]
[2020.10.19-23.35.29:934][  0]LogConfig: Setting CVar [[r.TranslucencyLightingVolumeDim:64]]
[2020.10.19-23.35.29:934][  0]LogConfig: Setting CVar [[r.RefractionQuality:2]]
[2020.10.19-23.35.29:934][  0]LogConfig: Setting CVar [[r.SSR.Quality:3]]
[2020.10.19-23.35.29:934][  0]LogConfig: Setting CVar [[r.SSR.HalfResSceneColor:0]]
[2020.10.19-23.35.29:934][  0]LogConfig: Setting CVar [[r.SceneColorFormat:4]]
[2020.10.19-23.35.29:934][  0]LogConfig: Setting CVar [[r.DetailMode:2]]
[2020.10.19-23.35.29:934][  0]LogConfig: Setting CVar [[r.TranslucencyVolumeBlur:1]]
[2020.10.19-23.35.29:934][  0]LogConfig: Setting CVar [[r.MaterialQualityLevel:1 ; High quality]]
[2020.10.19-23.35.29:935][  0]LogConfig: Setting CVar [[r.SSS.Scale:1]]
[2020.10.19-23.35.29:935][  0]LogConfig: Setting CVar [[r.SSS.SampleSet:2]]
[2020.10.19-23.35.29:935][  0]LogConfig: Setting CVar [[r.SSS.Quality:1]]
[2020.10.19-23.35.29:935][  0]LogConfig: Setting CVar [[r.SSS.HalfRes:0]]
[2020.10.19-23.35.29:935][  0]LogConfig: Setting CVar [[r.SSGI.Quality:3]]
[2020.10.19-23.35.29:935][  0]LogConfig: Setting CVar [[r.EmitterSpawnRateScale:1.0]]
[2020.10.19-23.35.29:935][  0]LogConfig: Setting CVar [[r.ParticleLightQuality:2]]
[2020.10.19-23.35.29:935][  0]LogConfig: Setting CVar [[r.SkyAtmosphere.AerialPerspectiveLUT.FastApplyOnOpaque:1 ; Always have FastSkyLUT 1 in this case to avoid wrong sky]]
[2020.10.19-23.35.29:935][  0]LogConfig: Setting CVar [[r.SkyAtmosphere.AerialPerspectiveLUT.SampleCountPerSlice:1]]
[2020.10.19-23.35.29:935][  0]LogConfig: Setting CVar [[r.SkyAtmosphere.AerialPerspectiveLUT.DepthResolution:16.0]]
[2020.10.19-23.35.29:935][  0]LogConfig: Setting CVar [[r.SkyAtmosphere.FastSkyLUT:1]]
[2020.10.19-23.35.29:935][  0]LogConfig: Setting CVar [[r.SkyAtmosphere.FastSkyLUT.SampleCountMin:4.0]]
[2020.10.19-23.35.29:935][  0]LogConfig: Setting CVar [[r.SkyAtmosphere.FastSkyLUT.SampleCountMax:32.0]]
[2020.10.19-23.35.29:935][  0]LogConfig: Setting CVar [[r.SkyAtmosphere.SampleCountMin:4.0]]
[2020.10.19-23.35.29:935][  0]LogConfig: Setting CVar [[r.SkyAtmosphere.SampleCountMax:32.0]]
[2020.10.19-23.35.29:935][  0]LogConfig: Setting CVar [[r.SkyAtmosphere.TransmittanceLUT.UseSmallFormat:0]]
[2020.10.19-23.35.29:935][  0]LogConfig: Setting CVar [[r.SkyAtmosphere.TransmittanceLUT.SampleCount:10.0]]
[2020.10.19-23.35.29:935][  0]LogConfig: Setting CVar [[r.SkyAtmosphere.MultiScatteringLUT.SampleCount:15.0]]
[2020.10.19-23.35.29:935][  0]LogConfig: Applying CVar settings from Section [FoliageQuality@3] File [C:/Users/DSU/Documents/GitHub/Real Sign Guy/Unreal/StageFight/Saved/Config/Windows/Scalability.ini]
[2020.10.19-23.35.29:935][  0]LogConfig: Setting CVar [[foliage.DensityScale:1.0]]
[2020.10.19-23.35.29:935][  0]LogConfig: Setting CVar [[grass.DensityScale:1.0]]
[2020.10.19-23.35.29:935][  0]LogConfig: Applying CVar settings from Section [ShadingQuality@3] File [C:/Users/DSU/Documents/GitHub/Real Sign Guy/Unreal/StageFight/Saved/Config/Windows/Scalability.ini]
[2020.10.19-23.35.29:935][  0]LogConfig: Setting CVar [[r.HairStrands.SkyLighting.SampleCount:16]]
[2020.10.19-23.35.29:935][  0]LogConfig: Setting CVar [[r.HairStrands.SkyLighting.JitterIntegration:0]]
[2020.10.19-23.35.29:935][  0]LogConfig: Setting CVar [[r.HairStrands.SkyAO.SampleCount:16]]
[2020.10.19-23.35.29:935][  0]LogConfig: Setting CVar [[r.HairStrands.DeepShadow.SuperSampling:0]]
[2020.10.19-23.35.29:935][  0]LogConfig: Setting CVar [[r.HairStrands.VisibilityPPLL:0]]
[2020.10.19-23.35.29:935][  0]LogConfig: Setting CVar [[r.HairStrands.RasterizationScale:0.5]]
[2020.10.19-23.35.29:935][  0]LogConfig: Setting CVar [[r.HairStrands.VelocityRasterizationScale:1]]
[2020.10.19-23.35.29:935][  0]LogConfig: Applying CVar settings from Section [Startup] File [../../../Engine/Config/ConsoleVariables.ini]
[2020.10.19-23.35.29:936][  0]LogConfig: Setting CVar [[net.UseAdaptiveNetUpdateFrequency:0]]
[2020.10.19-23.35.29:936][  0]LogConfig: Setting CVar [[p.chaos.AllowCreatePhysxBodies:1]]
[2020.10.19-23.35.29:936][  0]LogConfig: Setting CVar [[fx.SkipVectorVMBackendOptimizations:1]]
[2020.10.19-23.35.29:936][  0]LogConfig: Applying CVar settings from Section [ConsoleVariables] File [C:/Users/DSU/Documents/GitHub/Real Sign Guy/Unreal/StageFight/Saved/Config/Windows/Engine.ini]
[2020.10.19-23.35.29:937][  0]LogInit: Computer: R8503117
[2020.10.19-23.35.29:937][  0]LogInit: User: DSU
[2020.10.19-23.35.29:937][  0]LogInit: CPU Page size=4096, Cores=2
[2020.10.19-23.35.29:937][  0]LogInit: High frequency timer resolution =2.250002 MHz
[2020.10.19-23.35.29:937][  0]LogMemory: Memory total: Physical=11.9GB (12GB approx)
[2020.10.19-23.35.29:937][  0]LogMemory: Platform Memory Stats for Windows
[2020.10.19-23.35.29:937][  0]LogMemory: Process Physical Memory: 113.41 MB used, 113.41 MB peak
[2020.10.19-23.35.29:937][  0]LogMemory: Process Virtual Memory: 109.07 MB used, 109.07 MB peak
[2020.10.19-23.35.29:937][  0]LogMemory: Physical Memory: 6593.42 MB used,  5558.71 MB free, 12152.13 MB total
[2020.10.19-23.35.29:937][  0]LogMemory: Virtual Memory: 5148.60 MB used,  134212576.00 MB free, 134217728.00 MB total
[2020.10.19-23.35.29:946][  0]LogWindows: WindowsPlatformFeatures enabled
[2020.10.19-23.35.30:440][  0]LogInit: Physics initialised using underlying interface: PhysX
[2020.10.19-23.35.30:447][  0]LogInit: Using OS detected language (en-US).
[2020.10.19-23.35.30:447][  0]LogInit: Using OS detected locale (en-US).
[2020.10.19-23.35.30:468][  0]LogTextLocalizationManager: No specific localization for 'en-US' exists, so the 'en' localization will be used.
[2020.10.19-23.35.30:905][  0]LogInit: Setting process to per monitor DPI aware
[2020.10.19-23.35.31:029][  0]LogSlate: New Slate User Created.  User Index 0, Is Virtual User: 0
[2020.10.19-23.35.31:029][  0]LogSlate: Slate User Registered.  User Index 0, Is Virtual User: 0
[2020.10.19-23.35.35:797][  0]LogHMD: Failed to initialize OpenVR with code 110
[2020.10.19-23.35.35:797][  0]LogD3D11RHI: D3D11 min allowed feature level: 11_0
[2020.10.19-23.35.35:797][  0]LogD3D11RHI: D3D11 max allowed feature level: 11_0
[2020.10.19-23.35.35:797][  0]LogD3D11RHI: D3D11 adapters:
[2020.10.19-23.35.35:881][  0]LogD3D11RHI:    0. 'Intel(R) Iris(R) Plus Graphics 640' (Feature Level 11_0)
[2020.10.19-23.35.35:881][  0]LogD3D11RHI:       128/0/6076 MB DedicatedVideo/DedicatedSystem/SharedSystem, Outputs:1, VendorId:0x8086
[2020.10.19-23.35.35:904][  0]LogD3D11RHI:    1. 'Microsoft Basic Render Driver' (Feature Level 11_0)
[2020.10.19-23.35.35:904][  0]LogD3D11RHI:       0/0/6076 MB DedicatedVideo/DedicatedSystem/SharedSystem, Outputs:0, VendorId:0x1414
[2020.10.19-23.35.35:904][  0]LogD3D11RHI: Chosen D3D11 Adapter: 0
[2020.10.19-23.35.35:920][  0]LogD3D11RHI: Creating new Direct3DDevice
[2020.10.19-23.35.35:920][  0]LogD3D11RHI:     GPU DeviceId: 0x5926 (for the marketing name, search the web for "GPU Device Id")
[2020.10.19-23.35.35:920][  0]LogWindows: EnumDisplayDevices:
[2020.10.19-23.35.35:920][  0]LogWindows:    0. 'Intel(R) Iris(R) Plus Graphics 640' (P:1 D:1)
[2020.10.19-23.35.35:920][  0]LogWindows:    1. 'Intel(R) Iris(R) Plus Graphics 640' (P:0 D:0)
[2020.10.19-23.35.35:921][  0]LogWindows:    2. 'Intel(R) Iris(R) Plus Graphics 640' (P:0 D:0)
[2020.10.19-23.35.35:921][  0]LogWindows: DebugString: FoundDriverCount:3 
[2020.10.19-23.35.35:921][  0]LogD3D11RHI:     Adapter Name: Intel(R) Iris(R) Plus Graphics 640
[2020.10.19-23.35.35:921][  0]LogD3D11RHI:   Driver Version: 24.20.100.6290 (internal:24.20.100.6290, unified:24.20.100.6290)
[2020.10.19-23.35.35:921][  0]LogD3D11RHI:      Driver Date: 8-27-2018
[2020.10.19-23.35.35:922][  0]LogRHI: Texture pool is 1523 MB (70% of 2176 MB)
[2020.10.19-23.35.36:002][  0]LogD3D11RHI: RHI does not have support for 64 bit atomics
[2020.10.19-23.35.36:002][  0]LogD3D11RHI: Async texture creation enabled
[2020.10.19-23.35.36:002][  0]LogD3D11RHI: Array index from any shader is supported
[2020.10.19-23.35.36:027][  0]LogD3D11RHI: GPU Timing Frequency: 12.000048 (Debug: 2 0)
[2020.10.19-23.35.36:499][  0]LogTargetPlatformManager: Display: Loaded TargetPlatform 'AllDesktop'
[2020.10.19-23.35.36:536][  0]LogTargetPlatformManager: Display: Loaded TargetPlatform 'Android'
[2020.10.19-23.35.36:536][  0]LogTargetPlatformManager: Display: Loaded TargetPlatform 'Android_ASTC'
[2020.10.19-23.35.36:536][  0]LogTargetPlatformManager: Display: Loaded TargetPlatform 'Android_DXT'
[2020.10.19-23.35.36:536][  0]LogTargetPlatformManager: Display: Loaded TargetPlatform 'Android_ETC2'
[2020.10.19-23.35.36:536][  0]LogTargetPlatformManager: Display: Loaded TargetPlatform 'AndroidClient'
[2020.10.19-23.35.36:536][  0]LogTargetPlatformManager: Display: Loaded TargetPlatform 'Android_ASTCClient'
[2020.10.19-23.35.36:536][  0]LogTargetPlatformManager: Display: Loaded TargetPlatform 'Android_DXTClient'
[2020.10.19-23.35.36:536][  0]LogTargetPlatformManager: Display: Loaded TargetPlatform 'Android_ETC2Client'
[2020.10.19-23.35.36:536][  0]LogTargetPlatformManager: Display: Loaded TargetPlatform 'Android_Multi'
[2020.10.19-23.35.36:536][  0]LogTargetPlatformManager: Display: Loaded TargetPlatform 'Android_MultiClient'
[2020.10.19-23.35.36:598][  0]LogTargetPlatformManager: Display: Loaded TargetPlatform 'IOSClient'
[2020.10.19-23.35.36:598][  0]LogTargetPlatformManager: Display: Loaded TargetPlatform 'IOS'
[2020.10.19-23.35.36:631][  0]LogTargetPlatformManager: Display: Loaded TargetPlatform 'Linux'
[2020.10.19-23.35.36:646][  0]LogTargetPlatformManager: Display: Loaded TargetPlatform 'LinuxNoEditor'
[2020.10.19-23.35.36:659][  0]LogTargetPlatformManager: Display: Loaded TargetPlatform 'LinuxClient'
[2020.10.19-23.35.36:672][  0]LogTargetPlatformManager: Display: Loaded TargetPlatform 'LinuxServer'
[2020.10.19-23.35.36:685][  0]LogTargetPlatformManager: Display: Loaded TargetPlatform 'LinuxAArch64NoEditor'
[2020.10.19-23.35.36:701][  0]LogTargetPlatformManager: Display: Loaded TargetPlatform 'LinuxAArch64Client'
[2020.10.19-23.35.36:712][  0]LogTargetPlatformManager: Display: Loaded TargetPlatform 'LinuxAArch64Server'
[2020.10.19-23.35.36:753][  0]LogTargetPlatformManager: Display: Loaded TargetPlatform 'Lumin'
[2020.10.19-23.35.36:754][  0]LogTargetPlatformManager: Display: Loaded TargetPlatform 'LuminClient'
[2020.10.19-23.35.36:771][  0]LogTargetPlatformManager: Display: Loaded TargetPlatform 'TVOSClient'
[2020.10.19-23.35.36:771][  0]LogTargetPlatformManager: Display: Loaded TargetPlatform 'TVOS'
[2020.10.19-23.35.36:784][  0]LogTargetPlatformManager: Display: Loaded TargetPlatform 'WindowsNoEditor'
[2020.10.19-23.35.36:796][  0]LogTargetPlatformManager: Display: Loaded TargetPlatform 'Windows'
[2020.10.19-23.35.36:811][  0]LogTargetPlatformManager: Display: Loaded TargetPlatform 'WindowsClient'
[2020.10.19-23.35.36:826][  0]LogTargetPlatformManager: Display: Loaded TargetPlatform 'WindowsServer'
[2020.10.19-23.35.36:826][  0]LogTargetPlatformManager: Display: Building Assets For Windows
[2020.10.19-23.35.36:882][  0]LogAudioDebug: Display: Lib vorbis DLL was dynamically loaded.
[2020.10.19-23.35.37:077][  0]LogShaderCompilers: Guid format shader working directory is -32 characters bigger than the processId version (../../../../../../Users/DSU/Documents/GitHub/Real Sign Guy/Unreal/StageFight/Intermediate/Shaders/WorkingDirectory/6880/).
[2020.10.19-23.35.37:077][  0]LogShaderCompilers: Cleaned the shader compiler working directory 'C:/Users/DSU/AppData/Local/Temp/UnrealShaderWorkingDir/FAB96A314AEAB9C8A1893B91412636A8/'.
[2020.10.19-23.35.37:080][  0]LogXGEController: Cleaning working directory: C:/Users/DSU/AppData/Local/Temp/UnrealXGEWorkingDir/
[2020.10.19-23.35.37:080][  0]LogXGEController: Cannot use XGE Controller as Incredibuild is not installed on this machine.
[2020.10.19-23.35.37:080][  0]LogShaderCompilers: Cannot use XGE Shader Compiler as Incredibuild is not installed on this machine.
[2020.10.19-23.35.37:080][  0]LogShaderCompilers: Display: Using Local Shader Compiler.
[2020.10.19-23.35.42:620][  0]LogDerivedDataCache: Display: Max Cache Size: 512 MB
[2020.10.19-23.35.43:208][  0]LogDerivedDataCache: Loaded boot cache 0.58s 75MB C:/Users/DSU/AppData/Local/UnrealEngine/4.25/DerivedDataCache/Boot.ddc.
[2020.10.19-23.35.43:208][  0]LogDerivedDataCache: Display: Loaded Boot cache: C:/Users/DSU/AppData/Local/UnrealEngine/4.25/DerivedDataCache/Boot.ddc
[2020.10.19-23.35.43:208][  0]LogDerivedDataCache: FDerivedDataBackendGraph:  Pak pak cache file ../../../../../../Users/DSU/Documents/GitHub/Real Sign Guy/Unreal/StageFight/DerivedDataCache/DDC.ddp not found, will not use a pak cache.
[2020.10.19-23.35.43:208][  0]LogDerivedDataCache: Unable to find inner node Pak for hierarchical cache Hierarchy.
[2020.10.19-23.35.43:208][  0]LogDerivedDataCache: FDerivedDataBackendGraph:  CompressedPak pak cache file ../../../../../../Users/DSU/Documents/GitHub/Real Sign Guy/Unreal/StageFight/DerivedDataCache/Compressed.ddp not found, will not use a pak cache.
[2020.10.19-23.35.43:208][  0]LogDerivedDataCache: Unable to find inner node CompressedPak for hierarchical cache Hierarchy.
[2020.10.19-23.35.43:249][  0]LogDerivedDataCache: Display: Pak cache opened for reading ../../../Engine/DerivedDataCache/Compressed.ddp.
[2020.10.19-23.35.43:249][  0]LogDerivedDataCache: FDerivedDataBackendGraph:  EnterprisePak pak cache file ../../../Enterprise/DerivedDataCache/Compressed.ddp not found, will not use a pak cache.
[2020.10.19-23.35.43:249][  0]LogDerivedDataCache: Unable to find inner node EnterprisePak for hierarchical cache Hierarchy.
[2020.10.19-23.35.43:251][  0]LogDerivedDataCache: Using Local data cache path C:/Users/DSU/AppData/Local/UnrealEngine/Common/DerivedDataCache: Writable
[2020.10.19-23.35.43:251][  0]LogDerivedDataCache: Shared data cache path not found in *engine.ini, will not use an Shared cache.
[2020.10.19-23.35.43:251][  0]LogDerivedDataCache: Unable to find inner node Shared for hierarchical cache Hierarchy.
[2020.10.19-23.35.43:424][  0]LogSlate: Using FreeType 2.10.0
[2020.10.19-23.35.43:462][  0]LogSlate: SlateFontServices - WITH_FREETYPE: 1, WITH_HARFBUZZ: 1
[2020.10.19-23.35.43:569][  0]LogAssetRegistry: FAssetRegistry took 0.0069 seconds to start up
[2020.10.19-23.35.44:177][  0]LogInit: Selected Device Profile: [Windows]
[2020.10.19-23.35.44:651][  0]LogMeshReduction: Using QuadricMeshReduction for automatic static mesh reduction
[2020.10.19-23.35.44:651][  0]LogMeshReduction: Using SimplygonMeshReduction for automatic skeletal mesh reduction
[2020.10.19-23.35.44:651][  0]LogMeshReduction: Using ProxyLODMeshReduction for automatic mesh merging
[2020.10.19-23.35.44:651][  0]LogMeshReduction: No distributed automatic mesh merging module available
[2020.10.19-23.35.44:652][  0]LogMeshMerging: No distributed automatic mesh merging module available
[2020.10.19-23.35.44:798][  0]LogNetVersion: StageFight 1.0.0, NetCL: 13144385, EngineNetVer: 14, GameNetVer: 0 (Checksum: 1375937656)
[2020.10.19-23.35.48:413][  0]LogAISub: UAISubsystem::UAISubsystem AISubsystem (0000012F421E6980), frame # 0
[2020.10.19-23.35.48:414][  0]LogAISub: UAISubsystem::UAISubsystem AIPerceptionSystem (0000012F430A0F40), frame # 0
[2020.10.19-23.35.48:423][  0]LogAISub: UAISubsystem::UAISubsystem EnvQueryManager (0000012F421F2800), frame # 0
[2020.10.19-23.35.48:647][  0]LogPackageLocalizationCache: Processed 19 localized package path(s) for 1 prioritized culture(s) in 0.152939 seconds
[2020.10.19-23.35.48:659][  0]LogUObjectArray: 15917 objects as part of root set at end of initial load.
[2020.10.19-23.35.48:659][  0]LogUObjectAllocator: 3965568 out of 0 bytes used by permanent object pool.
[2020.10.19-23.35.48:659][  0]LogUObjectArray: CloseDisregardForGC: 0/0 objects in disregard for GC pool
[2020.10.19-23.35.51:069][  0]LogTcpMessaging: Initializing TcpMessaging bridge
[2020.10.19-23.35.51:084][  0]LogUdpMessaging: Initializing bridge on interface 0.0.0.0:0 to multicast group 230.0.0.1:6666.
[2020.10.19-23.35.51:410][  0]SourceControl: Source control is disabled
[2020.10.19-23.35.51:411][  0]SourceControl: Source control is disabled
[2020.10.19-23.35.51:433][  0]SourceControl: Source control is disabled
[2020.10.19-23.35.51:452][  0]SourceControl: Source control is disabled
[2020.10.19-23.35.51:502][  0]SourceControl: Source control is disabled
[2020.10.19-23.35.52:770][  0]LogAndroidPermission: UAndroidPermissionCallbackProxy::GetInstance
[2020.10.19-23.35.52:849][  0]LogAudioCaptureCore: Display: No Audio Capture implementations found. Audio input will be silent.
[2020.10.19-23.35.52:849][  0]LogAudioCaptureCore: Display: No Audio Capture implementations found. Audio input will be silent.
[2020.10.19-23.35.53:154][  0]LogOcInput: OculusInput pre-init called
[2020.10.19-23.35.53:203][  0]LogWindows: Failed to load 'OVRPlugin.dll' (GetLastError=126)
[2020.10.19-23.35.53:203][  0]LogWindows: File 'OVRPlugin.dll' does not exist
[2020.10.19-23.35.53:593][  0]LogEngine: Initializing Engine...
[2020.10.19-23.35.53:598][  0]LogHMD: Failed to initialize OpenVR with code 110
[2020.10.19-23.35.53:598][  0]LogMagicLeap: Warning: VR disabled because ZI is not enabled.  To enable, in the editor, Edit -> Project Settings -> Plugins -> Magic Leap Plugin -> Enable Zero Iteration
[2020.10.19-23.35.53:604][  0]LogStats: UGameplayTagsManager::InitializeManager -  0.002 s
[2020.10.19-23.35.54:484][  0]LogInit: Initializing FReadOnlyCVARCache
[2020.10.19-23.35.54:529][  0]LogAIModule: Creating AISystem for world Untitled
[2020.10.19-23.35.54:529][  0]LogAISub: UAISubsystem::UAISubsystem EnvQueryManager (0000012F45EF5C00), frame # 0
[2020.10.19-23.35.54:529][  0]LogAISub: UAISubsystem::UAISubsystem AIPerceptionSystem (0000012F45F3D580), frame # 0
[2020.10.19-23.35.54:547][  0]LogAudioMixer: Display: Audio Mixer Platform Settings:
[2020.10.19-23.35.54:547][  0]LogAudioMixer: Display: 	Sample Rate:						  48000
[2020.10.19-23.35.54:547][  0]LogAudioMixer: Display: 	Callback Buffer Frame Size Requested: 1024
[2020.10.19-23.35.54:547][  0]LogAudioMixer: Display: 	Callback Buffer Frame Size To Use:	  1024
[2020.10.19-23.35.54:547][  0]LogAudioMixer: Display: 	Number of buffers to queue:			  2
[2020.10.19-23.35.54:547][  0]LogAudioMixer: Display: 	Max Channels (voices):				  32
[2020.10.19-23.35.54:547][  0]LogAudioMixer: Display: 	Number of Async Source Workers:		  0
[2020.10.19-23.35.54:548][  0]LogAudio: Display: AudioDevice MaxSources: 32
[2020.10.19-23.35.54:551][  0]LogAudio: Display: Using built-in audio occlusion.
[2020.10.19-23.35.54:551][  0]LogAudioMixer: Display: Initializing audio mixer.
[2020.10.19-23.35.54:582][  0]LogAudioMixer: Display: 0: FrontLeft
[2020.10.19-23.35.54:582][  0]LogAudioMixer: Display: 1: FrontRight
[2020.10.19-23.35.54:630][  0]LogAudioMixer: Display: Using Audio Device Speakers (Realtek High Definition Audio)
[2020.10.19-23.35.54:632][  0]LogAudioMixer: Display: Initializing Sound Submixes...
[2020.10.19-23.35.54:663][  0]LogAudioMixer: Display: Creating Master Submix 'MasterSubmixDefault'
[2020.10.19-23.35.54:663][  0]LogAudioMixer: Display: Creating Master Submix 'MasterReverbSubmixDefault'
[2020.10.19-23.35.54:665][  0]LogAudioMixer: Display: Creating Master Submix 'MasterEQSubmixDefault'
[2020.10.19-23.35.54:666][  0]LogInit: FAudioDevice initialized.
[2020.10.19-23.35.54:666][  0]LogNetVersion: Set ProjectVersion to 1.0.0.0. Version Checksum will be recalculated on next use.
[2020.10.19-23.35.54:826][  0]LogDerivedDataCache: Saved boot cache 0.16s 75MB C:/Users/DSU/AppData/Local/UnrealEngine/4.25/DerivedDataCache/Boot.ddc.
[2020.10.19-23.35.54:830][  0]LogInit: Texture streaming: Enabled
[2020.10.19-23.35.54:858][  0]LogEngineSessionManager: EngineSessionManager initialized
[2020.10.19-23.35.54:858][  0]LogEditorSessionSummary: Verbose: Initializing EditorSessionSummaryWriter for editor session tracking
[2020.10.19-23.35.54:860][  0]LogEditorSessionSummary: EditorSessionSummaryWriter initialized
[2020.10.19-23.35.54:951][  0]LogInit: Transaction tracking system initialized
[2020.10.19-23.35.55:016][  0]BlueprintLog: New page: Editor Load
[2020.10.19-23.35.55:281][  0]LocalizationService: Localization service is disabled
[2020.10.19-23.35.55:994][  0]LogCook: Display: Max memory allowance for cook 16384mb min free memory 0mb
[2020.10.19-23.35.55:994][  0]LogCook: Display: Mobile HDR setting 1
[2020.10.19-23.35.56:353][  0]LogFileCache: Scanning file cache for directory 'C:/Users/DSU/Documents/GitHub/Real Sign Guy/Unreal/StageFight/Content/' took 0.01s
[2020.10.19-23.35.56:819][  0]SourceControl: Source control is disabled
[2020.10.19-23.35.56:820][  0]LogUnrealEdMisc: Loading editor; pre map load, took 39.274
[2020.10.19-23.35.56:820][  0]Cmd: MAP LOAD FILE="../../../../../../Users/DSU/Documents/GitHub/Real Sign Guy/Unreal/StageFight/Content/SideScrollerBP/Maps/Main.umap" TEMPLATE=0 SHOWPROGRESS=1 FEATURELEVEL=3
[2020.10.19-23.35.56:832][  0]LightingResults: New page: Lighting Build
[2020.10.19-23.35.56:836][  0]LogWorld: UWorld::CleanupWorld for Untitled, bSessionEnded=true, bCleanupResources=true
[2020.10.19-23.35.56:836][  0]LogSlate: InvalidateAllWidgets triggered.  All widgets were invalidated
[2020.10.19-23.35.56:837][  0]MapCheck: New page: Map Check
[2020.10.19-23.35.56:837][  0]LightingResults: New page: Lighting Build
[2020.10.19-23.35.56:919][  0]LogAISub: UAISubsystem::~UAISubsystem EnvQueryManager (0000012F45EF5C00), frame # 0
[2020.10.19-23.35.56:919][  0]LogAISub: UAISubsystem::~UAISubsystem AIPerceptionSystem (0000012F45F3D580), frame # 0
[2020.10.19-23.35.56:920][  0]LogUObjectHash: Compacting FUObjectHashTables data took   0.99ms
[2020.10.19-23.35.57:913][  0]LogAIModule: Creating AISystem for world Main
[2020.10.19-23.35.57:914][  0]LogAISub: UAISubsystem::UAISubsystem EnvQueryManager (0000012F374F0E00), frame # 0
[2020.10.19-23.35.57:914][  0]LogAISub: UAISubsystem::UAISubsystem AIPerceptionSystem (0000012F375651C0), frame # 0
[2020.10.19-23.35.57:984][  0]LogEditorServer: Finished looking for orphan Actors (0.000 secs)
[2020.10.19-23.35.58:033][  0]LogUObjectHash: Compacting FUObjectHashTables data took   0.76ms
[2020.10.19-23.35.58:035][  0]Cmd: MAP CHECKDEP NOCLEARLOG
[2020.10.19-23.35.58:035][  0]MapCheck: Map check complete: 0 Error(s), 0 Warning(s), took 0.42ms to complete.
[2020.10.19-23.35.58:035][  0]LogFileHelpers: Loading map 'Main' took 1.215
[2020.10.19-23.35.58:058][  0]LogUnrealEdMisc: Total Editor Startup Time, took 40.513
[2020.10.19-23.35.58:334][  0]LogSlate: Updating window title bar state: overlay mode, drag disabled, window buttons hidden, title bar hidden
[2020.10.19-23.35.58:344][  0]LogSlate: Updating window title bar state: overlay mode, drag disabled, window buttons hidden, title bar hidden
[2020.10.19-23.35.58:353][  0]LogSlate: Updating window title bar state: overlay mode, drag disabled, window buttons hidden, title bar hidden
[2020.10.19-23.35.58:362][  0]LogSlate: Updating window title bar state: overlay mode, drag disabled, window buttons hidden, title bar hidden
[2020.10.19-23.35.58:392][  0]LogCollectionManager: Loaded 0 collections in 0.005308 seconds
[2020.10.19-23.35.58:440][  0]LogFileCache: Scanning file cache for directory 'C:/Users/DSU/Documents/GitHub/Real Sign Guy/Unreal/StageFight/Saved/Collections/' took 0.00s
[2020.10.19-23.35.58:440][  0]LogFileCache: Scanning file cache for directory 'C:/Users/DSU/Documents/GitHub/Real Sign Guy/Unreal/StageFight/Content/Developers/DSU/Collections/' took 0.00s
[2020.10.19-23.35.58:440][  0]LogFileCache: Scanning file cache for directory 'C:/Users/DSU/Documents/GitHub/Real Sign Guy/Unreal/StageFight/Content/Collections/' took 0.00s
[2020.10.19-23.35.58:440][  0]LogContentBrowser: Native class hierarchy populated in 0.0140 seconds. Added 3427 classes and 821 folders.
[2020.10.19-23.35.58:452][  0]LogContentBrowser: Native class hierarchy updated for 'WidgetCarousel' in 0.0003 seconds. Added 0 classes and 0 folders.
[2020.10.19-23.35.59:057][  0]LogContentBrowser: Native class hierarchy updated for 'AddContentDialog' in 0.0005 seconds. Added 0 classes and 0 folders.
[2020.10.19-23.35.59:067][  0]LogContentBrowser: Native class hierarchy updated for 'SceneOutliner' in 0.0006 seconds. Added 2 classes and 0 folders.
[2020.10.19-23.35.59:213][  0]LogSlate: Took 0.019442 seconds to synchronously load lazily loaded font '../../../Engine/Content/Slate/Fonts/Roboto-Regular.ttf' (155K)
[2020.10.19-23.35.59:234][  0]LogSlate: Took 0.015888 seconds to synchronously load lazily loaded font '../../../Engine/Content/Slate/Fonts/Roboto-Bold.ttf' (160K)
[2020.10.19-23.35.59:265][  0]LogSlate: Took 0.017659 seconds to synchronously load lazily loaded font '../../../Engine/Content/Editor/Slate/Fonts/FontAwesome.ttf' (139K)
[2020.10.19-23.35.59:664][  0]LogRenderer: Reallocating scene render targets to support 1000x440 Format 10 NumSamples 1 (Frame:1).
[2020.10.19-23.35.59:881][  0]LogContentBrowser: Native class hierarchy updated for 'HierarchicalLODOutliner' in 0.0005 seconds. Added 0 classes and 0 folders.
[2020.10.19-23.35.59:882][  0]LogLoad: (Engine Initialization) Total time: 42.34 seconds
[2020.10.19-23.35.59:882][  0]LogLoad: (Engine Initialization) Total Blueprint compile time: 0.00 seconds
[2020.10.19-23.35.59:968][  0]LogContentStreaming: Texture pool size now 1000 MB
[2020.10.19-23.36.00:023][  0]LogSlate: Took 0.011779 seconds to synchronously load lazily loaded font '../../../Engine/Content/Slate/Fonts/Roboto-Light.ttf' (167K)
[2020.10.19-23.36.00:038][  1]LogFileCache: Retrieving MD5 hashes for directory 'C:/Users/DSU/Documents/GitHub/Real Sign Guy/Unreal/StageFight/Content/' took 0.13s
[2020.10.19-23.36.00:057][  1]LogAssetRegistry: Asset discovery search completed in 16.4903 seconds
[2020.10.19-23.36.00:063][  1]LogCollectionManager: Fixed up redirectors for 0 collections in 0.000003 seconds (updated 0 objects)
[2020.10.19-23.36.09:937][568]LogUObjectHash: Compacting FUObjectHashTables data took   1.33ms
[2020.10.19-23.36.09:939][568]Cmd: MAP LOAD FILE="../../../../../../Users/DSU/Documents/GitHub/Real Sign Guy/Unreal/StageFight/Content/Maps/Stage2.umap" TEMPLATE=0 SHOWPROGRESS=1 FEATURELEVEL=3
[2020.10.19-23.36.09:944][568]LogSlate: Took 0.000240 seconds to synchronously load lazily loaded font '../../../Engine/Content/Slate/Fonts/Roboto-Light.ttf' (167K)
[2020.10.19-23.36.09:968][568]LightingResults: New page: Lighting Build
[2020.10.19-23.36.09:968][568]LoadErrors: New page: Loading map: Stage2.umap
[2020.10.19-23.36.09:972][568]LogWorld: UWorld::CleanupWorld for Main, bSessionEnded=true, bCleanupResources=true
[2020.10.19-23.36.09:972][568]LogSlate: InvalidateAllWidgets triggered.  All widgets were invalidated
[2020.10.19-23.36.09:972][568]MapCheck: New page: Map Check
[2020.10.19-23.36.09:972][568]LightingResults: New page: Lighting Build
[2020.10.19-23.36.09:991][568]LogAISub: UAISubsystem::~UAISubsystem EnvQueryManager (0000012F374F0E00), frame # 568
[2020.10.19-23.36.09:991][568]LogAISub: UAISubsystem::~UAISubsystem AIPerceptionSystem (0000012F375651C0), frame # 568
[2020.10.19-23.36.09:992][568]LogUObjectHash: Compacting FUObjectHashTables data took   1.04ms
[2020.10.19-23.36.10:067][568]LogAIModule: Creating AISystem for world Stage2
[2020.10.19-23.36.10:067][568]LogAISub: UAISubsystem::UAISubsystem EnvQueryManager (0000012F374F3200), frame # 568
[2020.10.19-23.36.10:067][568]LogAISub: UAISubsystem::UAISubsystem AIPerceptionSystem (0000012F40965940), frame # 568
[2020.10.19-23.36.10:075][568]LogEditorServer: Finished looking for orphan Actors (0.000 secs)
[2020.10.19-23.36.10:090][568]LogUObjectHash: Compacting FUObjectHashTables data took   0.55ms
[2020.10.19-23.36.10:146][568]Cmd: MAP CHECKDEP NOCLEARLOG
[2020.10.19-23.36.10:146][568]MapCheck: Map check complete: 0 Error(s), 0 Warning(s), took 0.138ms to complete.
[2020.10.19-23.36.10:146][568]LogFileHelpers: Loading map 'Stage2' took 0.207
[2020.10.19-23.36.10:148][568]LogSlate: Window 'Open Level' being destroyed
[2020.10.19-23.36.27:466][548]Cmd: EDIT COPY
[2020.10.19-23.36.28:039][582]Cmd: EDIT PASTE
[2020.10.19-23.36.36:091][974]LogEditorViewport: Clicking on Actor (LMB): StaticMeshActor (Floorer)
[2020.10.19-23.37.09:120][465]LogFactory: FactoryCreateFile: StaticMesh with FbxFactory (0 0 ../../../../../../Users/DSU/Desktop/Stage1 Assets/SimpleBucket.fbx)
[2020.10.19-23.37.09:160][465]LogFbx: Loading FBX Scene from ../../../../../../Users/DSU/Desktop/Stage1 Assets/SimpleBucket.fbx
[2020.10.19-23.37.09:174][465]LogFbx: FBX Scene Loaded Succesfully
[2020.10.19-23.37.10:541][465]LogSlate: Window 'FBX Import Options' being destroyed
[2020.10.19-23.37.10:823][465]LogMaterial: Display: Missing cached shader map for material PotMat, compiling. 
[2020.10.19-23.37.10:871][465]LogFbx: Display: Triangulating static mesh Cube
[2020.10.19-23.37.10:880][465]LogShaderCompilers: Display: Worker (1/3): shaders left to compile 15
[2020.10.19-23.37.10:880][465]LogShaderCompilers: Display: Worker (2/3): shaders left to compile 9
[2020.10.19-23.37.10:880][465]LogShaderCompilers: Display: Worker (3/3): shaders left to compile 3
[2020.10.19-23.37.10:882][465]LogStaticMesh: Building static mesh SimpleBucket...
[2020.10.19-23.37.10:885][465]LogStaticMesh: Built static mesh [0.00s] /Game/Geometry/Meshes/SimpleBucket.SimpleBucket
[2020.10.19-23.37.14:257][553]LogActorFactory: Actor Factory created SimpleBucket
[2020.10.19-23.37.17:016][669]LogActorFactory: Actor Factory created SimpleBucket
[2020.10.19-23.37.21:138][832]LogEditorViewport: Clicking on Actor (LMB): BP_Sky_Sphere_C (Sky Sphere)
[2020.10.19-23.37.22:910][898]LogEditorViewport: Clicking on Actor (LMB): StaticMeshActor (SimpleBucket)
[2020.10.19-23.37.41:253][397]LogEditorViewport: Clicking on Actor (LMB): BP_Sky_Sphere_C (Sky Sphere)
[2020.10.19-23.37.42:754][444]LogEditorViewport: Clicking on Actor (LMB): StaticMeshActor (SimpleBucket)
[2020.10.19-23.37.46:951][582]LogUObjectHash: Compacting FUObjectHashTables data took   1.70ms
[2020.10.19-23.37.50:225][582]LogSlate: Window 'Delete Assets' being destroyed
[2020.10.19-23.37.50:788][582]LogUObjectGlobals: Force Deleting 1 Package(s):
	Asset Name: /Game/Geometry/Meshes/PotMat.PotMat
[2020.10.19-23.37.52:560][582]LogUObjectHash: Compacting FUObjectHashTables data took   0.98ms
[2020.10.19-23.38.19:789][926]LogActorFactory: Actor Factory created Cube
[2020.10.19-23.38.24:115][125]LogActorFactory: Actor Factory created Cube
[2020.10.19-23.39.50:195][118]Cmd: TRANSACTION UNDO
[2020.10.19-23.39.50:196][118]LogEditorTransaction: Undo Move Actors
[2020.10.19-23.41.06:152][682]LogSlate: Window 'Save Asset As' being destroyed
[2020.10.19-23.41.15:531][986]LogMaterial: Display: Missing cached shader map for material Material_0, compiling. 
[2020.10.19-23.41.15:532][986]LogMaterial: Warning: /Engine/Transient.Material_0 (no disk path found): Failed to compile Material for platform PCD3D_SM5, Default Material will be used in game.
[2020.10.19-23.41.15:532][986]LogMaterial: Display: 	SceneTexture expressions cannot be used in opaque materials
[2020.10.19-23.41.51:461][372]LogAssetEditorSubsystem: Opening Asset editor for MaterialInstanceConstant /Game/Geometry/Meshes/SkyBackground.SkyBackground
[2020.10.19-23.42.22:739][911]LogSlate: Window 'SkyBackground' being destroyed
[2020.10.19-23.42.22:755][911]LogSlate: Window 'SkyBackground' being destroyed
[2020.10.19-23.42.22:784][911]LogUObjectHash: Compacting FUObjectHashTables data took   1.46ms
[2020.10.19-23.42.22:862][911]TextureStreamingBuild: Display: Compiling optional shaders took 0.000 seconds.
[2020.10.19-23.42.22:892][911]LogUObjectHash: Compacting FUObjectHashTables data took   0.38ms
[2020.10.19-23.42.22:967][911]LogWorld: UWorld::CleanupWorld for World_3, bSessionEnded=true, bCleanupResources=true
[2020.10.19-23.42.22:967][911]LogSlate: InvalidateAllWidgets triggered.  All widgets were invalidated
[2020.10.19-23.42.25:943][ 11]LogUObjectHash: Compacting FUObjectHashTables data took   1.05ms
[2020.10.19-23.42.27:696][ 11]LogSlate: Window 'Delete Assets' being destroyed
[2020.10.19-23.42.28:216][ 11]LogUObjectGlobals: Force Deleting 1 Package(s):
	Asset Name: /Game/Geometry/Meshes/SkyBackground.SkyBackground
[2020.10.19-23.42.28:385][ 11]LogUObjectHash: Compacting FUObjectHashTables data took   0.56ms
[2020.10.19-23.42.44:661][146]LogSlate: Window 'Save Asset As' being destroyed
[2020.10.19-23.42.47:866][258]LogAssetEditorSubsystem: Opening Asset editor for Material /Game/Geometry/Meshes/SkyBack.SkyBack
[2020.10.19-23.42.47:872][258]LogMaterial: Display: Missing cached shader map for material SkyBack, compiling. 
[2020.10.19-23.42.48:001][258]LogMaterial: Display: Missing cached shader map for material SkyBack, compiling. 
[2020.10.19-23.42.48:011][258]LogMaterial: Display: Missing cached shader map for material SkyBack, compiling. 
[2020.10.19-23.42.48:026][258]LogShaderCompilers: Display: Worker (1/3): shaders left to compile 9
[2020.10.19-23.42.48:026][258]LogShaderCompilers: Display: Worker (2/3): shaders left to compile 8
[2020.10.19-23.42.48:026][258]LogShaderCompilers: Display: Worker (3/3): shaders left to compile 7
[2020.10.19-23.42.48:226][258]LogSlate: Took 0.009389 seconds to synchronously load lazily loaded font '../../../Engine/Content/Slate/Fonts/Roboto-BoldCondensed.ttf' (158K)
[2020.10.19-23.42.51:370][370]LogShaderCompilers: Display: Worker (3/3): shaders left to compile 6
[2020.10.19-23.42.53:615][461]LogShaderCompilers: Display: Worker (2/3): shaders left to compile 5
[2020.10.19-23.42.56:979][594]LogShaderCompilers: Display: Worker (3/3): shaders left to compile 4
[2020.10.19-23.42.56:996][595]LogShaderCompilers: Display: Worker (1/3): shaders left to compile 3
[2020.10.19-23.42.58:048][652]LogShaderCompilers: Display: Worker (2/3): shaders left to compile 2
[2020.10.19-23.42.58:429][673]LogShaderCompilers: Display: Worker (3/3): shaders left to compile 1
[2020.10.19-23.43.04:602][ 32]MaterialEditorStats: Base pass shader: 117 instructions
[2020.10.19-23.43.04:602][ 32]MaterialEditorStats: Base pass shader with Volumetric Lightmap: 191 instructions
[2020.10.19-23.43.04:602][ 32]MaterialEditorStats: Base pass vertex shader: 40 instructions
[2020.10.19-23.43.04:602][ 32]MaterialEditorStats: Texture samplers: 2/16
[2020.10.19-23.43.04:637][ 32]LogSlate: Took 0.021846 seconds to synchronously load lazily loaded font '../../../Engine/Content/Slate/Fonts/DroidSansMono.ttf' (77K)
[2020.10.19-23.43.33:160][983]LogMaterial: Display: Missing cached shader map for material SkyBack, compiling. 
[2020.10.19-23.43.33:212][983]LogShaderCompilers: Display: Worker (1/3): shaders left to compile 9
[2020.10.19-23.43.33:212][983]LogShaderCompilers: Display: Worker (2/3): shaders left to compile 8
[2020.10.19-23.43.33:212][983]LogShaderCompilers: Display: Worker (3/3): shaders left to compile 7
[2020.10.19-23.43.33:309][984]LogMaterial: Display: Missing cached shader map for material Material_1, compiling. 
[2020.10.19-23.43.40:198][200]LogMaterial: Display: Missing cached shader map for material SkyBack, compiling. 
[2020.10.19-23.43.46:817][389]LogShaderCompilers: Display: Worker (2/3): shaders left to compile 13
[2020.10.19-23.43.46:842][390]LogShaderCompilers: Display: Worker (3/3): shaders left to compile 12
[2020.10.19-23.43.47:526][420]LogShaderCompilers: Display: Worker (1/3): shaders left to compile 11
[2020.10.19-23.43.48:531][465]LogMaterial: Display: Missing cached shader map for material SkyBack, compiling. 
[2020.10.19-23.43.50:915][543]LogShaderCompilers: Display: Worker (1/3): shaders left to compile 13
[2020.10.19-23.43.51:336][561]LogShaderCompilers: Display: Worker (3/3): shaders left to compile 12
[2020.10.19-23.43.51:469][568]LogShaderCompilers: Display: Worker (2/3): shaders left to compile 11
[2020.10.19-23.43.53:160][661]LogShaderCompilers: Display: Worker (2/3): shaders left to compile 10
[2020.10.19-23.43.53:552][683]LogShaderCompilers: Display: Worker (3/3): shaders left to compile 9
[2020.10.19-23.43.53:622][687]LogShaderCompilers: Display: Worker (1/3): shaders left to compile 8
[2020.10.19-23.43.55:019][759]LogShaderCompilers: Display: Worker (1/3): shaders left to compile 7
[2020.10.19-23.43.55:499][784]LogShaderCompilers: Display: Worker (2/3): shaders left to compile 6
[2020.10.19-23.43.58:242][861]LogShaderCompilers: Display: Worker (3/3): shaders left to compile 5
[2020.10.19-23.44.09:609][181]LogShaderCompilers: Display: Worker (1/3): shaders left to compile 4
[2020.10.19-23.44.09:748][188]LogShaderCompilers: Display: Worker (3/3): shaders left to compile 2
[2020.10.19-23.44.10:084][203]LogShaderCompilers: Display: Worker (2/3): shaders left to compile 1
[2020.10.19-23.44.10:309][211]MaterialEditorStats: Base pass shader: 117 instructions
[2020.10.19-23.44.10:309][211]MaterialEditorStats: Base pass shader with Volumetric Lightmap: 191 instructions
[2020.10.19-23.44.10:309][211]MaterialEditorStats: Base pass vertex shader: 40 instructions
[2020.10.19-23.44.10:309][211]MaterialEditorStats: Texture samplers: 2/16
[2020.10.19-23.44.31:825][735]LogSlate: Window 'Message' being destroyed
[2020.10.19-23.44.31:833][735]Message dialog closed, result: No, title: Message, text: Would you like to apply the changes of the modified material to the original material?
/Game/Geometry/Meshes/SkyBack.SkyBack
(Selecting 'No' will cause all changes to be lost!)
[2020.10.19-23.44.31:835][735]LogSlate: Window 'SkyBack' being destroyed
[2020.10.19-23.44.31:838][735]LogSlate: Window 'SkyBack' being destroyed
[2020.10.19-23.44.31:883][735]LogWorld: UWorld::CleanupWorld for World_4, bSessionEnded=true, bCleanupResources=true
[2020.10.19-23.44.31:883][735]LogSlate: InvalidateAllWidgets triggered.  All widgets were invalidated
[2020.10.19-23.44.34:899][868]LogUObjectHash: Compacting FUObjectHashTables data took   1.03ms
[2020.10.19-23.44.38:363][868]LogSlate: Window 'Delete Assets' being destroyed
[2020.10.19-23.44.38:831][868]LogUObjectGlobals: Force Deleting 1 Package(s):
	Asset Name: /Game/Geometry/Meshes/SkyBack.SkyBack
[2020.10.19-23.44.38:984][868]LogUObjectHash: Compacting FUObjectHashTables data took   0.93ms
[2020.10.19-23.46.10:343][250]LogUObjectHash: Compacting FUObjectHashTables data took   1.44ms
[2020.10.19-23.46.10:437][250]LogSavePackage: Moving '../../../../../../Users/DSU/Documents/GitHub/Real Sign Guy/Unreal/StageFight/Saved/Stage2_Auto1F4A12EA2436B3511350AF19C31287D83.tmp' to '../../../../../../Users/DSU/Documents/GitHub/Real Sign Guy/Unreal/StageFight/Saved/Autosaves/Game/Maps/Stage2_Auto1.umap'
[2020.10.19-23.46.10:446][250]LogFileHelpers: Editor autosave (incl. sublevels) for '/Game/Maps/Stage2' took 0.117
[2020.10.19-23.46.10:446][250]LogFileHelpers: Editor autosave (incl. sublevels) for all levels took 0.117
[2020.10.19-23.46.10:447][250]OBJ SavePackage: Generating thumbnails for [1] asset(s) in package [/Game/Geometry/Meshes/SimpleBucket] ([1] browsable assets)...
[2020.10.19-23.46.10:482][250]OBJ SavePackage:     Rendered thumbnail for [StaticMesh /Game/Geometry/Meshes/SimpleBucket.SimpleBucket]
[2020.10.19-23.46.10:482][250]OBJ SavePackage: Finished generating thumbnails for package [/Game/Geometry/Meshes/SimpleBucket]
[2020.10.19-23.46.10:501][250]LogSavePackage: Moving '../../../../../../Users/DSU/Documents/GitHub/Real Sign Guy/Unreal/StageFight/Saved/SimpleBucket_Auto104F9DEFC407CF2700C2A50A471C209DB.tmp' to '../../../../../../Users/DSU/Documents/GitHub/Real Sign Guy/Unreal/StageFight/Saved/Autosaves/Game/Geometry/Meshes/SimpleBucket_Auto1.uasset'
[2020.10.19-23.46.10:502][250]LogFileHelpers: Auto-saving content packages took 0.056
[2020.10.19-23.49.33:370][101]LogFactory: FactoryCreateFile: Texture with ReimportTextureFactory (0 0 C:\Users\DSU\Pictures\SkyBack.png)
[2020.10.19-23.49.33:713][101]LogTexture: Display: Building textures: SkyBack (AutoDXT, 3600X3600)
[2020.10.19-23.49.51:638][296]LogMaterial: Display: Missing cached shader map for material SkyBack_Mat, compiling. 
[2020.10.19-23.49.51:656][296]LogShaderCompilers: Display: Worker (1/3): shaders left to compile 15
[2020.10.19-23.49.51:656][296]LogShaderCompilers: Display: Worker (2/3): shaders left to compile 9
[2020.10.19-23.49.51:656][296]LogShaderCompilers: Display: Worker (3/3): shaders left to compile 3
[2020.10.19-23.52.06:419][968]LogEditorViewport: Clicking on Actor (LMB): StaticMeshActor (Cube33)
[2020.10.19-23.52.13:872][352]Cmd: EDIT COPY
[2020.10.19-23.52.14:956][409]Cmd: EDIT PASTE
[2020.10.19-23.53.02:793][828]LogEditorViewport: Clicking on Actor (LMB): StaticMeshActor (Cylinder)
[2020.10.19-23.53.04:610][916]Cmd: EDIT COPY
[2020.10.19-23.53.06:774][ 26]Cmd: EDIT PASTE
[2020.10.19-23.53.16:697][507]LogEditorViewport: Clicking on Actor (LMB): BP_Sky_Sphere_C (Sky Sphere)
[2020.10.19-23.53.18:126][574]LogEditorViewport: Clicking on Actor (LMB): BP_Sky_Sphere_C (Sky Sphere)
[2020.10.19-23.53.19:168][622]LogEditorViewport: Clicking on Actor (LMB): StaticMeshActor (Cube34)
[2020.10.19-23.53.20:134][662]Cmd: EDIT COPY
[2020.10.19-23.53.20:511][681]Cmd: EDIT PASTE
[2020.10.19-23.53.31:541][210]LogEditorViewport: Clicking on Actor (LMB): BP_Sky_Sphere_C (Sky Sphere2)
[2020.10.19-23.53.49:599][ 90]LogEditorViewport: Clicking on Actor (LMB): StaticMeshActor (Cube33)
[2020.10.19-23.53.50:879][150]Cmd: EDIT COPY
[2020.10.19-23.53.52:208][219]Cmd: EDIT COPY
[2020.10.19-23.53.52:550][235]Cmd: EDIT PASTE
[2020.10.19-23.54.40:219][636]LogEditorViewport: Clicking on Actor (context menu): StaticMeshActor (Cube36)
[2020.10.19-23.54.41:464][693]LogEditorViewport: Clicking on Actor (LMB): BP_Sky_Sphere_C (Sky Sphere)
[2020.10.19-23.54.41:494][693]LogEditorViewport: Clicking on Component (LMB): StaticMeshComponent (SkySphereMesh)
[2020.10.19-23.56.10:856][170]LogUObjectHash: Compacting FUObjectHashTables data took   2.40ms
[2020.10.19-23.56.11:029][170]LogSavePackage: Moving '../../../../../../Users/DSU/Documents/GitHub/Real Sign Guy/Unreal/StageFight/Saved/Stage2_Auto2E8E8B2E24DC82C2D5FFDC4BB17460CAA.tmp' to '../../../../../../Users/DSU/Documents/GitHub/Real Sign Guy/Unreal/StageFight/Saved/Autosaves/Game/Maps/Stage2_Auto2.umap'
[2020.10.19-23.56.11:033][170]LogFileHelpers: Editor autosave (incl. sublevels) for '/Game/Maps/Stage2' took 0.198
[2020.10.19-23.56.11:033][170]LogFileHelpers: Editor autosave (incl. sublevels) for all levels took 0.198
[2020.10.19-23.56.11:034][170]OBJ SavePackage: Generating thumbnails for [1] asset(s) in package [/Game/Geometry/Meshes/SkyBack] ([1] browsable assets)...
[2020.10.19-23.56.11:050][170]OBJ SavePackage:     Rendered thumbnail for [Texture2D /Game/Geometry/Meshes/SkyBack.SkyBack]
[2020.10.19-23.56.11:050][170]OBJ SavePackage: Finished generating thumbnails for package [/Game/Geometry/Meshes/SkyBack]
[2020.10.19-23.56.11:707][170]LogSavePackage: Moving '../../../../../../Users/DSU/Documents/GitHub/Real Sign Guy/Unreal/StageFight/Saved/SkyBack_Auto27B19A94A49CE50D8FB74F39DBB6381EB.tmp' to '../../../../../../Users/DSU/Documents/GitHub/Real Sign Guy/Unreal/StageFight/Saved/Autosaves/Game/Geometry/Meshes/SkyBack_Auto2.uasset'
[2020.10.19-23.56.11:708][170]OBJ SavePackage: Generating thumbnails for [1] asset(s) in package [/Game/Geometry/Meshes/SkyBack_Mat] ([1] browsable assets)...
[2020.10.19-23.56.11:741][170]OBJ SavePackage:     Rendered thumbnail for [Material /Game/Geometry/Meshes/SkyBack_Mat.SkyBack_Mat]
[2020.10.19-23.56.11:741][170]OBJ SavePackage: Finished generating thumbnails for package [/Game/Geometry/Meshes/SkyBack_Mat]
[2020.10.19-23.56.11:761][170]LogSavePackage: Moving '../../../../../../Users/DSU/Documents/GitHub/Real Sign Guy/Unreal/StageFight/Saved/SkyBack_Mat_Auto2B91D9B034D6B36A18AE4A7B9410C6D43.tmp' to '../../../../../../Users/DSU/Documents/GitHub/Real Sign Guy/Unreal/StageFight/Saved/Autosaves/Game/Geometry/Meshes/SkyBack_Mat_Auto2.uasset'
[2020.10.19-23.56.11:762][170]LogFileHelpers: Auto-saving content packages took 0.729
[2020.10.20-00.04.58:388][700]LogFactory: FactoryCreateFile: Texture with ReimportTextureFactory (0 0 C:\Users\DSU\Pictures\WoodFloor.png)
[2020.10.20-00.04.58:652][700]LogTexture: Display: Building textures: WoodFloor (AutoDXT, 3600X3600)
[2020.10.20-00.06.02:320][344]LogUObjectHash: Compacting FUObjectHashTables data took   0.77ms
[2020.10.20-00.06.03:966][344]LogSlate: Window 'Delete Assets' being destroyed
[2020.10.20-00.06.04:054][344]LogUObjectHash: Compacting FUObjectHashTables data took   0.86ms
[2020.10.20-00.06.30:598][959]LogFactory: FactoryCreateFile: Texture with ReimportTextureFactory (0 0 C:\Users\DSU\Pictures\Grass.png)
[2020.10.20-00.06.31:047][959]LogTexture: Display: Building textures: Grass (AutoDXT, 3600X3600)
[2020.10.20-00.06.54:509][960]LogUObjectHash: Compacting FUObjectHashTables data took   0.61ms
[2020.10.20-00.06.54:516][960]LogFileHelpers: Editor autosave (incl. sublevels) for '/Game/Maps/Stage2' took 0.016
[2020.10.20-00.06.54:516][960]OBJ SavePackage: Generating thumbnails for [1] asset(s) in package [/Game/Geometry/Meshes/Grass] ([1] browsable assets)...
[2020.10.20-00.06.54:523][960]OBJ SavePackage:     Rendered thumbnail for [Texture2D /Game/Geometry/Meshes/Grass.Grass]
[2020.10.20-00.06.54:523][960]OBJ SavePackage: Finished generating thumbnails for package [/Game/Geometry/Meshes/Grass]
[2020.10.20-00.06.55:157][960]LogSavePackage: Moving '../../../../../../Users/DSU/Documents/GitHub/Real Sign Guy/Unreal/StageFight/Saved/Grass_Auto3CA72FDE14B1483E5B3EB8290A80052DE.tmp' to '../../../../../../Users/DSU/Documents/GitHub/Real Sign Guy/Unreal/StageFight/Saved/Autosaves/Game/Geometry/Meshes/Grass_Auto3.uasset'
[2020.10.20-00.06.55:158][960]LogFileHelpers: Auto-saving content packages took 0.643
[2020.10.20-00.06.58:060][128]LogMaterial: Display: Missing cached shader map for material Grass_Mat, compiling. 
[2020.10.20-00.06.58:078][128]LogShaderCompilers: Display: Worker (1/3): shaders left to compile 15
[2020.10.20-00.06.58:078][128]LogShaderCompilers: Display: Worker (2/3): shaders left to compile 9
[2020.10.20-00.06.58:078][128]LogShaderCompilers: Display: Worker (3/3): shaders left to compile 3
[2020.10.20-00.08.28:954][144]LogSlate: Took 0.032016 seconds to synchronously load lazily loaded font '../../../Engine/Content/Slate/Fonts/Roboto-Italic.ttf' (157K)
[2020.10.20-00.08.40:090][206]LogFactory: FactoryCreateFile: Texture with ReimportTextureFactory (0 0 C:\Users\DSU\Pictures\WoodFloorV2.png)
[2020.10.20-00.08.40:375][206]LogTexture: Display: Building textures: WoodFloorV2 (AutoDXT, 3600X3600)
[2020.10.20-00.08.46:707][488]LogMaterial: Display: Missing cached shader map for material WoodFloorV2_Mat, compiling. 
[2020.10.20-00.08.46:724][488]LogShaderCompilers: Display: Worker (1/3): shaders left to compile 15
[2020.10.20-00.08.46:724][488]LogShaderCompilers: Display: Worker (2/3): shaders left to compile 9
[2020.10.20-00.08.46:724][488]LogShaderCompilers: Display: Worker (3/3): shaders left to compile 3
[2020.10.20-00.08.46:730][488]LogMaterial: Display: Material /Game/Geometry/Meshes/WoodFloorV2_Mat.WoodFloorV2_Mat needed to have new flag set bUsedWithStaticLighting !
[2020.10.20-00.08.46:731][488]LogMaterial: Display: Missing cached shader map for material WoodFloorV2_Mat, compiling. 
[2020.10.20-00.08.49:284][621]LogShaderCompilers: Display: Worker (3/3): shaders left to compile 24
[2020.10.20-00.09.14:058][687]LogShaderCompilers: Display: Worker (1/3): shaders left to compile 15
[2020.10.20-00.09.15:975][736]LogShaderCompilers: Display: Worker (2/3): shaders left to compile 9
[2020.10.20-00.09.40:288][251]LogShaderCompilers: Display: Worker (2/3): shaders left to compile 5
[2020.10.20-00.09.46:276][361]LogShaderCompilers: Display: Worker (3/3): shaders left to compile 3
[2020.10.20-00.09.47:202][378]LogShaderCompilers: Display: Worker (2/3): shaders left to compile 1
[2020.10.20-00.13.09:893][671]LogEditorViewport: Clicking on Actor (LMB): StaticMeshActor (Cube33)
[2020.10.20-00.14.44:329][900]LogFactory: FactoryCreateFile: Texture with ReimportTextureFactory (0 0 C:\Users\DSU\Pictures\DarkWood.png)
[2020.10.20-00.14.44:607][900]LogTexture: Display: Building textures: DarkWood (AutoDXT, 3600X3600)
[2020.10.20-00.14.54:524][163]LogMaterial: Display: Missing cached shader map for material DarkWood_Mat, compiling. 
[2020.10.20-00.14.54:539][163]LogShaderCompilers: Display: Worker (1/3): shaders left to compile 15
[2020.10.20-00.14.54:539][163]LogShaderCompilers: Display: Worker (2/3): shaders left to compile 9
[2020.10.20-00.14.54:539][163]LogShaderCompilers: Display: Worker (3/3): shaders left to compile 3
[2020.10.20-00.14.54:547][163]LogMaterial: Display: Material /Game/Geometry/Meshes/DarkWood_Mat.DarkWood_Mat needed to have new flag set bUsedWithStaticLighting !
[2020.10.20-00.14.54:549][163]LogMaterial: Display: Missing cached shader map for material DarkWood_Mat, compiling. 
[2020.10.20-00.14.58:284][409]LogShaderCompilers: Display: Worker (3/3): shaders left to compile 24
[2020.10.20-00.15.04:924][709]LogShaderCompilers: Display: Worker (2/3): shaders left to compile 15
[2020.10.20-00.15.04:936][709]LogShaderCompilers: Display: Worker (1/3): shaders left to compile 9
[2020.10.20-00.15.07:558][710]LogD3D11RHI: Error: Result failed 
 at D:/Build/++UE4+Licensee/Sync/Engine/Source/Runtime/Windows/D3D11RHI/Private/D3D11Query.cpp:348 
 with error DXGI_ERROR_DEVICE_REMOVED DXGI_ERROR_DEVICE_HUNG
[2020.10.20-00.15.07:558][710]LogD3D11RHI: [Aftermath] GDynamicRHI=0000012F256300C0, GDX11NVAfterMathEnabled=0, Result=0xFFFFFFFF, bDeviceActive=0
[2020.10.20-00.15.07:578][710]LogWindows: Windows GetLastError: The operation completed successfully. (0)
[2020.10.20-00.15.11:995][710]LogShaderCompilers: Display: Worker (2/3): shaders left to compile 5
[2020.10.20-00.15.11:995][710]LogShaderCompilers: Display: Worker (3/3): shaders left to compile 3
[2020.10.20-00.15.11:995][710]LogShaderCompilers: Display: Worker (1/3): shaders left to compile 1
[2020.10.20-00.15.11:995][710]LogWindows: FPlatformMisc::RequestExit(0)
[2020.10.20-00.15.11:995][710]LogCore: Engine exit requested (reason: Win RequestExit)
[2020.10.20-00.15.11:995][710]LogWindows: FPlatformMisc::RequestExit(1)
[2020.10.20-00.15.11:995][710]LogCore: Engine exit requested (reason: Win RequestExit; note: exit was already requested)
[2020.10.20-00.15.11:998][710]Log file closed, 10/19/20 19:15:11
