Log file open, 11/02/20 21:20:14
LogInit: Display: Running engine for game: StageFight
LogPlatformFile: Not using cached read wrapper
LogTaskGraph: Started task graph with 5 named threads and 11 total threads with 3 sets of task threads.
LogStats: Stats thread started at 0.197518
LogD3D11RHI: Loaded GFSDK_Aftermath_Lib.x64.dll
LogICUInternationalization: ICU TimeZone Detection - Raw Offset: -6:00, Platform Override: ''
LogPluginManager: Mounting plugin Paper2D
LogPluginManager: Mounting plugin AISupport
LogPluginManager: Mounting plugin LightPropagationVolume
LogPluginManager: Mounting plugin CameraShakePreviewer
LogPluginManager: Mounting plugin ActorLayerUtilities
LogPluginManager: Mounting plugin AnimationSharing
LogPluginManager: Mounting plugin CLionSourceCodeAccess
LogPluginManager: Mounting plugin CodeLiteSourceCodeAccess
LogPluginManager: Mounting plugin GitSourceControl
LogPluginManager: Mounting plugin KDevelopSourceCodeAccess
LogPluginManager: Mounting plugin NullSourceCodeAccess
LogPluginManager: Mounting plugin PerforceSourceControl
LogPluginManager: Mounting plugin PlasticSourceControl
LogPluginManager: Mounting plugin RiderSourceCodeAccess
LogPluginManager: Mounting plugin SubversionSourceControl
LogPluginManager: Mounting plugin UObjectPlugin
LogPluginManager: Mounting plugin VisualStudioCodeSourceCodeAccess
LogPluginManager: Mounting plugin VisualStudioSourceCodeAccess
LogPluginManager: Mounting plugin XCodeSourceCodeAccess
LogPluginManager: Mounting plugin AssetManagerEditor
LogPluginManager: Mounting plugin CryptoKeys
LogPluginManager: Mounting plugin CurveEditorTools
LogPluginManager: Mounting plugin DataValidation
LogPluginManager: Mounting plugin EditorScriptingUtilities
LogPluginManager: Mounting plugin FacialAnimation
LogPluginManager: Mounting plugin GameplayTagsEditor
LogPluginManager: Mounting plugin GeometryMode
LogPluginManager: Mounting plugin MacGraphicsSwitching
LogPluginManager: Mounting plugin MaterialAnalyzer
LogPluginManager: Mounting plugin MobileLauncherProfileWizard
LogPluginManager: Mounting plugin PluginBrowser
LogPluginManager: Mounting plugin SpeedTreeImporter
LogPluginManager: Mounting plugin DatasmithContent
LogPluginManager: Mounting plugin VariantManagerContent
LogPluginManager: Mounting plugin AlembicImporter
LogPluginManager: Mounting plugin AutomationUtils
LogPluginManager: Mounting plugin BackChannel
LogPluginManager: Mounting plugin ChaosCloth
LogPluginManager: Mounting plugin ChaosClothEditor
LogPluginManager: Mounting plugin ChaosEditor
LogPluginManager: Mounting plugin ChaosNiagara
LogPluginManager: Mounting plugin ChaosSolverPlugin
LogPluginManager: Mounting plugin CharacterAI
LogPluginManager: Mounting plugin GeometryCache
LogPluginManager: Mounting plugin GeometryCollectionPlugin
LogPluginManager: Mounting plugin GeometryProcessing
LogPluginManager: Mounting plugin PlanarCut
LogPluginManager: Mounting plugin PlatformCrypto
LogPluginManager: Mounting plugin ProxyLODPlugin
LogPluginManager: Mounting plugin SkeletalReduction
LogPluginManager: Mounting plugin Niagara
LogPluginManager: Mounting plugin MagicLeap
LogPluginManager: Mounting plugin MagicLeapLightEstimation
LogPluginManager: Mounting plugin MagicLeapMedia
LogPluginManager: Mounting plugin MagicLeapPassableWorld
LogPluginManager: Mounting plugin MLSDK
LogPluginManager: Mounting plugin AndroidMedia
LogPluginManager: Mounting plugin AvfMedia
LogPluginManager: Mounting plugin ImgMedia
LogPluginManager: Mounting plugin MediaCompositing
LogPluginManager: Mounting plugin MediaPlayerEditor
LogPluginManager: Mounting plugin WebMMedia
LogPluginManager: Mounting plugin WmfMedia
LogPluginManager: Mounting plugin MeshPainting
LogPluginManager: Mounting plugin TcpMessaging
LogPluginManager: Mounting plugin UdpMessaging
LogPluginManager: Mounting plugin ActorSequence
LogPluginManager: Mounting plugin LevelSequenceEditor
LogPluginManager: Mounting plugin MatineeToLevelSequence
LogPluginManager: Mounting plugin MovieRenderPipeline
LogPluginManager: Mounting plugin TemplateSequence
LogPluginManager: Mounting plugin NetcodeUnitTest
LogPluginManager: Mounting plugin NUTUnrealEngine4
LogPluginManager: Mounting plugin OnlineSubsystemGooglePlay
LogPluginManager: Mounting plugin OnlineSubsystemIOS
LogPluginManager: Mounting plugin OnlineSubsystem
LogPluginManager: Mounting plugin OnlineSubsystemNull
LogPluginManager: Mounting plugin OnlineSubsystemUtils
LogPluginManager: Mounting plugin LauncherChunkInstaller
LogPluginManager: Mounting plugin AndroidDeviceProfileSelector
LogPluginManager: Mounting plugin AndroidMoviePlayer
LogPluginManager: Mounting plugin AndroidPermission
LogPluginManager: Mounting plugin AppleImageUtils
LogPluginManager: Mounting plugin AppleMoviePlayer
LogPluginManager: Mounting plugin ArchVisCharacter
LogPluginManager: Mounting plugin AssetTags
LogPluginManager: Mounting plugin AudioCapture
LogPluginManager: Mounting plugin CableComponent
LogPluginManager: Mounting plugin CustomMeshComponent
LogPluginManager: Mounting plugin EditableMesh
LogPluginManager: Mounting plugin ExampleDeviceProfileSelector
LogPluginManager: Mounting plugin GoogleCloudMessaging
LogPluginManager: Mounting plugin GooglePAD
LogPluginManager: Mounting plugin IOSDeviceProfileSelector
LogPluginManager: Mounting plugin LinuxDeviceProfileSelector
LogPluginManager: Mounting plugin LocationServicesBPLibrary
LogPluginManager: Mounting plugin MobilePatchingUtils
LogPluginManager: Mounting plugin OculusVR
LogPluginManager: Mounting plugin PhysXVehicles
LogPluginManager: Mounting plugin PostSplashScreen
LogPluginManager: Mounting plugin ProceduralMeshComponent
LogPluginManager: Mounting plugin RuntimePhysXCooking
LogPluginManager: Mounting plugin SignificanceManager
LogPluginManager: Mounting plugin SoundFields
LogPluginManager: Mounting plugin SteamVR
LogPluginManager: Mounting plugin Synthesis
LogPluginManager: Mounting plugin WebMMoviePlayer
LogPluginManager: Mounting plugin WindowsMoviePlayer
LogPluginManager: Mounting plugin ScreenshotTools
LogInit: Using libcurl 7.55.1-DEV
LogInit:  - built for x86_64-pc-win32
LogInit:  - supports SSL with OpenSSL/1.1.1
LogInit:  - supports HTTP deflate (compression) using libz 1.2.8
LogInit:  - other features:
LogInit:      CURL_VERSION_SSL
LogInit:      CURL_VERSION_LIBZ
LogInit:      CURL_VERSION_IPV6
LogInit:      CURL_VERSION_ASYNCHDNS
LogInit:      CURL_VERSION_LARGEFILE
LogInit:      CURL_VERSION_IDN
LogInit:  CurlRequestOptions (configurable via config and command line):
LogInit:  - bVerifyPeer = true  - Libcurl will verify peer certificate
LogInit:  - bUseHttpProxy = false  - Libcurl will NOT use HTTP proxy
LogInit:  - bDontReuseConnections = false  - Libcurl will reuse connections
LogInit:  - MaxHostConnections = 16  - Libcurl will limit the number of connections to a host
LogInit:  - LocalHostAddr = Default
LogInit:  - BufferSize = 65536
LogOnline: OSS: Creating online subsystem instance for: NULL
LogInit: WinSock: version 1.1 (2.2), MaxSocks=32767, MaxUdp=65467
LogOnline: OSS: TryLoadSubsystemAndSetDefault: Loaded subsystem for module [NULL]
LogInit: Build: ++UE4+Release-4.25-CL-13942748
LogInit: Engine Version: 4.25.3-13942748+++UE4+Release-4.25
LogInit: Compatible Engine Version: 4.25.0-13144385+++UE4+Release-4.25
LogInit: Net CL: 13144385
LogInit: OS: Windows 10 (Release 1803) (), CPU: Intel(R) Core(TM) i5-7360U CPU @ 2.30GHz, GPU: Intel(R) Iris(R) Plus Graphics 640
LogInit: Compiled (64-bit): Jul 25 2020 02:07:48
LogInit: Compiled with Visual C++: 19.24.28315.00
LogInit: Build Configuration: Development
LogInit: Branch Name: ++UE4+Release-4.25
LogInit: Command Line: 
LogInit: Base Directory: C:/Program Files/Epic Games/UE_4.25/Engine/Binaries/Win64/
LogInit: Allocator: TBB
LogInit: Installed Engine Build: 1
LogDevObjectVersion: Number of dev versions registered: 26
LogDevObjectVersion:   Dev-Blueprints (B0D832E4-1F89-4F0D-ACCF-7EB736FD4AA2): 10
LogDevObjectVersion:   Dev-Build (E1C64328-A22C-4D53-A36C-8E866417BD8C): 0
LogDevObjectVersion:   Dev-Core (375EC13C-06E4-48FB-B500-84F0262A717E): 4
LogDevObjectVersion:   Dev-Editor (E4B068ED-F494-42E9-A231-DA0B2E46BB41): 38
LogDevObjectVersion:   Dev-Framework (CFFC743F-43B0-4480-9391-14DF171D2073): 37
LogDevObjectVersion:   Dev-Mobile (B02B49B5-BB20-44E9-A304-32B752E40360): 2
LogDevObjectVersion:   Dev-Networking (A4E4105C-59A1-49B5-A7C5-40C4547EDFEE): 0
LogDevObjectVersion:   Dev-Online (39C831C9-5AE6-47DC-9A44-9C173E1C8E7C): 0
LogDevObjectVersion:   Dev-Physics (78F01B33-EBEA-4F98-B9B4-84EACCB95AA2): 4
LogDevObjectVersion:   Dev-Platform (6631380F-2D4D-43E0-8009-CF276956A95A): 0
LogDevObjectVersion:   Dev-Rendering (12F88B9F-8875-4AFC-A67C-D90C383ABD29): 43
LogDevObjectVersion:   Dev-Sequencer (7B5AE74C-D270-4C10-A958-57980B212A5A): 12
LogDevObjectVersion:   Dev-VR (D7296918-1DD6-4BDD-9DE2-64A83CC13884): 3
LogDevObjectVersion:   Dev-LoadTimes (C2A15278-BFE7-4AFE-6C17-90FF531DF755): 1
LogDevObjectVersion:   Private-Geometry (6EACA3D4-40EC-4CC1-B786-8BED09428FC5): 3
LogDevObjectVersion:   Dev-AnimPhys (29E575DD-E0A3-4627-9D10-D276232CDCEA): 17
LogDevObjectVersion:   Dev-Anim (AF43A65D-7FD3-4947-9873-3E8ED9C1BB05): 7
LogDevObjectVersion:   Dev-ReflectionCapture (6B266CEC-1EC7-4B8F-A30B-E4D90942FC07): 1
LogDevObjectVersion:   Dev-Automation (0DF73D61-A23F-47EA-B727-89E90C41499A): 1
LogDevObjectVersion:   FortniteMain (601D1886-AC64-4F84-AA16-D3DE0DEAC7D6): 31
LogDevObjectVersion:   Dev-Enterprise (9DFFBCD6-494F-0158-E221-12823C92A888): 10
LogDevObjectVersion:   Dev-Niagara (F2AED0AC-9AFE-416F-8664-AA7FFA26D6FC): 1
LogDevObjectVersion:   Dev-Destruction (174F1F0B-B4C6-45A5-B13F-2EE8D0FB917D): 10
LogDevObjectVersion:   Dev-Physics-Ext (35F94A83-E258-406C-A318-09F59610247C): 37
LogDevObjectVersion:   Dev-PhysicsMaterial-Chaos (B68FC16E-8B1B-42E2-B453-215C058844FE): 1
LogDevObjectVersion:   Dev-CineCamera (B2E18506-4273-CFC2-A54E-F4BB758BBA07): 1
LogInit: Presizing for max 25165824 objects, including 0 objects not considered by GC, pre-allocating 0 bytes for permanent pool.
LogConfig: Applying CVar settings from Section [/Script/Engine.StreamingSettings] File [C:/Users/DSU/Documents/GitHub/Real Sign Guy/Unreal/StageFight/Saved/Config/Windows/Engine.ini]
LogConfig: Setting CVar [[s.MinBulkDataSizeForAsyncLoading:131072]]
LogConfig: Setting CVar [[s.AsyncLoadingThreadEnabled:0]]
LogConfig: Setting CVar [[s.EventDrivenLoaderEnabled:1]]
LogConfig: Setting CVar [[s.WarnIfTimeLimitExceeded:0]]
LogConfig: Setting CVar [[s.TimeLimitExceededMultiplier:1.5]]
LogConfig: Setting CVar [[s.TimeLimitExceededMinTime:0.005]]
LogConfig: Setting CVar [[s.UseBackgroundLevelStreaming:1]]
LogConfig: Setting CVar [[s.PriorityAsyncLoadingExtraTime:15.0]]
LogConfig: Setting CVar [[s.LevelStreamingActorsUpdateTimeLimit:5.0]]
LogConfig: Setting CVar [[s.PriorityLevelStreamingActorsUpdateExtraTime:5.0]]
LogConfig: Setting CVar [[s.LevelStreamingComponentsRegistrationGranularity:10]]
LogConfig: Setting CVar [[s.UnregisterComponentsTimeLimit:1.0]]
LogConfig: Setting CVar [[s.LevelStreamingComponentsUnregistrationGranularity:5]]
LogConfig: Setting CVar [[s.FlushStreamingOnExit:1]]
LogInit: Object subsystem initialized
LogConfig: Setting CVar [[con.DebugEarlyDefault:1]]
LogConfig: Setting CVar [[r.setres:1280x720]]
[2020.11.03-03.20.15:197][  0]LogConfig: Setting CVar [[r.VSync:0]]
[2020.11.03-03.20.15:197][  0]LogConfig: Setting CVar [[r.RHICmdBypass:0]]
[2020.11.03-03.20.15:197][  0]LogConfig: Applying CVar settings from Section [/Script/Engine.RendererSettings] File [C:/Users/DSU/Documents/GitHub/Real Sign Guy/Unreal/StageFight/Saved/Config/Windows/Engine.ini]
[2020.11.03-03.20.15:197][  0]LogConfig: Setting CVar [[r.GPUCrashDebugging:0]]
[2020.11.03-03.20.15:197][  0]LogConfig: Applying CVar settings from Section [/Script/Engine.RendererOverrideSettings] File [C:/Users/DSU/Documents/GitHub/Real Sign Guy/Unreal/StageFight/Saved/Config/Windows/Engine.ini]
[2020.11.03-03.20.15:197][  0]LogConfig: Applying CVar settings from Section [/Script/Engine.StreamingSettings] File [C:/Users/DSU/Documents/GitHub/Real Sign Guy/Unreal/StageFight/Saved/Config/Windows/Engine.ini]
[2020.11.03-03.20.15:197][  0]LogConfig: Setting CVar [[s.MinBulkDataSizeForAsyncLoading:131072]]
[2020.11.03-03.20.15:197][  0]LogConfig: Setting CVar [[s.AsyncLoadingThreadEnabled:0]]
[2020.11.03-03.20.15:197][  0]LogConfig: Setting CVar [[s.EventDrivenLoaderEnabled:1]]
[2020.11.03-03.20.15:197][  0]LogConfig: Setting CVar [[s.WarnIfTimeLimitExceeded:0]]
[2020.11.03-03.20.15:197][  0]LogConfig: Setting CVar [[s.TimeLimitExceededMultiplier:1.5]]
[2020.11.03-03.20.15:197][  0]LogConfig: Setting CVar [[s.TimeLimitExceededMinTime:0.005]]
[2020.11.03-03.20.15:197][  0]LogConfig: Setting CVar [[s.UseBackgroundLevelStreaming:1]]
[2020.11.03-03.20.15:197][  0]LogConfig: Setting CVar [[s.PriorityAsyncLoadingExtraTime:15.0]]
[2020.11.03-03.20.15:197][  0]LogConfig: Setting CVar [[s.LevelStreamingActorsUpdateTimeLimit:5.0]]
[2020.11.03-03.20.15:197][  0]LogConfig: Setting CVar [[s.PriorityLevelStreamingActorsUpdateExtraTime:5.0]]
[2020.11.03-03.20.15:197][  0]LogConfig: Setting CVar [[s.LevelStreamingComponentsRegistrationGranularity:10]]
[2020.11.03-03.20.15:197][  0]LogConfig: Setting CVar [[s.UnregisterComponentsTimeLimit:1.0]]
[2020.11.03-03.20.15:197][  0]LogConfig: Setting CVar [[s.LevelStreamingComponentsUnregistrationGranularity:5]]
[2020.11.03-03.20.15:197][  0]LogConfig: Setting CVar [[s.FlushStreamingOnExit:1]]
[2020.11.03-03.20.15:198][  0]LogConfig: Applying CVar settings from Section [/Script/Engine.GarbageCollectionSettings] File [C:/Users/DSU/Documents/GitHub/Real Sign Guy/Unreal/StageFight/Saved/Config/Windows/Engine.ini]
[2020.11.03-03.20.15:198][  0]LogConfig: Setting CVar [[gc.MaxObjectsNotConsideredByGC:1]]
[2020.11.03-03.20.15:198][  0]LogConfig: Setting CVar [[gc.SizeOfPermanentObjectPool:0]]
[2020.11.03-03.20.15:198][  0]LogConfig: Setting CVar [[gc.FlushStreamingOnGC:0]]
[2020.11.03-03.20.15:198][  0]LogConfig: Setting CVar [[gc.NumRetriesBeforeForcingGC:10]]
[2020.11.03-03.20.15:198][  0]LogConfig: Setting CVar [[gc.AllowParallelGC:1]]
[2020.11.03-03.20.15:198][  0]LogConfig: Setting CVar [[gc.TimeBetweenPurgingPendingKillObjects:61.1]]
[2020.11.03-03.20.15:198][  0]LogConfig: Setting CVar [[gc.MaxObjectsInEditor:25165824]]
[2020.11.03-03.20.15:198][  0]LogConfig: Setting CVar [[gc.IncrementalBeginDestroyEnabled:1]]
[2020.11.03-03.20.15:198][  0]LogConfig: Setting CVar [[gc.CreateGCClusters:1]]
[2020.11.03-03.20.15:198][  0]LogConfig: Setting CVar [[gc.MinGCClusterSize:5]]
[2020.11.03-03.20.15:198][  0]LogConfig: Setting CVar [[gc.ActorClusteringEnabled:0]]
[2020.11.03-03.20.15:198][  0]LogConfig: Setting CVar [[gc.BlueprintClusteringEnabled:0]]
[2020.11.03-03.20.15:198][  0]LogConfig: Setting CVar [[gc.UseDisregardForGCOnDedicatedServers:0]]
[2020.11.03-03.20.15:198][  0]LogConfig: Applying CVar settings from Section [/Script/Engine.NetworkSettings] File [C:/Users/DSU/Documents/GitHub/Real Sign Guy/Unreal/StageFight/Saved/Config/Windows/Engine.ini]
[2020.11.03-03.20.15:198][  0]LogConfig: Applying CVar settings from Section [/Script/UnrealEd.CookerSettings] File [C:/Users/DSU/Documents/GitHub/Real Sign Guy/Unreal/StageFight/Saved/Config/Windows/Engine.ini]
[2020.11.03-03.20.15:200][  0]LogConfig: Applying CVar settings from Section [ViewDistanceQuality@3] File [C:/Users/DSU/Documents/GitHub/Real Sign Guy/Unreal/StageFight/Saved/Config/Windows/Scalability.ini]
[2020.11.03-03.20.15:200][  0]LogConfig: Setting CVar [[r.SkeletalMeshLODBias:0]]
[2020.11.03-03.20.15:200][  0]LogConfig: Setting CVar [[r.ViewDistanceScale:1.0]]
[2020.11.03-03.20.15:200][  0]LogConfig: Applying CVar settings from Section [AntiAliasingQuality@3] File [C:/Users/DSU/Documents/GitHub/Real Sign Guy/Unreal/StageFight/Saved/Config/Windows/Scalability.ini]
[2020.11.03-03.20.15:200][  0]LogConfig: Setting CVar [[r.PostProcessAAQuality:4]]
[2020.11.03-03.20.15:200][  0]LogConfig: Applying CVar settings from Section [ShadowQuality@3] File [C:/Users/DSU/Documents/GitHub/Real Sign Guy/Unreal/StageFight/Saved/Config/Windows/Scalability.ini]
[2020.11.03-03.20.15:200][  0]LogConfig: Setting CVar [[r.LightFunctionQuality:1]]
[2020.11.03-03.20.15:200][  0]LogConfig: Setting CVar [[r.ShadowQuality:5]]
[2020.11.03-03.20.15:200][  0]LogConfig: Setting CVar [[r.Shadow.CSM.MaxCascades:10]]
[2020.11.03-03.20.15:200][  0]LogConfig: Setting CVar [[r.Shadow.MaxResolution:2048]]
[2020.11.03-03.20.15:200][  0]LogConfig: Setting CVar [[r.Shadow.MaxCSMResolution:2048]]
[2020.11.03-03.20.15:200][  0]LogConfig: Setting CVar [[r.Shadow.RadiusThreshold:0.01]]
[2020.11.03-03.20.15:200][  0]LogConfig: Setting CVar [[r.Shadow.DistanceScale:1.0]]
[2020.11.03-03.20.15:200][  0]LogConfig: Setting CVar [[r.Shadow.CSM.TransitionScale:1.0]]
[2020.11.03-03.20.15:200][  0]LogConfig: Setting CVar [[r.Shadow.PreShadowResolutionFactor:1.0]]
[2020.11.03-03.20.15:200][  0]LogConfig: Setting CVar [[r.DistanceFieldShadowing:1]]
[2020.11.03-03.20.15:200][  0]LogConfig: Setting CVar [[r.DistanceFieldAO:1]]
[2020.11.03-03.20.15:200][  0]LogConfig: Setting CVar [[r.AOQuality:2]]
[2020.11.03-03.20.15:200][  0]LogConfig: Setting CVar [[r.VolumetricFog:1]]
[2020.11.03-03.20.15:200][  0]LogConfig: Setting CVar [[r.VolumetricFog.GridPixelSize:8]]
[2020.11.03-03.20.15:200][  0]LogConfig: Setting CVar [[r.VolumetricFog.GridSizeZ:128]]
[2020.11.03-03.20.15:200][  0]LogConfig: Setting CVar [[r.VolumetricFog.HistoryMissSupersampleCount:4]]
[2020.11.03-03.20.15:200][  0]LogConfig: Setting CVar [[r.LightMaxDrawDistanceScale:1]]
[2020.11.03-03.20.15:200][  0]LogConfig: Setting CVar [[r.CapsuleShadows:1]]
[2020.11.03-03.20.15:200][  0]LogConfig: Applying CVar settings from Section [PostProcessQuality@3] File [C:/Users/DSU/Documents/GitHub/Real Sign Guy/Unreal/StageFight/Saved/Config/Windows/Scalability.ini]
[2020.11.03-03.20.15:200][  0]LogConfig: Setting CVar [[r.MotionBlurQuality:4]]
[2020.11.03-03.20.15:200][  0]LogConfig: Setting CVar [[r.AmbientOcclusionMipLevelFactor:0.4]]
[2020.11.03-03.20.15:200][  0]LogConfig: Setting CVar [[r.AmbientOcclusionMaxQuality:100]]
[2020.11.03-03.20.15:200][  0]LogConfig: Setting CVar [[r.AmbientOcclusionLevels:-1]]
[2020.11.03-03.20.15:200][  0]LogConfig: Setting CVar [[r.AmbientOcclusionRadiusScale:1.0]]
[2020.11.03-03.20.15:201][  0]LogConfig: Setting CVar [[r.DepthOfFieldQuality:2]]
[2020.11.03-03.20.15:201][  0]LogConfig: Setting CVar [[r.RenderTargetPoolMin:400]]
[2020.11.03-03.20.15:201][  0]LogConfig: Setting CVar [[r.LensFlareQuality:2]]
[2020.11.03-03.20.15:201][  0]LogConfig: Setting CVar [[r.SceneColorFringeQuality:1]]
[2020.11.03-03.20.15:201][  0]LogConfig: Setting CVar [[r.EyeAdaptationQuality:2]]
[2020.11.03-03.20.15:201][  0]LogConfig: Setting CVar [[r.BloomQuality:5]]
[2020.11.03-03.20.15:201][  0]LogConfig: Setting CVar [[r.FastBlurThreshold:100]]
[2020.11.03-03.20.15:201][  0]LogConfig: Setting CVar [[r.Upscale.Quality:3]]
[2020.11.03-03.20.15:201][  0]LogConfig: Setting CVar [[r.Tonemapper.GrainQuantization:1]]
[2020.11.03-03.20.15:201][  0]LogConfig: Setting CVar [[r.LightShaftQuality:1]]
[2020.11.03-03.20.15:201][  0]LogConfig: Setting CVar [[r.Filter.SizeScale:1]]
[2020.11.03-03.20.15:201][  0]LogConfig: Setting CVar [[r.Tonemapper.Quality:5]]
[2020.11.03-03.20.15:201][  0]LogConfig: Setting CVar [[r.DOF.Gather.AccumulatorQuality:1        ; higher gathering accumulator quality]]
[2020.11.03-03.20.15:201][  0]LogConfig: Setting CVar [[r.DOF.Gather.PostfilterMethod:1          ; Median3x3 postfilering method]]
[2020.11.03-03.20.15:201][  0]LogConfig: Setting CVar [[r.DOF.Gather.EnableBokehSettings:0       ; no bokeh simulation when gathering]]
[2020.11.03-03.20.15:201][  0]LogConfig: Setting CVar [[r.DOF.Gather.RingCount:4                 ; medium number of samples when gathering]]
[2020.11.03-03.20.15:201][  0]LogConfig: Setting CVar [[r.DOF.Scatter.ForegroundCompositing:1    ; additive foreground scattering]]
[2020.11.03-03.20.15:201][  0]LogConfig: Setting CVar [[r.DOF.Scatter.BackgroundCompositing:2    ; additive background scattering]]
[2020.11.03-03.20.15:201][  0]LogConfig: Setting CVar [[r.DOF.Scatter.EnableBokehSettings:1      ; bokeh simulation when scattering]]
[2020.11.03-03.20.15:201][  0]LogConfig: Setting CVar [[r.DOF.Scatter.MaxSpriteRatio:0.1         ; only a maximum of 10% of scattered bokeh]]
[2020.11.03-03.20.15:201][  0]LogConfig: Setting CVar [[r.DOF.Recombine.Quality:1                ; cheap slight out of focus]]
[2020.11.03-03.20.15:201][  0]LogConfig: Setting CVar [[r.DOF.Recombine.EnableBokehSettings:0    ; no bokeh simulation on slight out of focus]]
[2020.11.03-03.20.15:201][  0]LogConfig: Setting CVar [[r.DOF.TemporalAAQuality:1                ; more stable temporal accumulation]]
[2020.11.03-03.20.15:201][  0]LogConfig: Setting CVar [[r.DOF.Kernel.MaxForegroundRadius:0.025]]
[2020.11.03-03.20.15:201][  0]LogConfig: Setting CVar [[r.DOF.Kernel.MaxBackgroundRadius:0.025]]
[2020.11.03-03.20.15:201][  0]LogConfig: Applying CVar settings from Section [TextureQuality@3] File [C:/Users/DSU/Documents/GitHub/Real Sign Guy/Unreal/StageFight/Saved/Config/Windows/Scalability.ini]
[2020.11.03-03.20.15:201][  0]LogConfig: Setting CVar [[r.Streaming.MipBias:0]]
[2020.11.03-03.20.15:201][  0]LogConfig: Setting CVar [[r.Streaming.AmortizeCPUToGPUCopy:0]]
[2020.11.03-03.20.15:201][  0]LogConfig: Setting CVar [[r.Streaming.MaxNumTexturesToStreamPerFrame:0]]
[2020.11.03-03.20.15:201][  0]LogConfig: Setting CVar [[r.Streaming.Boost:1]]
[2020.11.03-03.20.15:201][  0]LogConfig: Setting CVar [[r.MaxAnisotropy:8]]
[2020.11.03-03.20.15:201][  0]LogConfig: Setting CVar [[r.VT.MaxAnisotropy:8]]
[2020.11.03-03.20.15:201][  0]LogConfig: Setting CVar [[r.Streaming.LimitPoolSizeToVRAM:0]]
[2020.11.03-03.20.15:201][  0]LogConfig: Setting CVar [[r.Streaming.PoolSize:1000]]
[2020.11.03-03.20.15:201][  0]LogConfig: Setting CVar [[r.Streaming.MaxEffectiveScreenSize:0]]
[2020.11.03-03.20.15:201][  0]LogConfig: Applying CVar settings from Section [EffectsQuality@3] File [C:/Users/DSU/Documents/GitHub/Real Sign Guy/Unreal/StageFight/Saved/Config/Windows/Scalability.ini]
[2020.11.03-03.20.15:201][  0]LogConfig: Setting CVar [[r.TranslucencyLightingVolumeDim:64]]
[2020.11.03-03.20.15:201][  0]LogConfig: Setting CVar [[r.RefractionQuality:2]]
[2020.11.03-03.20.15:201][  0]LogConfig: Setting CVar [[r.SSR.Quality:3]]
[2020.11.03-03.20.15:201][  0]LogConfig: Setting CVar [[r.SSR.HalfResSceneColor:0]]
[2020.11.03-03.20.15:201][  0]LogConfig: Setting CVar [[r.SceneColorFormat:4]]
[2020.11.03-03.20.15:201][  0]LogConfig: Setting CVar [[r.DetailMode:2]]
[2020.11.03-03.20.15:201][  0]LogConfig: Setting CVar [[r.TranslucencyVolumeBlur:1]]
[2020.11.03-03.20.15:201][  0]LogConfig: Setting CVar [[r.MaterialQualityLevel:1 ; High quality]]
[2020.11.03-03.20.15:201][  0]LogConfig: Setting CVar [[r.SSS.Scale:1]]
[2020.11.03-03.20.15:201][  0]LogConfig: Setting CVar [[r.SSS.SampleSet:2]]
[2020.11.03-03.20.15:201][  0]LogConfig: Setting CVar [[r.SSS.Quality:1]]
[2020.11.03-03.20.15:201][  0]LogConfig: Setting CVar [[r.SSS.HalfRes:0]]
[2020.11.03-03.20.15:201][  0]LogConfig: Setting CVar [[r.SSGI.Quality:3]]
[2020.11.03-03.20.15:201][  0]LogConfig: Setting CVar [[r.EmitterSpawnRateScale:1.0]]
[2020.11.03-03.20.15:201][  0]LogConfig: Setting CVar [[r.ParticleLightQuality:2]]
[2020.11.03-03.20.15:201][  0]LogConfig: Setting CVar [[r.SkyAtmosphere.AerialPerspectiveLUT.FastApplyOnOpaque:1 ; Always have FastSkyLUT 1 in this case to avoid wrong sky]]
[2020.11.03-03.20.15:201][  0]LogConfig: Setting CVar [[r.SkyAtmosphere.AerialPerspectiveLUT.SampleCountPerSlice:1]]
[2020.11.03-03.20.15:201][  0]LogConfig: Setting CVar [[r.SkyAtmosphere.AerialPerspectiveLUT.DepthResolution:16.0]]
[2020.11.03-03.20.15:201][  0]LogConfig: Setting CVar [[r.SkyAtmosphere.FastSkyLUT:1]]
[2020.11.03-03.20.15:201][  0]LogConfig: Setting CVar [[r.SkyAtmosphere.FastSkyLUT.SampleCountMin:4.0]]
[2020.11.03-03.20.15:201][  0]LogConfig: Setting CVar [[r.SkyAtmosphere.FastSkyLUT.SampleCountMax:32.0]]
[2020.11.03-03.20.15:201][  0]LogConfig: Setting CVar [[r.SkyAtmosphere.SampleCountMin:4.0]]
[2020.11.03-03.20.15:201][  0]LogConfig: Setting CVar [[r.SkyAtmosphere.SampleCountMax:32.0]]
[2020.11.03-03.20.15:201][  0]LogConfig: Setting CVar [[r.SkyAtmosphere.TransmittanceLUT.UseSmallFormat:0]]
[2020.11.03-03.20.15:201][  0]LogConfig: Setting CVar [[r.SkyAtmosphere.TransmittanceLUT.SampleCount:10.0]]
[2020.11.03-03.20.15:201][  0]LogConfig: Setting CVar [[r.SkyAtmosphere.MultiScatteringLUT.SampleCount:15.0]]
[2020.11.03-03.20.15:201][  0]LogConfig: Applying CVar settings from Section [FoliageQuality@3] File [C:/Users/DSU/Documents/GitHub/Real Sign Guy/Unreal/StageFight/Saved/Config/Windows/Scalability.ini]
[2020.11.03-03.20.15:201][  0]LogConfig: Setting CVar [[foliage.DensityScale:1.0]]
[2020.11.03-03.20.15:201][  0]LogConfig: Setting CVar [[grass.DensityScale:1.0]]
[2020.11.03-03.20.15:201][  0]LogConfig: Applying CVar settings from Section [ShadingQuality@3] File [C:/Users/DSU/Documents/GitHub/Real Sign Guy/Unreal/StageFight/Saved/Config/Windows/Scalability.ini]
[2020.11.03-03.20.15:201][  0]LogConfig: Setting CVar [[r.HairStrands.SkyLighting.SampleCount:16]]
[2020.11.03-03.20.15:201][  0]LogConfig: Setting CVar [[r.HairStrands.SkyLighting.JitterIntegration:0]]
[2020.11.03-03.20.15:201][  0]LogConfig: Setting CVar [[r.HairStrands.SkyAO.SampleCount:16]]
[2020.11.03-03.20.15:201][  0]LogConfig: Setting CVar [[r.HairStrands.DeepShadow.SuperSampling:0]]
[2020.11.03-03.20.15:201][  0]LogConfig: Setting CVar [[r.HairStrands.VisibilityPPLL:0]]
[2020.11.03-03.20.15:201][  0]LogConfig: Setting CVar [[r.HairStrands.RasterizationScale:0.5]]
[2020.11.03-03.20.15:201][  0]LogConfig: Setting CVar [[r.HairStrands.VelocityRasterizationScale:1]]
[2020.11.03-03.20.15:201][  0]LogInit: Selected Device Profile: [Windows]
[2020.11.03-03.20.15:201][  0]LogInit: Applying CVar settings loaded from the selected device profile: [Windows]
[2020.11.03-03.20.15:202][  0]LogHAL: Display: Platform has ~ 12 GB [12742430720 / 17179869184 / 12], which maps to Larger [LargestMinGB=32, LargerMinGB=12, DefaultMinGB=8, SmallerMinGB=6, SmallestMinGB=0)
[2020.11.03-03.20.15:202][  0]LogInit: Going up to parent DeviceProfile []
[2020.11.03-03.20.15:202][  0]LogConfig: Applying CVar settings from Section [ViewDistanceQuality@3] File [C:/Users/DSU/Documents/GitHub/Real Sign Guy/Unreal/StageFight/Saved/Config/Windows/Scalability.ini]
[2020.11.03-03.20.15:202][  0]LogConfig: Setting CVar [[r.SkeletalMeshLODBias:0]]
[2020.11.03-03.20.15:202][  0]LogConfig: Setting CVar [[r.ViewDistanceScale:1.0]]
[2020.11.03-03.20.15:202][  0]LogConfig: Applying CVar settings from Section [AntiAliasingQuality@3] File [C:/Users/DSU/Documents/GitHub/Real Sign Guy/Unreal/StageFight/Saved/Config/Windows/Scalability.ini]
[2020.11.03-03.20.15:202][  0]LogConfig: Setting CVar [[r.PostProcessAAQuality:4]]
[2020.11.03-03.20.15:202][  0]LogConfig: Applying CVar settings from Section [ShadowQuality@3] File [C:/Users/DSU/Documents/GitHub/Real Sign Guy/Unreal/StageFight/Saved/Config/Windows/Scalability.ini]
[2020.11.03-03.20.15:202][  0]LogConfig: Setting CVar [[r.LightFunctionQuality:1]]
[2020.11.03-03.20.15:202][  0]LogConfig: Setting CVar [[r.ShadowQuality:5]]
[2020.11.03-03.20.15:202][  0]LogConfig: Setting CVar [[r.Shadow.CSM.MaxCascades:10]]
[2020.11.03-03.20.15:202][  0]LogConfig: Setting CVar [[r.Shadow.MaxResolution:2048]]
[2020.11.03-03.20.15:202][  0]LogConfig: Setting CVar [[r.Shadow.MaxCSMResolution:2048]]
[2020.11.03-03.20.15:202][  0]LogConfig: Setting CVar [[r.Shadow.RadiusThreshold:0.01]]
[2020.11.03-03.20.15:202][  0]LogConfig: Setting CVar [[r.Shadow.DistanceScale:1.0]]
[2020.11.03-03.20.15:202][  0]LogConfig: Setting CVar [[r.Shadow.CSM.TransitionScale:1.0]]
[2020.11.03-03.20.15:202][  0]LogConfig: Setting CVar [[r.Shadow.PreShadowResolutionFactor:1.0]]
[2020.11.03-03.20.15:202][  0]LogConfig: Setting CVar [[r.DistanceFieldShadowing:1]]
[2020.11.03-03.20.15:202][  0]LogConfig: Setting CVar [[r.DistanceFieldAO:1]]
[2020.11.03-03.20.15:202][  0]LogConfig: Setting CVar [[r.AOQuality:2]]
[2020.11.03-03.20.15:202][  0]LogConfig: Setting CVar [[r.VolumetricFog:1]]
[2020.11.03-03.20.15:202][  0]LogConfig: Setting CVar [[r.VolumetricFog.GridPixelSize:8]]
[2020.11.03-03.20.15:202][  0]LogConfig: Setting CVar [[r.VolumetricFog.GridSizeZ:128]]
[2020.11.03-03.20.15:202][  0]LogConfig: Setting CVar [[r.VolumetricFog.HistoryMissSupersampleCount:4]]
[2020.11.03-03.20.15:202][  0]LogConfig: Setting CVar [[r.LightMaxDrawDistanceScale:1]]
[2020.11.03-03.20.15:202][  0]LogConfig: Setting CVar [[r.CapsuleShadows:1]]
[2020.11.03-03.20.15:202][  0]LogConfig: Applying CVar settings from Section [PostProcessQuality@3] File [C:/Users/DSU/Documents/GitHub/Real Sign Guy/Unreal/StageFight/Saved/Config/Windows/Scalability.ini]
[2020.11.03-03.20.15:202][  0]LogConfig: Setting CVar [[r.MotionBlurQuality:4]]
[2020.11.03-03.20.15:202][  0]LogConfig: Setting CVar [[r.AmbientOcclusionMipLevelFactor:0.4]]
[2020.11.03-03.20.15:202][  0]LogConfig: Setting CVar [[r.AmbientOcclusionMaxQuality:100]]
[2020.11.03-03.20.15:202][  0]LogConfig: Setting CVar [[r.AmbientOcclusionLevels:-1]]
[2020.11.03-03.20.15:202][  0]LogConfig: Setting CVar [[r.AmbientOcclusionRadiusScale:1.0]]
[2020.11.03-03.20.15:202][  0]LogConfig: Setting CVar [[r.DepthOfFieldQuality:2]]
[2020.11.03-03.20.15:202][  0]LogConfig: Setting CVar [[r.RenderTargetPoolMin:400]]
[2020.11.03-03.20.15:202][  0]LogConfig: Setting CVar [[r.LensFlareQuality:2]]
[2020.11.03-03.20.15:202][  0]LogConfig: Setting CVar [[r.SceneColorFringeQuality:1]]
[2020.11.03-03.20.15:202][  0]LogConfig: Setting CVar [[r.EyeAdaptationQuality:2]]
[2020.11.03-03.20.15:202][  0]LogConfig: Setting CVar [[r.BloomQuality:5]]
[2020.11.03-03.20.15:202][  0]LogConfig: Setting CVar [[r.FastBlurThreshold:100]]
[2020.11.03-03.20.15:202][  0]LogConfig: Setting CVar [[r.Upscale.Quality:3]]
[2020.11.03-03.20.15:202][  0]LogConfig: Setting CVar [[r.Tonemapper.GrainQuantization:1]]
[2020.11.03-03.20.15:202][  0]LogConfig: Setting CVar [[r.LightShaftQuality:1]]
[2020.11.03-03.20.15:202][  0]LogConfig: Setting CVar [[r.Filter.SizeScale:1]]
[2020.11.03-03.20.15:202][  0]LogConfig: Setting CVar [[r.Tonemapper.Quality:5]]
[2020.11.03-03.20.15:202][  0]LogConfig: Setting CVar [[r.DOF.Gather.AccumulatorQuality:1        ; higher gathering accumulator quality]]
[2020.11.03-03.20.15:202][  0]LogConfig: Setting CVar [[r.DOF.Gather.PostfilterMethod:1          ; Median3x3 postfilering method]]
[2020.11.03-03.20.15:202][  0]LogConfig: Setting CVar [[r.DOF.Gather.EnableBokehSettings:0       ; no bokeh simulation when gathering]]
[2020.11.03-03.20.15:202][  0]LogConfig: Setting CVar [[r.DOF.Gather.RingCount:4                 ; medium number of samples when gathering]]
[2020.11.03-03.20.15:202][  0]LogConfig: Setting CVar [[r.DOF.Scatter.ForegroundCompositing:1    ; additive foreground scattering]]
[2020.11.03-03.20.15:202][  0]LogConfig: Setting CVar [[r.DOF.Scatter.BackgroundCompositing:2    ; additive background scattering]]
[2020.11.03-03.20.15:202][  0]LogConfig: Setting CVar [[r.DOF.Scatter.EnableBokehSettings:1      ; bokeh simulation when scattering]]
[2020.11.03-03.20.15:202][  0]LogConfig: Setting CVar [[r.DOF.Scatter.MaxSpriteRatio:0.1         ; only a maximum of 10% of scattered bokeh]]
[2020.11.03-03.20.15:202][  0]LogConfig: Setting CVar [[r.DOF.Recombine.Quality:1                ; cheap slight out of focus]]
[2020.11.03-03.20.15:202][  0]LogConfig: Setting CVar [[r.DOF.Recombine.EnableBokehSettings:0    ; no bokeh simulation on slight out of focus]]
[2020.11.03-03.20.15:202][  0]LogConfig: Setting CVar [[r.DOF.TemporalAAQuality:1                ; more stable temporal accumulation]]
[2020.11.03-03.20.15:202][  0]LogConfig: Setting CVar [[r.DOF.Kernel.MaxForegroundRadius:0.025]]
[2020.11.03-03.20.15:202][  0]LogConfig: Setting CVar [[r.DOF.Kernel.MaxBackgroundRadius:0.025]]
[2020.11.03-03.20.15:202][  0]LogConfig: Applying CVar settings from Section [TextureQuality@3] File [C:/Users/DSU/Documents/GitHub/Real Sign Guy/Unreal/StageFight/Saved/Config/Windows/Scalability.ini]
[2020.11.03-03.20.15:202][  0]LogConfig: Setting CVar [[r.Streaming.MipBias:0]]
[2020.11.03-03.20.15:202][  0]LogConfig: Setting CVar [[r.Streaming.AmortizeCPUToGPUCopy:0]]
[2020.11.03-03.20.15:202][  0]LogConfig: Setting CVar [[r.Streaming.MaxNumTexturesToStreamPerFrame:0]]
[2020.11.03-03.20.15:202][  0]LogConfig: Setting CVar [[r.Streaming.Boost:1]]
[2020.11.03-03.20.15:202][  0]LogConfig: Setting CVar [[r.MaxAnisotropy:8]]
[2020.11.03-03.20.15:202][  0]LogConfig: Setting CVar [[r.VT.MaxAnisotropy:8]]
[2020.11.03-03.20.15:202][  0]LogConfig: Setting CVar [[r.Streaming.LimitPoolSizeToVRAM:0]]
[2020.11.03-03.20.15:202][  0]LogConfig: Setting CVar [[r.Streaming.PoolSize:1000]]
[2020.11.03-03.20.15:202][  0]LogConfig: Setting CVar [[r.Streaming.MaxEffectiveScreenSize:0]]
[2020.11.03-03.20.15:202][  0]LogConfig: Applying CVar settings from Section [EffectsQuality@3] File [C:/Users/DSU/Documents/GitHub/Real Sign Guy/Unreal/StageFight/Saved/Config/Windows/Scalability.ini]
[2020.11.03-03.20.15:202][  0]LogConfig: Setting CVar [[r.TranslucencyLightingVolumeDim:64]]
[2020.11.03-03.20.15:202][  0]LogConfig: Setting CVar [[r.RefractionQuality:2]]
[2020.11.03-03.20.15:202][  0]LogConfig: Setting CVar [[r.SSR.Quality:3]]
[2020.11.03-03.20.15:202][  0]LogConfig: Setting CVar [[r.SSR.HalfResSceneColor:0]]
[2020.11.03-03.20.15:202][  0]LogConfig: Setting CVar [[r.SceneColorFormat:4]]
[2020.11.03-03.20.15:202][  0]LogConfig: Setting CVar [[r.DetailMode:2]]
[2020.11.03-03.20.15:202][  0]LogConfig: Setting CVar [[r.TranslucencyVolumeBlur:1]]
[2020.11.03-03.20.15:202][  0]LogConfig: Setting CVar [[r.MaterialQualityLevel:1 ; High quality]]
[2020.11.03-03.20.15:202][  0]LogConfig: Setting CVar [[r.SSS.Scale:1]]
[2020.11.03-03.20.15:202][  0]LogConfig: Setting CVar [[r.SSS.SampleSet:2]]
[2020.11.03-03.20.15:203][  0]LogConfig: Setting CVar [[r.SSS.Quality:1]]
[2020.11.03-03.20.15:203][  0]LogConfig: Setting CVar [[r.SSS.HalfRes:0]]
[2020.11.03-03.20.15:203][  0]LogConfig: Setting CVar [[r.SSGI.Quality:3]]
[2020.11.03-03.20.15:203][  0]LogConfig: Setting CVar [[r.EmitterSpawnRateScale:1.0]]
[2020.11.03-03.20.15:203][  0]LogConfig: Setting CVar [[r.ParticleLightQuality:2]]
[2020.11.03-03.20.15:203][  0]LogConfig: Setting CVar [[r.SkyAtmosphere.AerialPerspectiveLUT.FastApplyOnOpaque:1 ; Always have FastSkyLUT 1 in this case to avoid wrong sky]]
[2020.11.03-03.20.15:203][  0]LogConfig: Setting CVar [[r.SkyAtmosphere.AerialPerspectiveLUT.SampleCountPerSlice:1]]
[2020.11.03-03.20.15:203][  0]LogConfig: Setting CVar [[r.SkyAtmosphere.AerialPerspectiveLUT.DepthResolution:16.0]]
[2020.11.03-03.20.15:203][  0]LogConfig: Setting CVar [[r.SkyAtmosphere.FastSkyLUT:1]]
[2020.11.03-03.20.15:203][  0]LogConfig: Setting CVar [[r.SkyAtmosphere.FastSkyLUT.SampleCountMin:4.0]]
[2020.11.03-03.20.15:203][  0]LogConfig: Setting CVar [[r.SkyAtmosphere.FastSkyLUT.SampleCountMax:32.0]]
[2020.11.03-03.20.15:203][  0]LogConfig: Setting CVar [[r.SkyAtmosphere.SampleCountMin:4.0]]
[2020.11.03-03.20.15:203][  0]LogConfig: Setting CVar [[r.SkyAtmosphere.SampleCountMax:32.0]]
[2020.11.03-03.20.15:203][  0]LogConfig: Setting CVar [[r.SkyAtmosphere.TransmittanceLUT.UseSmallFormat:0]]
[2020.11.03-03.20.15:203][  0]LogConfig: Setting CVar [[r.SkyAtmosphere.TransmittanceLUT.SampleCount:10.0]]
[2020.11.03-03.20.15:203][  0]LogConfig: Setting CVar [[r.SkyAtmosphere.MultiScatteringLUT.SampleCount:15.0]]
[2020.11.03-03.20.15:203][  0]LogConfig: Applying CVar settings from Section [FoliageQuality@3] File [C:/Users/DSU/Documents/GitHub/Real Sign Guy/Unreal/StageFight/Saved/Config/Windows/Scalability.ini]
[2020.11.03-03.20.15:203][  0]LogConfig: Setting CVar [[foliage.DensityScale:1.0]]
[2020.11.03-03.20.15:203][  0]LogConfig: Setting CVar [[grass.DensityScale:1.0]]
[2020.11.03-03.20.15:203][  0]LogConfig: Applying CVar settings from Section [ShadingQuality@3] File [C:/Users/DSU/Documents/GitHub/Real Sign Guy/Unreal/StageFight/Saved/Config/Windows/Scalability.ini]
[2020.11.03-03.20.15:203][  0]LogConfig: Setting CVar [[r.HairStrands.SkyLighting.SampleCount:16]]
[2020.11.03-03.20.15:203][  0]LogConfig: Setting CVar [[r.HairStrands.SkyLighting.JitterIntegration:0]]
[2020.11.03-03.20.15:203][  0]LogConfig: Setting CVar [[r.HairStrands.SkyAO.SampleCount:16]]
[2020.11.03-03.20.15:203][  0]LogConfig: Setting CVar [[r.HairStrands.DeepShadow.SuperSampling:0]]
[2020.11.03-03.20.15:203][  0]LogConfig: Setting CVar [[r.HairStrands.VisibilityPPLL:0]]
[2020.11.03-03.20.15:203][  0]LogConfig: Setting CVar [[r.HairStrands.RasterizationScale:0.5]]
[2020.11.03-03.20.15:203][  0]LogConfig: Setting CVar [[r.HairStrands.VelocityRasterizationScale:1]]
[2020.11.03-03.20.15:203][  0]LogConfig: Applying CVar settings from Section [Startup] File [../../../Engine/Config/ConsoleVariables.ini]
[2020.11.03-03.20.15:203][  0]LogConfig: Setting CVar [[net.UseAdaptiveNetUpdateFrequency:0]]
[2020.11.03-03.20.15:203][  0]LogConfig: Setting CVar [[p.chaos.AllowCreatePhysxBodies:1]]
[2020.11.03-03.20.15:203][  0]LogConfig: Setting CVar [[fx.SkipVectorVMBackendOptimizations:1]]
[2020.11.03-03.20.15:203][  0]LogConfig: Applying CVar settings from Section [ConsoleVariables] File [C:/Users/DSU/Documents/GitHub/Real Sign Guy/Unreal/StageFight/Saved/Config/Windows/Engine.ini]
[2020.11.03-03.20.15:203][  0]LogInit: Computer: R8503117
[2020.11.03-03.20.15:203][  0]LogInit: User: DSU
[2020.11.03-03.20.15:203][  0]LogInit: CPU Page size=4096, Cores=2
[2020.11.03-03.20.15:203][  0]LogInit: High frequency timer resolution =2.250002 MHz
[2020.11.03-03.20.15:203][  0]LogMemory: Memory total: Physical=11.9GB (12GB approx)
[2020.11.03-03.20.15:203][  0]LogMemory: Platform Memory Stats for Windows
[2020.11.03-03.20.15:203][  0]LogMemory: Process Physical Memory: 113.06 MB used, 113.06 MB peak
[2020.11.03-03.20.15:203][  0]LogMemory: Process Virtual Memory: 95.31 MB used, 95.31 MB peak
[2020.11.03-03.20.15:203][  0]LogMemory: Physical Memory: 7398.24 MB used,  4753.89 MB free, 12152.13 MB total
[2020.11.03-03.20.15:203][  0]LogMemory: Virtual Memory: 5134.41 MB used,  134212592.00 MB free, 134217728.00 MB total
[2020.11.03-03.20.15:208][  0]LogWindows: WindowsPlatformFeatures enabled
[2020.11.03-03.20.15:241][  0]LogInit: Physics initialised using underlying interface: PhysX
[2020.11.03-03.20.15:243][  0]LogInit: Using OS detected language (en-US).
[2020.11.03-03.20.15:243][  0]LogInit: Using OS detected locale (en-US).
[2020.11.03-03.20.15:249][  0]LogTextLocalizationManager: No specific localization for 'en-US' exists, so the 'en' localization will be used.
[2020.11.03-03.20.15:439][  0]LogInit: Setting process to per monitor DPI aware
[2020.11.03-03.20.15:484][  0]LogSlate: New Slate User Created.  User Index 0, Is Virtual User: 0
[2020.11.03-03.20.15:484][  0]LogSlate: Slate User Registered.  User Index 0, Is Virtual User: 0
[2020.11.03-03.20.15:666][  0]LogHMD: Failed to initialize OpenVR with code 110
[2020.11.03-03.20.15:666][  0]LogD3D11RHI: D3D11 min allowed feature level: 11_0
[2020.11.03-03.20.15:666][  0]LogD3D11RHI: D3D11 max allowed feature level: 11_0
[2020.11.03-03.20.15:666][  0]LogD3D11RHI: D3D11 adapters:
[2020.11.03-03.20.15:726][  0]LogD3D11RHI:    0. 'Intel(R) Iris(R) Plus Graphics 640' (Feature Level 11_0)
[2020.11.03-03.20.15:727][  0]LogD3D11RHI:       128/0/6076 MB DedicatedVideo/DedicatedSystem/SharedSystem, Outputs:1, VendorId:0x8086
[2020.11.03-03.20.15:728][  0]LogD3D11RHI:    1. 'Microsoft Basic Render Driver' (Feature Level 11_0)
[2020.11.03-03.20.15:728][  0]LogD3D11RHI:       0/0/6076 MB DedicatedVideo/DedicatedSystem/SharedSystem, Outputs:0, VendorId:0x1414
[2020.11.03-03.20.15:728][  0]LogD3D11RHI: Chosen D3D11 Adapter: 0
[2020.11.03-03.20.15:738][  0]LogD3D11RHI: Creating new Direct3DDevice
[2020.11.03-03.20.15:738][  0]LogD3D11RHI:     GPU DeviceId: 0x5926 (for the marketing name, search the web for "GPU Device Id")
[2020.11.03-03.20.15:738][  0]LogWindows: EnumDisplayDevices:
[2020.11.03-03.20.15:739][  0]LogWindows:    0. 'Intel(R) Iris(R) Plus Graphics 640' (P:1 D:1)
[2020.11.03-03.20.15:739][  0]LogWindows:    1. 'Intel(R) Iris(R) Plus Graphics 640' (P:0 D:0)
[2020.11.03-03.20.15:739][  0]LogWindows:    2. 'Intel(R) Iris(R) Plus Graphics 640' (P:0 D:0)
[2020.11.03-03.20.15:739][  0]LogWindows: DebugString: FoundDriverCount:3 
[2020.11.03-03.20.15:739][  0]LogD3D11RHI:     Adapter Name: Intel(R) Iris(R) Plus Graphics 640
[2020.11.03-03.20.15:739][  0]LogD3D11RHI:   Driver Version: 24.20.100.6290 (internal:24.20.100.6290, unified:24.20.100.6290)
[2020.11.03-03.20.15:739][  0]LogD3D11RHI:      Driver Date: 8-27-2018
[2020.11.03-03.20.15:739][  0]LogRHI: Texture pool is 1523 MB (70% of 2176 MB)
[2020.11.03-03.20.15:792][  0]LogD3D11RHI: RHI does not have support for 64 bit atomics
[2020.11.03-03.20.15:792][  0]LogD3D11RHI: Async texture creation enabled
[2020.11.03-03.20.15:792][  0]LogD3D11RHI: Array index from any shader is supported
[2020.11.03-03.20.15:799][  0]LogD3D11RHI: GPU Timing Frequency: 12.000048 (Debug: 2 0)
[2020.11.03-03.20.16:141][  0]LogTargetPlatformManager: Display: Loaded TargetPlatform 'AllDesktop'
[2020.11.03-03.20.16:162][  0]LogTargetPlatformManager: Display: Loaded TargetPlatform 'Android'
[2020.11.03-03.20.16:162][  0]LogTargetPlatformManager: Display: Loaded TargetPlatform 'Android_ASTC'
[2020.11.03-03.20.16:162][  0]LogTargetPlatformManager: Display: Loaded TargetPlatform 'Android_DXT'
[2020.11.03-03.20.16:162][  0]LogTargetPlatformManager: Display: Loaded TargetPlatform 'Android_ETC2'
[2020.11.03-03.20.16:162][  0]LogTargetPlatformManager: Display: Loaded TargetPlatform 'AndroidClient'
[2020.11.03-03.20.16:162][  0]LogTargetPlatformManager: Display: Loaded TargetPlatform 'Android_ASTCClient'
[2020.11.03-03.20.16:162][  0]LogTargetPlatformManager: Display: Loaded TargetPlatform 'Android_DXTClient'
[2020.11.03-03.20.16:162][  0]LogTargetPlatformManager: Display: Loaded TargetPlatform 'Android_ETC2Client'
[2020.11.03-03.20.16:162][  0]LogTargetPlatformManager: Display: Loaded TargetPlatform 'Android_Multi'
[2020.11.03-03.20.16:162][  0]LogTargetPlatformManager: Display: Loaded TargetPlatform 'Android_MultiClient'
[2020.11.03-03.20.16:184][  0]LogTargetPlatformManager: Display: Loaded TargetPlatform 'IOSClient'
[2020.11.03-03.20.16:184][  0]LogTargetPlatformManager: Display: Loaded TargetPlatform 'IOS'
[2020.11.03-03.20.16:194][  0]LogTargetPlatformManager: Display: Loaded TargetPlatform 'Linux'
[2020.11.03-03.20.16:203][  0]LogTargetPlatformManager: Display: Loaded TargetPlatform 'LinuxNoEditor'
[2020.11.03-03.20.16:212][  0]LogTargetPlatformManager: Display: Loaded TargetPlatform 'LinuxClient'
[2020.11.03-03.20.16:221][  0]LogTargetPlatformManager: Display: Loaded TargetPlatform 'LinuxServer'
[2020.11.03-03.20.16:230][  0]LogTargetPlatformManager: Display: Loaded TargetPlatform 'LinuxAArch64NoEditor'
[2020.11.03-03.20.16:239][  0]LogTargetPlatformManager: Display: Loaded TargetPlatform 'LinuxAArch64Client'
[2020.11.03-03.20.16:248][  0]LogTargetPlatformManager: Display: Loaded TargetPlatform 'LinuxAArch64Server'
[2020.11.03-03.20.16:273][  0]LogTargetPlatformManager: Display: Loaded TargetPlatform 'Lumin'
[2020.11.03-03.20.16:273][  0]LogTargetPlatformManager: Display: Loaded TargetPlatform 'LuminClient'
[2020.11.03-03.20.16:288][  0]LogTargetPlatformManager: Display: Loaded TargetPlatform 'TVOSClient'
[2020.11.03-03.20.16:288][  0]LogTargetPlatformManager: Display: Loaded TargetPlatform 'TVOS'
[2020.11.03-03.20.16:297][  0]LogTargetPlatformManager: Display: Loaded TargetPlatform 'WindowsNoEditor'
[2020.11.03-03.20.16:306][  0]LogTargetPlatformManager: Display: Loaded TargetPlatform 'Windows'
[2020.11.03-03.20.16:315][  0]LogTargetPlatformManager: Display: Loaded TargetPlatform 'WindowsClient'
[2020.11.03-03.20.16:324][  0]LogTargetPlatformManager: Display: Loaded TargetPlatform 'WindowsServer'
[2020.11.03-03.20.16:324][  0]LogTargetPlatformManager: Display: Building Assets For Windows
[2020.11.03-03.20.16:331][  0]LogAudioDebug: Display: Lib vorbis DLL was dynamically loaded.
[2020.11.03-03.20.16:392][  0]LogShaderCompilers: Guid format shader working directory is -33 characters bigger than the processId version (../../../../../../Users/DSU/Documents/GitHub/Real Sign Guy/Unreal/StageFight/Intermediate/Shaders/WorkingDirectory/42140/).
[2020.11.03-03.20.16:392][  0]LogShaderCompilers: Cleaned the shader compiler working directory 'C:/Users/DSU/AppData/Local/Temp/UnrealShaderWorkingDir/15D7057044383A0722A1D48C53D7254A/'.
[2020.11.03-03.20.16:392][  0]LogXGEController: Cleaning working directory: C:/Users/DSU/AppData/Local/Temp/UnrealXGEWorkingDir/
[2020.11.03-03.20.16:392][  0]LogXGEController: Cannot use XGE Controller as Incredibuild is not installed on this machine.
[2020.11.03-03.20.16:392][  0]LogShaderCompilers: Cannot use XGE Shader Compiler as Incredibuild is not installed on this machine.
[2020.11.03-03.20.16:392][  0]LogShaderCompilers: Display: Using Local Shader Compiler.
[2020.11.03-03.20.17:162][  0]LogDerivedDataCache: Display: Max Cache Size: 512 MB
[2020.11.03-03.20.17:218][  0]LogDerivedDataCache: Loaded boot cache 0.06s 75MB C:/Users/DSU/AppData/Local/UnrealEngine/4.25/DerivedDataCache/Boot.ddc.
[2020.11.03-03.20.17:219][  0]LogDerivedDataCache: Display: Loaded Boot cache: C:/Users/DSU/AppData/Local/UnrealEngine/4.25/DerivedDataCache/Boot.ddc
[2020.11.03-03.20.17:219][  0]LogDerivedDataCache: FDerivedDataBackendGraph:  Pak pak cache file ../../../../../../Users/DSU/Documents/GitHub/Real Sign Guy/Unreal/StageFight/DerivedDataCache/DDC.ddp not found, will not use a pak cache.
[2020.11.03-03.20.17:219][  0]LogDerivedDataCache: Unable to find inner node Pak for hierarchical cache Hierarchy.
[2020.11.03-03.20.17:219][  0]LogDerivedDataCache: FDerivedDataBackendGraph:  CompressedPak pak cache file ../../../../../../Users/DSU/Documents/GitHub/Real Sign Guy/Unreal/StageFight/DerivedDataCache/Compressed.ddp not found, will not use a pak cache.
[2020.11.03-03.20.17:219][  0]LogDerivedDataCache: Unable to find inner node CompressedPak for hierarchical cache Hierarchy.
[2020.11.03-03.20.17:229][  0]LogDerivedDataCache: Display: Pak cache opened for reading ../../../Engine/DerivedDataCache/Compressed.ddp.
[2020.11.03-03.20.17:229][  0]LogDerivedDataCache: FDerivedDataBackendGraph:  EnterprisePak pak cache file ../../../Enterprise/DerivedDataCache/Compressed.ddp not found, will not use a pak cache.
[2020.11.03-03.20.17:229][  0]LogDerivedDataCache: Unable to find inner node EnterprisePak for hierarchical cache Hierarchy.
[2020.11.03-03.20.17:230][  0]LogDerivedDataCache: Using Local data cache path C:/Users/DSU/AppData/Local/UnrealEngine/Common/DerivedDataCache: Writable
[2020.11.03-03.20.17:230][  0]LogDerivedDataCache: Shared data cache path not found in *engine.ini, will not use an Shared cache.
[2020.11.03-03.20.17:230][  0]LogDerivedDataCache: Unable to find inner node Shared for hierarchical cache Hierarchy.
[2020.11.03-03.20.17:279][  0]LogSlate: Using FreeType 2.10.0
[2020.11.03-03.20.17:280][  0]LogSlate: SlateFontServices - WITH_FREETYPE: 1, WITH_HARFBUZZ: 1
[2020.11.03-03.20.17:311][  0]LogAssetRegistry: FAssetRegistry took 0.0028 seconds to start up
[2020.11.03-03.20.17:592][  0]LogInit: Selected Device Profile: [Windows]
[2020.11.03-03.20.17:701][  0]LogMeshReduction: Using QuadricMeshReduction for automatic static mesh reduction
[2020.11.03-03.20.17:701][  0]LogMeshReduction: Using SimplygonMeshReduction for automatic skeletal mesh reduction
[2020.11.03-03.20.17:701][  0]LogMeshReduction: Using ProxyLODMeshReduction for automatic mesh merging
[2020.11.03-03.20.17:701][  0]LogMeshReduction: No distributed automatic mesh merging module available
[2020.11.03-03.20.17:701][  0]LogMeshMerging: No distributed automatic mesh merging module available
[2020.11.03-03.20.17:716][  0]LogNetVersion: StageFight 1.0.0, NetCL: 13144385, EngineNetVer: 14, GameNetVer: 0 (Checksum: 1375937656)
[2020.11.03-03.20.18:214][  0]LogAISub: UAISubsystem::UAISubsystem AISubsystem (000002094A7ADBC0), frame # 0
[2020.11.03-03.20.18:214][  0]LogAISub: UAISubsystem::UAISubsystem AIPerceptionSystem (000002094A7011C0), frame # 0
[2020.11.03-03.20.18:215][  0]LogAISub: UAISubsystem::UAISubsystem EnvQueryManager (000002094A778A00), frame # 0
[2020.11.03-03.20.18:279][  0]LogPackageLocalizationCache: Processed 19 localized package path(s) for 1 prioritized culture(s) in 0.058352 seconds
[2020.11.03-03.20.18:284][  0]LogUObjectArray: 15917 objects as part of root set at end of initial load.
[2020.11.03-03.20.18:284][  0]LogUObjectAllocator: 3965568 out of 0 bytes used by permanent object pool.
[2020.11.03-03.20.18:284][  0]LogUObjectArray: CloseDisregardForGC: 0/0 objects in disregard for GC pool
[2020.11.03-03.20.18:606][  0]LogTcpMessaging: Initializing TcpMessaging bridge
[2020.11.03-03.20.18:610][  0]LogUdpMessaging: Initializing bridge on interface 0.0.0.0:0 to multicast group 230.0.0.1:6666.
[2020.11.03-03.20.18:681][  0]SourceControl: Source control is disabled
[2020.11.03-03.20.18:681][  0]SourceControl: Source control is disabled
[2020.11.03-03.20.18:684][  0]SourceControl: Source control is disabled
[2020.11.03-03.20.18:687][  0]SourceControl: Source control is disabled
[2020.11.03-03.20.18:695][  0]SourceControl: Source control is disabled
[2020.11.03-03.20.18:912][  0]LogAndroidPermission: UAndroidPermissionCallbackProxy::GetInstance
[2020.11.03-03.20.18:929][  0]LogAudioCaptureCore: Display: No Audio Capture implementations found. Audio input will be silent.
[2020.11.03-03.20.18:929][  0]LogAudioCaptureCore: Display: No Audio Capture implementations found. Audio input will be silent.
[2020.11.03-03.20.18:975][  0]LogOcInput: OculusInput pre-init called
[2020.11.03-03.20.18:985][  0]LogWindows: Failed to load 'OVRPlugin.dll' (GetLastError=126)
[2020.11.03-03.20.18:985][  0]LogWindows: File 'OVRPlugin.dll' does not exist
[2020.11.03-03.20.19:042][  0]LogEngine: Initializing Engine...
[2020.11.03-03.20.19:044][  0]LogHMD: Failed to initialize OpenVR with code 110
[2020.11.03-03.20.19:044][  0]LogMagicLeap: Warning: VR disabled because ZI is not enabled.  To enable, in the editor, Edit -> Project Settings -> Plugins -> Magic Leap Plugin -> Enable Zero Iteration
[2020.11.03-03.20.19:045][  0]LogStats: UGameplayTagsManager::InitializeManager -  0.000 s
[2020.11.03-03.20.19:158][  0]LogInit: Initializing FReadOnlyCVARCache
[2020.11.03-03.20.19:166][  0]LogAIModule: Creating AISystem for world Untitled
[2020.11.03-03.20.19:166][  0]LogAISub: UAISubsystem::UAISubsystem EnvQueryManager (000002094E02FC00), frame # 0
[2020.11.03-03.20.19:166][  0]LogAISub: UAISubsystem::UAISubsystem AIPerceptionSystem (000002094E098B80), frame # 0
[2020.11.03-03.20.19:256][  0]LogAudioMixer: Display: Audio Mixer Platform Settings:
[2020.11.03-03.20.19:257][  0]LogAudioMixer: Display: 	Sample Rate:						  48000
[2020.11.03-03.20.19:257][  0]LogAudioMixer: Display: 	Callback Buffer Frame Size Requested: 1024
[2020.11.03-03.20.19:257][  0]LogAudioMixer: Display: 	Callback Buffer Frame Size To Use:	  1024
[2020.11.03-03.20.19:257][  0]LogAudioMixer: Display: 	Number of buffers to queue:			  2
[2020.11.03-03.20.19:257][  0]LogAudioMixer: Display: 	Max Channels (voices):				  32
[2020.11.03-03.20.19:257][  0]LogAudioMixer: Display: 	Number of Async Source Workers:		  0
[2020.11.03-03.20.19:257][  0]LogAudio: Display: AudioDevice MaxSources: 32
[2020.11.03-03.20.19:257][  0]LogAudio: Display: Using built-in audio occlusion.
[2020.11.03-03.20.19:257][  0]LogAudioMixer: Display: Initializing audio mixer.
[2020.11.03-03.20.19:271][  0]LogAudioMixer: Display: 0: FrontLeft
[2020.11.03-03.20.19:271][  0]LogAudioMixer: Display: 1: FrontRight
[2020.11.03-03.20.19:307][  0]LogAudioMixer: Display: Using Audio Device Speakers (Realtek High Definition Audio)
[2020.11.03-03.20.19:313][  0]LogAudioMixer: Display: Initializing Sound Submixes...
[2020.11.03-03.20.19:315][  0]LogAudioMixer: Display: Creating Master Submix 'MasterSubmixDefault'
[2020.11.03-03.20.19:315][  0]LogAudioMixer: Display: Creating Master Submix 'MasterReverbSubmixDefault'
[2020.11.03-03.20.19:316][  0]LogAudioMixer: Display: Creating Master Submix 'MasterEQSubmixDefault'
[2020.11.03-03.20.19:317][  0]LogInit: FAudioDevice initialized.
[2020.11.03-03.20.19:317][  0]LogNetVersion: Set ProjectVersion to 1.0.0.0. Version Checksum will be recalculated on next use.
[2020.11.03-03.20.19:482][  0]LogDerivedDataCache: Saved boot cache 0.16s 75MB C:/Users/DSU/AppData/Local/UnrealEngine/4.25/DerivedDataCache/Boot.ddc.
[2020.11.03-03.20.19:487][  0]LogInit: Texture streaming: Enabled
[2020.11.03-03.20.19:504][  0]LogEngineSessionManager: EngineSessionManager initialized
[2020.11.03-03.20.19:505][  0]LogEngineSessionManager: EngineSessionManager sent abnormal shutdown report. Type=Crashed, SessionId={08EE9401-442F-6CCE-D2FA-01B3F0CB137E}
[2020.11.03-03.20.19:506][  0]LogEditorSessionSummary: Verbose: Initializing EditorSessionSummaryWriter for editor session tracking
[2020.11.03-03.20.19:509][  0]LogEditorSessionSummary: EditorSessionSummaryWriter initialized
[2020.11.03-03.20.19:599][  0]LogInit: Transaction tracking system initialized
[2020.11.03-03.20.19:621][  0]BlueprintLog: New page: Editor Load
[2020.11.03-03.20.19:682][  0]LocalizationService: Localization service is disabled
[2020.11.03-03.20.19:841][  0]LogCook: Display: Max memory allowance for cook 16384mb min free memory 0mb
[2020.11.03-03.20.19:841][  0]LogCook: Display: Mobile HDR setting 1
[2020.11.03-03.20.19:981][  0]LogFileCache: Scanning file cache for directory 'C:/Users/DSU/Documents/GitHub/Real Sign Guy/Unreal/StageFight/Content/' took 0.01s
[2020.11.03-03.20.20:323][  0]SourceControl: Source control is disabled
[2020.11.03-03.20.20:443][  0]LogWindowsTextInputMethodSystem: Display: IME system now deactivated.
[2020.11.03-03.20.20:445][  0]LogSlate: Took 0.000251 seconds to synchronously load lazily loaded font '../../../Engine/Content/Slate/Fonts/Roboto-Regular.ttf' (155K)
[2020.11.03-03.20.35:458][  0]LogSlate: Window 'Restore Packages' being destroyed
[2020.11.03-03.20.35:459][  0]LogWindowsTextInputMethodSystem: Display: IME system now deactivated.
[2020.11.03-03.20.35:493][  0]LogWindowsTextInputMethodSystem: Display: IME system now deactivated.
[2020.11.03-03.20.35:494][  0]LogUnrealEdMisc: Loading editor; pre map load, took 22.327
[2020.11.03-03.20.35:495][  0]Cmd: MAP LOAD FILE="../../../../../../Users/DSU/Documents/GitHub/Real Sign Guy/Unreal/StageFight/Content/SideScrollerBP/Maps/Main.umap" TEMPLATE=0 SHOWPROGRESS=1 FEATURELEVEL=3
[2020.11.03-03.20.35:495][  0]LightingResults: New page: Lighting Build
[2020.11.03-03.20.35:497][  0]LogWorld: UWorld::CleanupWorld for Untitled, bSessionEnded=true, bCleanupResources=true
[2020.11.03-03.20.35:497][  0]LogSlate: InvalidateAllWidgets triggered.  All widgets were invalidated
[2020.11.03-03.20.35:497][  0]MapCheck: New page: Map Check
[2020.11.03-03.20.35:497][  0]LightingResults: New page: Lighting Build
[2020.11.03-03.20.35:557][  0]LogAISub: UAISubsystem::~UAISubsystem EnvQueryManager (000002094E02FC00), frame # 0
[2020.11.03-03.20.35:557][  0]LogAISub: UAISubsystem::~UAISubsystem AIPerceptionSystem (000002094E098B80), frame # 0
[2020.11.03-03.20.35:558][  0]LogUObjectHash: Compacting FUObjectHashTables data took   0.98ms
[2020.11.03-03.20.35:769][  0]LogAIModule: Creating AISystem for world Main
[2020.11.03-03.20.35:769][  0]LogAISub: UAISubsystem::UAISubsystem EnvQueryManager (0000020943127E00), frame # 0
[2020.11.03-03.20.35:769][  0]LogAISub: UAISubsystem::UAISubsystem AIPerceptionSystem (000002093F3CD800), frame # 0
[2020.11.03-03.20.35:785][  0]LogEditorServer: Finished looking for orphan Actors (0.000 secs)
[2020.11.03-03.20.35:834][  0]LogUObjectHash: Compacting FUObjectHashTables data took   0.78ms
[2020.11.03-03.20.35:838][  0]Cmd: MAP CHECKDEP NOCLEARLOG
[2020.11.03-03.20.35:838][  0]MapCheck: Map check complete: 0 Error(s), 0 Warning(s), took 0.2ms to complete.
[2020.11.03-03.20.35:838][  0]LogFileHelpers: Loading map 'Main' took 0.344
[2020.11.03-03.20.35:841][  0]LogUnrealEdMisc: Total Editor Startup Time, took 22.674
[2020.11.03-03.20.35:932][  0]LogSlate: Updating window title bar state: overlay mode, drag disabled, window buttons hidden, title bar hidden
[2020.11.03-03.20.35:941][  0]LogSlate: Updating window title bar state: overlay mode, drag disabled, window buttons hidden, title bar hidden
[2020.11.03-03.20.35:949][  0]LogSlate: Updating window title bar state: overlay mode, drag disabled, window buttons hidden, title bar hidden
[2020.11.03-03.20.35:957][  0]LogSlate: Updating window title bar state: overlay mode, drag disabled, window buttons hidden, title bar hidden
[2020.11.03-03.20.35:964][  0]LogCollectionManager: Loaded 0 collections in 0.002763 seconds
[2020.11.03-03.20.35:977][  0]LogFileCache: Scanning file cache for directory 'C:/Users/DSU/Documents/GitHub/Real Sign Guy/Unreal/StageFight/Saved/Collections/' took 0.00s
[2020.11.03-03.20.35:977][  0]LogFileCache: Scanning file cache for directory 'C:/Users/DSU/Documents/GitHub/Real Sign Guy/Unreal/StageFight/Content/Developers/DSU/Collections/' took 0.00s
[2020.11.03-03.20.35:977][  0]LogFileCache: Scanning file cache for directory 'C:/Users/DSU/Documents/GitHub/Real Sign Guy/Unreal/StageFight/Content/Collections/' took 0.00s
[2020.11.03-03.20.35:977][  0]LogContentBrowser: Native class hierarchy populated in 0.0089 seconds. Added 3427 classes and 821 folders.
[2020.11.03-03.20.35:979][  0]LogContentBrowser: Native class hierarchy updated for 'WidgetCarousel' in 0.0002 seconds. Added 0 classes and 0 folders.
[2020.11.03-03.20.36:049][  0]LogContentBrowser: Native class hierarchy updated for 'AddContentDialog' in 0.0003 seconds. Added 0 classes and 0 folders.
[2020.11.03-03.20.36:050][  0]LogContentBrowser: Native class hierarchy updated for 'SceneOutliner' in 0.0002 seconds. Added 2 classes and 0 folders.
[2020.11.03-03.20.36:087][  0]LogSlate: Took 0.000477 seconds to synchronously load lazily loaded font '../../../Engine/Content/Slate/Fonts/Roboto-Bold.ttf' (160K)
[2020.11.03-03.20.36:091][  0]LogSlate: Took 0.000174 seconds to synchronously load lazily loaded font '../../../Engine/Content/Editor/Slate/Fonts/FontAwesome.ttf' (139K)
[2020.11.03-03.20.36:128][  0]LogRenderer: Reallocating scene render targets to support 952x440 Format 10 NumSamples 1 (Frame:1).
[2020.11.03-03.20.36:389][  0]LogContentBrowser: Native class hierarchy updated for 'HierarchicalLODOutliner' in 0.0003 seconds. Added 0 classes and 0 folders.
[2020.11.03-03.20.36:389][  0]LogLoad: (Engine Initialization) Total time: 23.22 seconds
[2020.11.03-03.20.36:389][  0]LogLoad: (Engine Initialization) Total Blueprint compile time: 0.00 seconds
[2020.11.03-03.20.36:454][  0]LogContentStreaming: Texture pool size now 1000 MB
[2020.11.03-03.20.36:489][  0]LogSlate: Took 0.000224 seconds to synchronously load lazily loaded font '../../../Engine/Content/Slate/Fonts/Roboto-Light.ttf' (167K)
[2020.11.03-03.20.36:507][  1]LogFileCache: Retrieving MD5 hashes for directory 'C:/Users/DSU/Documents/GitHub/Real Sign Guy/Unreal/StageFight/Content/' took 0.10s
[2020.11.03-03.20.36:515][  1]LogAssetRegistry: Asset discovery search completed in 19.2043 seconds
[2020.11.03-03.20.36:521][  1]LogCollectionManager: Fixed up redirectors for 0 collections in 0.000004 seconds (updated 0 objects)
[2020.11.03-03.20.39:775][177]LogEditorViewport: Clicking on Actor (LMB): StaticMeshActor (StageFix__Plane)
[2020.11.03-03.20.56:995][646]LogEditorViewport: Clicking on Actor (LMB): StaticMeshActor (StageFix__Plane_001)
[2020.11.03-03.22.42:843][ 51]LogSlate: Window 'Statistics' being destroyed
[2020.11.03-03.22.42:857][ 51]LogSlate: Window 'Statistics' being destroyed
[2020.11.03-03.22.51:220][470]LogEditorViewport: Clicking on Actor (LMB): StaticMeshActor (StageFix__Cube_004)
[2020.11.03-03.22.52:375][517]LogEditorViewport: Clicking on Actor (LMB): StaticMeshActor (StageFix__Cube_003)
[2020.11.03-03.22.55:711][646]LogEditorViewport: Clicking on Actor (LMB): StaticMeshActor (SimpleBucket)
[2020.11.03-03.22.56:361][671]LogEditorViewport: Clicking on Actor (LMB): StaticMeshActor (Crate)
[2020.11.03-03.22.57:924][737]LogEditorViewport: Clicking on Actor (LMB): StaticMeshActor (SimpleBucket2)
[2020.11.03-03.22.58:762][771]LogEditorViewport: Clicking on Actor (LMB): StaticMeshActor (Cube3)
[2020.11.03-03.23.02:329][934]LogEditorViewport: Clicking on Actor (LMB): StaticMeshActor (Seating_Cube_9)
[2020.11.03-03.23.17:896][268]LogSlate: Took 0.000877 seconds to synchronously load lazily loaded font '../../../Engine/Content/Slate/Fonts/Roboto-Light.ttf' (167K)
[2020.11.03-03.23.48:982][776]LogEditorViewport: Clicking on Actor (LMB): StaticMeshActor (Spotlight7)
[2020.11.03-03.23.58:030][271]LogEditorViewport: Clicking on Actor (LMB): StaticMeshActor (Spotlight6)
[2020.11.03-03.24.04:644][592]LogEditorViewport: Clicking on Actor (LMB): StaticMeshActor (Seating_Cube_8)
[2020.11.03-03.24.38:855][ 56]LogEditorViewport: Clicking on Actor (LMB): BP_Sky_Sphere_C (Sky Sphere)
[2020.11.03-03.24.49:610][529]LogEditorViewport: Clicking on Actor (LMB): StaticMeshActor (StageFix__Plane)
[2020.11.03-03.24.50:371][558]LogEditorViewport: Clicking on Actor (LMB): StaticMeshActor (StageFix__Plane_001)
[2020.11.03-03.24.51:074][585]LogEditorViewport: Clicking on Actor (LMB): StaticMeshActor (Crate4)
[2020.11.03-03.25.50:487][ 64]LogUObjectHash: Compacting FUObjectHashTables data took   1.63ms
[2020.11.03-03.25.52:318][ 64]LogSlate: Window 'Save Content' being destroyed
[2020.11.03-03.25.52:395][ 64]LogUObjectHash: Compacting FUObjectHashTables data took   0.27ms
[2020.11.03-03.25.52:478][ 64]LogSavePackage: Moving '../../../../../../Users/DSU/Documents/GitHub/Real Sign Guy/Unreal/StageFight/Saved/MainB01E7FDC49CECB09036135899782569E.tmp' to '../../../../../../Users/DSU/Documents/GitHub/Real Sign Guy/Unreal/StageFight/Content/SideScrollerBP/Maps/Main.umap'
[2020.11.03-03.25.52:539][ 64]LogFileHelpers: Saving map 'Main' took 0.158
[2020.11.03-03.25.52:758][ 64]LogSavePackage: Moving '../../../../../../Users/DSU/Documents/GitHub/Real Sign Guy/Unreal/StageFight/Saved/Main_BuiltDataAA9359374506518532C5F3B3344EE7A0.tmp' to '../../../../../../Users/DSU/Documents/GitHub/Real Sign Guy/Unreal/StageFight/Content/SideScrollerBP/Maps/Main_BuiltData.uasset'
[2020.11.03-03.25.52:944][ 64]LogSavePackage: Moving '../../../../../../Users/DSU/Documents/GitHub/Real Sign Guy/Unreal/StageFight/Saved/Main_BuiltDataD31770A849733D3893FE278002BF600E.tmp' to '../../../../../../Users/DSU/Documents/GitHub/Real Sign Guy/Unreal/StageFight/Content/SideScrollerBP/Maps/Main_BuiltData.uasset'
[2020.11.03-03.25.52:958][ 64]Cmd: MAP LOAD FILE="../../../../../../Users/DSU/Documents/GitHub/Real Sign Guy/Unreal/StageFight/Content/Maps/Stage2.umap" TEMPLATE=0 SHOWPROGRESS=1 FEATURELEVEL=3
[2020.11.03-03.25.52:976][ 64]LightingResults: New page: Lighting Build
[2020.11.03-03.25.52:976][ 64]LoadErrors: New page: Loading map: Stage2.umap
[2020.11.03-03.25.52:978][ 64]LogWorld: UWorld::CleanupWorld for Main, bSessionEnded=true, bCleanupResources=true
[2020.11.03-03.25.52:979][ 64]LogSlate: InvalidateAllWidgets triggered.  All widgets were invalidated
[2020.11.03-03.25.52:979][ 64]MapCheck: New page: Map Check
[2020.11.03-03.25.52:979][ 64]LightingResults: New page: Lighting Build
[2020.11.03-03.25.52:990][ 64]LogAISub: UAISubsystem::~UAISubsystem EnvQueryManager (0000020943127E00), frame # 14064
[2020.11.03-03.25.52:990][ 64]LogAISub: UAISubsystem::~UAISubsystem AIPerceptionSystem (000002093F3CD800), frame # 14064
[2020.11.03-03.25.52:991][ 64]LogUObjectHash: Compacting FUObjectHashTables data took   0.74ms
[2020.11.03-03.25.53:489][ 64]LogTexture: Display: Building textures: HQ_Lightmap0_4 (AutoDXT, 64X64)
[2020.11.03-03.25.53:489][ 64]LogTexture: Display: Building textures: HQ_Lightmap1_1 (AutoDXT, 1024X1024)
[2020.11.03-03.25.53:489][ 64]LogTexture: Display: Building textures: HQ_Lightmap1_2 (AutoDXT, 64X64)
[2020.11.03-03.25.53:489][ 64]LogTexture: Display: Building textures: HQ_Lightmap1_3 (AutoDXT, 64X64)
[2020.11.03-03.25.53:489][ 64]LogTexture: Display: Building textures: LQ_Lightmap_0_4 (DXT1, 64X64)
[2020.11.03-03.25.53:489][ 64]LogTexture: Display: Building textures: LQ_Lightmap_1_1 (DXT1, 1024X1024)
[2020.11.03-03.25.53:489][ 64]LogTexture: Display: Building textures: LQ_Lightmap_1_2 (DXT1, 64X64)
[2020.11.03-03.25.53:489][ 64]LogTexture: Display: Building textures: LQ_Lightmap_1_3 (DXT1, 64X64)
[2020.11.03-03.25.53:601][ 64]LogAIModule: Creating AISystem for world Stage2
[2020.11.03-03.25.53:601][ 64]LogAISub: UAISubsystem::UAISubsystem EnvQueryManager (000002095D045E00), frame # 14064
[2020.11.03-03.25.53:601][ 64]LogAISub: UAISubsystem::UAISubsystem AIPerceptionSystem (000002093F3CD300), frame # 14064
[2020.11.03-03.25.53:609][ 64]LogEditorServer: Finished looking for orphan Actors (0.000 secs)
[2020.11.03-03.25.53:642][ 64]LogUObjectHash: Compacting FUObjectHashTables data took   0.82ms
[2020.11.03-03.25.53:697][ 64]Cmd: MAP CHECKDEP NOCLEARLOG
[2020.11.03-03.25.53:698][ 64]MapCheck: Map check complete: 0 Error(s), 0 Warning(s), took 0.144ms to complete.
[2020.11.03-03.25.53:698][ 64]LogFileHelpers: Loading map 'Stage2' took 0.741
[2020.11.03-03.25.53:700][ 64]LogSlate: Window 'Open Level' being destroyed
[2020.11.03-03.25.53:709][ 64]AssetCheck: New page: Asset Save: multiple assets
[2020.11.03-03.25.53:709][ 64]LogContentValidation: Display: Validating World /Game/SideScrollerBP/Maps/Main.Main
[2020.11.03-03.25.53:732][ 64]LogContentValidation: Display: Validating MapBuildDataRegistry /Game/SideScrollerBP/Maps/Main_BuiltData.Main_BuiltData
[2020.11.03-03.26.04:703][849]LogEditorViewport: Clicking on Actor (LMB): StaticMeshActor (Stairs2)
[2020.11.03-03.26.06:281][920]LogEditorViewport: Clicking on Actor (LMB): StaticMeshActor (Cube25)
[2020.11.03-03.26.13:999][212]LogEditorViewport: Clicking on Actor (LMB): StaticMeshActor (Cube26)
[2020.11.03-03.26.18:203][432]LogEditorViewport: Clicking on Actor (LMB): StaticMeshActor (Sphere7)
[2020.11.03-03.26.25:641][824]LogEditorViewport: Clicking on Actor (LMB): StaticMeshActor (Sphere6)
[2020.11.03-03.26.36:866][376]LogEditorViewport: Clicking on Actor (LMB): StaticMeshActor (Cube33)
[2020.11.03-03.26.39:321][499]LogEditorViewport: Clicking on Actor (LMB): StaticMeshActor (Cube36)
[2020.11.03-03.26.40:342][544]LogEditorViewport: Clicking on Actor (LMB): StaticMeshActor (Sphere2)
[2020.11.03-03.26.41:024][574]LogEditorViewport: Clicking on Actor (LMB): StaticMeshActor (Sphere7)
[2020.11.03-03.26.51:147][287]LogSlate: Window 'Statistics' being destroyed
[2020.11.03-03.26.51:167][287]LogSlate: Window 'Statistics' being destroyed
[2020.11.03-03.26.56:123][433]LogWindows: Error: === Critical error: ===
[2020.11.03-03.26.56:123][433]LogWindows: Error: 
[2020.11.03-03.26.56:123][433]LogWindows: Error: Fatal error!
[2020.11.03-03.26.56:123][433]LogWindows: Error: 
[2020.11.03-03.26.56:123][433]LogWindows: Error: Unhandled Exception: EXCEPTION_ACCESS_VIOLATION reading address 0x00000010
[2020.11.03-03.26.56:123][433]LogWindows: Error: 
[2020.11.03-03.26.56:123][433]LogWindows: Error: [Callstack] 0x00007ff8a435e0df UE4Editor-CoreUObject.dll!UnknownFunction []
[2020.11.03-03.26.56:123][433]LogWindows: Error: [Callstack] 0x00007ff8a43b36bf UE4Editor-CoreUObject.dll!UnknownFunction []
[2020.11.03-03.26.56:123][433]LogWindows: Error: [Callstack] 0x00007ff8ab95debf UE4Editor-StatsViewer.dll!UnknownFunction []
[2020.11.03-03.26.56:123][433]LogWindows: Error: [Callstack] 0x00007ff8ab978c8e UE4Editor-StatsViewer.dll!UnknownFunction []
[2020.11.03-03.26.56:123][433]LogWindows: Error: [Callstack] 0x00007ff8885b7031 UE4Editor-SlateCore.dll!UnknownFunction []
[2020.11.03-03.26.56:123][433]LogWindows: Error: [Callstack] 0x00007ff8885b4fe4 UE4Editor-SlateCore.dll!UnknownFunction []
[2020.11.03-03.26.56:123][433]LogWindows: Error: [Callstack] 0x00007ff888b7c664 UE4Editor-Slate.dll!UnknownFunction []
[2020.11.03-03.26.56:123][433]LogWindows: Error: [Callstack] 0x00007ff8885b7866 UE4Editor-SlateCore.dll!UnknownFunction []
[2020.11.03-03.26.56:123][433]LogWindows: Error: [Callstack] 0x00007ff8885b5915 UE4Editor-SlateCore.dll!UnknownFunction []
[2020.11.03-03.26.56:123][433]LogWindows: Error: [Callstack] 0x00007ff8885b7866 UE4Editor-SlateCore.dll!UnknownFunction []
[2020.11.03-03.26.56:123][433]LogWindows: Error: [Callstack] 0x00007ff8885b8248 UE4Editor-SlateCore.dll!UnknownFunction []
[2020.11.03-03.26.56:123][433]LogWindows: Error: [Callstack] 0x00007ff8885b5aab UE4Editor-SlateCore.dll!UnknownFunction []
[2020.11.03-03.26.56:123][433]LogWindows: Error: [Callstack] 0x00007ff8885b7866 UE4Editor-SlateCore.dll!UnknownFunction []
[2020.11.03-03.26.56:123][433]LogWindows: Error: [Callstack] 0x00007ff8885b4fe4 UE4Editor-SlateCore.dll!UnknownFunction []
[2020.11.03-03.26.56:123][433]LogWindows: Error: [Callstack] 0x00007ff8885b7866 UE4Editor-SlateCore.dll!UnknownFunction []
[2020.11.03-03.26.56:123][433]LogWindows: Error: [Callstack] 0x00007ff8885b8248 UE4Editor-SlateCore.dll!UnknownFunction []
[2020.11.03-03.26.56:123][433]LogWindows: Error: [Callstack] 0x00007ff888b7ea00 UE4Editor-Slate.dll!UnknownFunction []
[2020.11.03-03.26.56:123][433]LogWindows: Error: [Callstack] 0x00007ff8885b7866 UE4Editor-SlateCore.dll!UnknownFunction []
[2020.11.03-03.26.56:123][433]LogWindows: Error: [Callstack] 0x00007ff8885b5915 UE4Editor-SlateCore.dll!UnknownFunction []
[2020.11.03-03.26.56:123][433]LogWindows: Error: [Callstack] 0x00007ff8885b7866 UE4Editor-SlateCore.dll!UnknownFunction []
[2020.11.03-03.26.56:123][433]LogWindows: Error: [Callstack] 0x00007ff8885b4fe4 UE4Editor-SlateCore.dll!UnknownFunction []
[2020.11.03-03.26.56:123][433]LogWindows: Error: [Callstack] 0x00007ff8885b7866 UE4Editor-SlateCore.dll!UnknownFunction []
[2020.11.03-03.26.56:123][433]LogWindows: Error: [Callstack] 0x00007ff8885b8248 UE4Editor-SlateCore.dll!UnknownFunction []
[2020.11.03-03.26.56:123][433]LogWindows: Error: [Callstack] 0x00007ff8885b5aab UE4Editor-SlateCore.dll!UnknownFunction []
[2020.11.03-03.26.56:123][433]LogWindows: Error: [Callstack] 0x00007ff8885b7866 UE4Editor-SlateCore.dll!UnknownFunction []
[2020.11.03-03.26.56:123][433]LogWindows: Error: [Callstack] 0x00007ff8885b8248 UE4Editor-SlateCore.dll!UnknownFunction []
[2020.11.03-03.26.56:123][433]LogWindows: Error: [Callstack] 0x00007ff8885b5aab UE4Editor-SlateCore.dll!UnknownFunction []
[2020.11.03-03.26.56:123][433]LogWindows: Error: [Callstack] 0x00007ff8885b7866 UE4Editor-SlateCore.dll!UnknownFunction []
[2020.11.03-03.26.56:123][433]LogWindows: Error: [Callstack] 0x00007ff8885b5915 UE4Editor-SlateCore.dll!UnknownFunction []
[2020.11.03-03.26.56:123][433]LogWindows: Error: [Callstack] 0x00007ff8885b7866 UE4Editor-SlateCore.dll!UnknownFunction []
[2020.11.03-03.26.56:123][433]LogWindows: Error: [Callstack] 0x00007ff8885b4fe4 UE4Editor-SlateCore.dll!UnknownFunction []
[2020.11.03-03.26.56:123][433]LogWindows: Error: [Callstack] 0x00007ff8885b7866 UE4Editor-SlateCore.dll!UnknownFunction []
[2020.11.03-03.26.56:124][433]LogWindows: Error: [Callstack] 0x00007ff8885b8357 UE4Editor-SlateCore.dll!UnknownFunction []
[2020.11.03-03.26.56:124][433]LogWindows: Error: [Callstack] 0x00007ff888519770 UE4Editor-SlateCore.dll!UnknownFunction []
[2020.11.03-03.26.56:124][433]LogWindows: Error: [Callstack] 0x00007ff8885b85e4 UE4Editor-SlateCore.dll!UnknownFunction []
[2020.11.03-03.26.56:124][433]LogWindows: Error: [Callstack] 0x00007ff888949747 UE4Editor-Slate.dll!UnknownFunction []
[2020.11.03-03.26.56:124][433]LogWindows: Error: [Callstack] 0x00007ff888949bab UE4Editor-Slate.dll!UnknownFunction []
[2020.11.03-03.26.56:124][433]LogWindows: Error: [Callstack] 0x00007ff88897a669 UE4Editor-Slate.dll!UnknownFunction []
[2020.11.03-03.26.56:124][433]LogWindows: Error: [Callstack] 0x00007ff8889a0af0 UE4Editor-Slate.dll!UnknownFunction []
[2020.11.03-03.26.56:124][433]LogWindows: Error: [Callstack] 0x00007ff8889a0024 UE4Editor-Slate.dll!UnknownFunction []
[2020.11.03-03.26.56:124][433]LogWindows: Error: [Callstack] 0x00007ff74c518735 UE4Editor.exe!UnknownFunction []
[2020.11.03-03.26.56:124][433]LogWindows: Error: [Callstack] 0x00007ff74c52ba7c UE4Editor.exe!UnknownFunction []
[2020.11.03-03.26.56:124][433]LogWindows: Error: [Callstack] 0x00007ff74c52bb5a UE4Editor.exe!UnknownFunction []
[2020.11.03-03.26.56:124][433]LogWindows: Error: [Callstack] 0x00007ff74c53e31d UE4Editor.exe!UnknownFunction []
[2020.11.03-03.26.56:124][433]LogWindows: Error: [Callstack] 0x00007ff74c54145a UE4Editor.exe!UnknownFunction []
[2020.11.03-03.26.56:124][433]LogWindows: Error: [Callstack] 0x00007ff8dc9f4034 KERNEL32.DLL!UnknownFunction []
[2020.11.03-03.26.56:124][433]LogWindows: Error: [Callstack] 0x00007ff8df083691 ntdll.dll!UnknownFunction []
[2020.11.03-03.26.56:124][433]LogWindows: Error: 
[2020.11.03-03.26.56:141][433]LogExit: Executing StaticShutdownAfterError
[2020.11.03-03.26.56:144][433]LogWindows: FPlatformMisc::RequestExit(1)
[2020.11.03-03.26.56:144][433]LogCore: Engine exit requested (reason: Win RequestExit)
[2020.11.03-03.26.56:153][433]Log file closed, 11/02/20 21:26:56
