Log file open, 10/07/20 08:07:19
LogInit: Display: Running engine for game: StageFight
LogPlatformFile: Not using cached read wrapper
LogTaskGraph: Started task graph with 5 named threads and 11 total threads with 3 sets of task threads.
LogStats: Stats thread started at 0.575407
LogD3D11RHI: Loaded GFSDK_Aftermath_Lib.x64.dll
LogICUInternationalization: ICU TimeZone Detection - Raw Offset: -6:00, Platform Override: ''
LogPluginManager: Mounting plugin Paper2D
LogPluginManager: Mounting plugin AISupport
LogPluginManager: Mounting plugin LightPropagationVolume
LogPluginManager: Mounting plugin CameraShakePreviewer
LogPluginManager: Mounting plugin ActorLayerUtilities
LogPluginManager: Mounting plugin AnimationSharing
LogPluginManager: Mounting plugin CLionSourceCodeAccess
LogPluginManager: Mounting plugin CodeLiteSourceCodeAccess
LogPluginManager: Mounting plugin GitSourceControl
LogPluginManager: Mounting plugin KDevelopSourceCodeAccess
LogPluginManager: Mounting plugin NullSourceCodeAccess
LogPluginManager: Mounting plugin PerforceSourceControl
LogPluginManager: Mounting plugin PlasticSourceControl
LogPluginManager: Mounting plugin RiderSourceCodeAccess
LogPluginManager: Mounting plugin SubversionSourceControl
LogPluginManager: Mounting plugin UObjectPlugin
LogPluginManager: Mounting plugin VisualStudioCodeSourceCodeAccess
LogPluginManager: Mounting plugin VisualStudioSourceCodeAccess
LogPluginManager: Mounting plugin XCodeSourceCodeAccess
LogPluginManager: Mounting plugin AssetManagerEditor
LogPluginManager: Mounting plugin CryptoKeys
LogPluginManager: Mounting plugin CurveEditorTools
LogPluginManager: Mounting plugin DataValidation
LogPluginManager: Mounting plugin EditorScriptingUtilities
LogPluginManager: Mounting plugin FacialAnimation
LogPluginManager: Mounting plugin GameplayTagsEditor
LogPluginManager: Mounting plugin GeometryMode
LogPluginManager: Mounting plugin MacGraphicsSwitching
LogPluginManager: Mounting plugin MaterialAnalyzer
LogPluginManager: Mounting plugin MobileLauncherProfileWizard
LogPluginManager: Mounting plugin PluginBrowser
LogPluginManager: Mounting plugin SpeedTreeImporter
LogPluginManager: Mounting plugin DatasmithContent
LogPluginManager: Mounting plugin VariantManagerContent
LogPluginManager: Mounting plugin AlembicImporter
LogPluginManager: Mounting plugin AutomationUtils
LogPluginManager: Mounting plugin BackChannel
LogPluginManager: Mounting plugin ChaosCloth
LogPluginManager: Mounting plugin ChaosClothEditor
LogPluginManager: Mounting plugin ChaosEditor
LogPluginManager: Mounting plugin ChaosNiagara
LogPluginManager: Mounting plugin ChaosSolverPlugin
LogPluginManager: Mounting plugin CharacterAI
LogPluginManager: Mounting plugin GeometryCache
LogPluginManager: Mounting plugin GeometryCollectionPlugin
LogPluginManager: Mounting plugin GeometryProcessing
LogPluginManager: Mounting plugin PlanarCut
LogPluginManager: Mounting plugin PlatformCrypto
LogPluginManager: Mounting plugin ProxyLODPlugin
LogPluginManager: Mounting plugin SkeletalReduction
LogPluginManager: Mounting plugin Niagara
LogPluginManager: Mounting plugin MagicLeap
LogPluginManager: Mounting plugin MagicLeapLightEstimation
LogPluginManager: Mounting plugin MagicLeapMedia
LogPluginManager: Mounting plugin MagicLeapPassableWorld
LogPluginManager: Mounting plugin MLSDK
LogPluginManager: Mounting plugin AndroidMedia
LogPluginManager: Mounting plugin AvfMedia
LogPluginManager: Mounting plugin ImgMedia
LogPluginManager: Mounting plugin MediaCompositing
LogPluginManager: Mounting plugin MediaPlayerEditor
LogPluginManager: Mounting plugin WebMMedia
LogPluginManager: Mounting plugin WmfMedia
LogPluginManager: Mounting plugin MeshPainting
LogPluginManager: Mounting plugin TcpMessaging
LogPluginManager: Mounting plugin UdpMessaging
LogPluginManager: Mounting plugin ActorSequence
LogPluginManager: Mounting plugin LevelSequenceEditor
LogPluginManager: Mounting plugin MatineeToLevelSequence
LogPluginManager: Mounting plugin MovieRenderPipeline
LogPluginManager: Mounting plugin TemplateSequence
LogPluginManager: Mounting plugin NetcodeUnitTest
LogPluginManager: Mounting plugin NUTUnrealEngine4
LogPluginManager: Mounting plugin OnlineSubsystemGooglePlay
LogPluginManager: Mounting plugin OnlineSubsystemIOS
LogPluginManager: Mounting plugin OnlineSubsystem
LogPluginManager: Mounting plugin OnlineSubsystemNull
LogPluginManager: Mounting plugin OnlineSubsystemUtils
LogPluginManager: Mounting plugin LauncherChunkInstaller
LogPluginManager: Mounting plugin AndroidDeviceProfileSelector
LogPluginManager: Mounting plugin AndroidMoviePlayer
LogPluginManager: Mounting plugin AndroidPermission
LogPluginManager: Mounting plugin AppleImageUtils
LogPluginManager: Mounting plugin AppleMoviePlayer
LogPluginManager: Mounting plugin ArchVisCharacter
LogPluginManager: Mounting plugin AssetTags
LogPluginManager: Mounting plugin AudioCapture
LogPluginManager: Mounting plugin CableComponent
LogPluginManager: Mounting plugin CustomMeshComponent
LogPluginManager: Mounting plugin EditableMesh
LogPluginManager: Mounting plugin ExampleDeviceProfileSelector
LogPluginManager: Mounting plugin GoogleCloudMessaging
LogPluginManager: Mounting plugin GooglePAD
LogPluginManager: Mounting plugin IOSDeviceProfileSelector
LogPluginManager: Mounting plugin LinuxDeviceProfileSelector
LogPluginManager: Mounting plugin LocationServicesBPLibrary
LogPluginManager: Mounting plugin MobilePatchingUtils
LogPluginManager: Mounting plugin OculusVR
LogPluginManager: Mounting plugin PhysXVehicles
LogPluginManager: Mounting plugin PostSplashScreen
LogPluginManager: Mounting plugin ProceduralMeshComponent
LogPluginManager: Mounting plugin RuntimePhysXCooking
LogPluginManager: Mounting plugin SignificanceManager
LogPluginManager: Mounting plugin SoundFields
LogPluginManager: Mounting plugin SteamVR
LogPluginManager: Mounting plugin Synthesis
LogPluginManager: Mounting plugin WebMMoviePlayer
LogPluginManager: Mounting plugin WindowsMoviePlayer
LogPluginManager: Mounting plugin ScreenshotTools
LogInit: Using libcurl 7.55.1-DEV
LogInit:  - built for x86_64-pc-win32
LogInit:  - supports SSL with OpenSSL/1.1.1
LogInit:  - supports HTTP deflate (compression) using libz 1.2.8
LogInit:  - other features:
LogInit:      CURL_VERSION_SSL
LogInit:      CURL_VERSION_LIBZ
LogInit:      CURL_VERSION_IPV6
LogInit:      CURL_VERSION_ASYNCHDNS
LogInit:      CURL_VERSION_LARGEFILE
LogInit:      CURL_VERSION_IDN
LogInit:  CurlRequestOptions (configurable via config and command line):
LogInit:  - bVerifyPeer = true  - Libcurl will verify peer certificate
LogInit:  - bUseHttpProxy = false  - Libcurl will NOT use HTTP proxy
LogInit:  - bDontReuseConnections = false  - Libcurl will reuse connections
LogInit:  - MaxHostConnections = 16  - Libcurl will limit the number of connections to a host
LogInit:  - LocalHostAddr = Default
LogInit:  - BufferSize = 65536
LogOnline: OSS: Creating online subsystem instance for: NULL
LogInit: WinSock: version 1.1 (2.2), MaxSocks=32767, MaxUdp=65467
LogOnline: OSS: TryLoadSubsystemAndSetDefault: Loaded subsystem for module [NULL]
LogInit: Build: ++UE4+Release-4.25-CL-13942748
LogInit: Engine Version: 4.25.3-13942748+++UE4+Release-4.25
LogInit: Compatible Engine Version: 4.25.0-13144385+++UE4+Release-4.25
LogInit: Net CL: 13144385
LogInit: OS: Windows 10 (Release 2004) (), CPU: AMD Ryzen 3 2200U with Radeon Vega Mobile Gfx  , GPU: AMD Radeon(TM) Vega 3 Graphics
LogInit: Compiled (64-bit): Jul 25 2020 02:07:48
LogInit: Compiled with Visual C++: 19.24.28315.00
LogInit: Build Configuration: Development
LogInit: Branch Name: ++UE4+Release-4.25
LogInit: Command Line: 
LogInit: Base Directory: C:/Program Files/Epic Games/UE_4.25/Engine/Binaries/Win64/
LogInit: Allocator: TBB
LogInit: Installed Engine Build: 1
LogDevObjectVersion: Number of dev versions registered: 26
LogDevObjectVersion:   Dev-Blueprints (B0D832E4-1F89-4F0D-ACCF-7EB736FD4AA2): 10
LogDevObjectVersion:   Dev-Build (E1C64328-A22C-4D53-A36C-8E866417BD8C): 0
LogDevObjectVersion:   Dev-Core (375EC13C-06E4-48FB-B500-84F0262A717E): 4
LogDevObjectVersion:   Dev-Editor (E4B068ED-F494-42E9-A231-DA0B2E46BB41): 38
LogDevObjectVersion:   Dev-Framework (CFFC743F-43B0-4480-9391-14DF171D2073): 37
LogDevObjectVersion:   Dev-Mobile (B02B49B5-BB20-44E9-A304-32B752E40360): 2
LogDevObjectVersion:   Dev-Networking (A4E4105C-59A1-49B5-A7C5-40C4547EDFEE): 0
LogDevObjectVersion:   Dev-Online (39C831C9-5AE6-47DC-9A44-9C173E1C8E7C): 0
LogDevObjectVersion:   Dev-Physics (78F01B33-EBEA-4F98-B9B4-84EACCB95AA2): 4
LogDevObjectVersion:   Dev-Platform (6631380F-2D4D-43E0-8009-CF276956A95A): 0
LogDevObjectVersion:   Dev-Rendering (12F88B9F-8875-4AFC-A67C-D90C383ABD29): 43
LogDevObjectVersion:   Dev-Sequencer (7B5AE74C-D270-4C10-A958-57980B212A5A): 12
LogDevObjectVersion:   Dev-VR (D7296918-1DD6-4BDD-9DE2-64A83CC13884): 3
LogDevObjectVersion:   Dev-LoadTimes (C2A15278-BFE7-4AFE-6C17-90FF531DF755): 1
LogDevObjectVersion:   Private-Geometry (6EACA3D4-40EC-4CC1-B786-8BED09428FC5): 3
LogDevObjectVersion:   Dev-AnimPhys (29E575DD-E0A3-4627-9D10-D276232CDCEA): 17
LogDevObjectVersion:   Dev-Anim (AF43A65D-7FD3-4947-9873-3E8ED9C1BB05): 7
LogDevObjectVersion:   Dev-ReflectionCapture (6B266CEC-1EC7-4B8F-A30B-E4D90942FC07): 1
LogDevObjectVersion:   Dev-Automation (0DF73D61-A23F-47EA-B727-89E90C41499A): 1
LogDevObjectVersion:   FortniteMain (601D1886-AC64-4F84-AA16-D3DE0DEAC7D6): 31
LogDevObjectVersion:   Dev-Enterprise (9DFFBCD6-494F-0158-E221-12823C92A888): 10
LogDevObjectVersion:   Dev-Niagara (F2AED0AC-9AFE-416F-8664-AA7FFA26D6FC): 1
LogDevObjectVersion:   Dev-Destruction (174F1F0B-B4C6-45A5-B13F-2EE8D0FB917D): 10
LogDevObjectVersion:   Dev-Physics-Ext (35F94A83-E258-406C-A318-09F59610247C): 37
LogDevObjectVersion:   Dev-PhysicsMaterial-Chaos (B68FC16E-8B1B-42E2-B453-215C058844FE): 1
LogDevObjectVersion:   Dev-CineCamera (B2E18506-4273-CFC2-A54E-F4BB758BBA07): 1
LogInit: Presizing for max 25165824 objects, including 0 objects not considered by GC, pre-allocating 0 bytes for permanent pool.
LogConfig: Applying CVar settings from Section [/Script/Engine.StreamingSettings] File [C:/Users/psiDaylight/Documents/GitHub/Unreal/StageFight/Saved/Config/Windows/Engine.ini]
LogConfig: Setting CVar [[s.MinBulkDataSizeForAsyncLoading:131072]]
LogConfig: Setting CVar [[s.AsyncLoadingThreadEnabled:0]]
LogConfig: Setting CVar [[s.EventDrivenLoaderEnabled:1]]
LogConfig: Setting CVar [[s.WarnIfTimeLimitExceeded:0]]
LogConfig: Setting CVar [[s.TimeLimitExceededMultiplier:1.5]]
LogConfig: Setting CVar [[s.TimeLimitExceededMinTime:0.005]]
LogConfig: Setting CVar [[s.UseBackgroundLevelStreaming:1]]
LogConfig: Setting CVar [[s.PriorityAsyncLoadingExtraTime:15.0]]
LogConfig: Setting CVar [[s.LevelStreamingActorsUpdateTimeLimit:5.0]]
LogConfig: Setting CVar [[s.PriorityLevelStreamingActorsUpdateExtraTime:5.0]]
LogConfig: Setting CVar [[s.LevelStreamingComponentsRegistrationGranularity:10]]
LogConfig: Setting CVar [[s.UnregisterComponentsTimeLimit:1.0]]
LogConfig: Setting CVar [[s.LevelStreamingComponentsUnregistrationGranularity:5]]
LogConfig: Setting CVar [[s.FlushStreamingOnExit:1]]
LogInit: Object subsystem initialized
LogConfig: Setting CVar [[con.DebugEarlyDefault:1]]
LogConfig: Setting CVar [[r.setres:1280x720]]
[2020.10.07-13.07.20:857][  0]LogConfig: Setting CVar [[r.VSync:0]]
[2020.10.07-13.07.20:857][  0]LogConfig: Setting CVar [[r.RHICmdBypass:0]]
[2020.10.07-13.07.20:857][  0]LogConfig: Applying CVar settings from Section [/Script/Engine.RendererSettings] File [C:/Users/psiDaylight/Documents/GitHub/Unreal/StageFight/Saved/Config/Windows/Engine.ini]
[2020.10.07-13.07.20:857][  0]LogConfig: Setting CVar [[r.GPUCrashDebugging:0]]
[2020.10.07-13.07.20:857][  0]LogConfig: Applying CVar settings from Section [/Script/Engine.RendererOverrideSettings] File [C:/Users/psiDaylight/Documents/GitHub/Unreal/StageFight/Saved/Config/Windows/Engine.ini]
[2020.10.07-13.07.20:857][  0]LogConfig: Applying CVar settings from Section [/Script/Engine.StreamingSettings] File [C:/Users/psiDaylight/Documents/GitHub/Unreal/StageFight/Saved/Config/Windows/Engine.ini]
[2020.10.07-13.07.20:857][  0]LogConfig: Setting CVar [[s.MinBulkDataSizeForAsyncLoading:131072]]
[2020.10.07-13.07.20:857][  0]LogConfig: Setting CVar [[s.AsyncLoadingThreadEnabled:0]]
[2020.10.07-13.07.20:857][  0]LogConfig: Setting CVar [[s.EventDrivenLoaderEnabled:1]]
[2020.10.07-13.07.20:857][  0]LogConfig: Setting CVar [[s.WarnIfTimeLimitExceeded:0]]
[2020.10.07-13.07.20:858][  0]LogConfig: Setting CVar [[s.TimeLimitExceededMultiplier:1.5]]
[2020.10.07-13.07.20:858][  0]LogConfig: Setting CVar [[s.TimeLimitExceededMinTime:0.005]]
[2020.10.07-13.07.20:858][  0]LogConfig: Setting CVar [[s.UseBackgroundLevelStreaming:1]]
[2020.10.07-13.07.20:858][  0]LogConfig: Setting CVar [[s.PriorityAsyncLoadingExtraTime:15.0]]
[2020.10.07-13.07.20:858][  0]LogConfig: Setting CVar [[s.LevelStreamingActorsUpdateTimeLimit:5.0]]
[2020.10.07-13.07.20:858][  0]LogConfig: Setting CVar [[s.PriorityLevelStreamingActorsUpdateExtraTime:5.0]]
[2020.10.07-13.07.20:858][  0]LogConfig: Setting CVar [[s.LevelStreamingComponentsRegistrationGranularity:10]]
[2020.10.07-13.07.20:858][  0]LogConfig: Setting CVar [[s.UnregisterComponentsTimeLimit:1.0]]
[2020.10.07-13.07.20:858][  0]LogConfig: Setting CVar [[s.LevelStreamingComponentsUnregistrationGranularity:5]]
[2020.10.07-13.07.20:858][  0]LogConfig: Setting CVar [[s.FlushStreamingOnExit:1]]
[2020.10.07-13.07.20:858][  0]LogConfig: Applying CVar settings from Section [/Script/Engine.GarbageCollectionSettings] File [C:/Users/psiDaylight/Documents/GitHub/Unreal/StageFight/Saved/Config/Windows/Engine.ini]
[2020.10.07-13.07.20:858][  0]LogConfig: Setting CVar [[gc.MaxObjectsNotConsideredByGC:1]]
[2020.10.07-13.07.20:858][  0]LogConfig: Setting CVar [[gc.SizeOfPermanentObjectPool:0]]
[2020.10.07-13.07.20:858][  0]LogConfig: Setting CVar [[gc.FlushStreamingOnGC:0]]
[2020.10.07-13.07.20:858][  0]LogConfig: Setting CVar [[gc.NumRetriesBeforeForcingGC:10]]
[2020.10.07-13.07.20:858][  0]LogConfig: Setting CVar [[gc.AllowParallelGC:1]]
[2020.10.07-13.07.20:858][  0]LogConfig: Setting CVar [[gc.TimeBetweenPurgingPendingKillObjects:61.1]]
[2020.10.07-13.07.20:858][  0]LogConfig: Setting CVar [[gc.MaxObjectsInEditor:25165824]]
[2020.10.07-13.07.20:858][  0]LogConfig: Setting CVar [[gc.IncrementalBeginDestroyEnabled:1]]
[2020.10.07-13.07.20:858][  0]LogConfig: Setting CVar [[gc.CreateGCClusters:1]]
[2020.10.07-13.07.20:858][  0]LogConfig: Setting CVar [[gc.MinGCClusterSize:5]]
[2020.10.07-13.07.20:858][  0]LogConfig: Setting CVar [[gc.ActorClusteringEnabled:0]]
[2020.10.07-13.07.20:858][  0]LogConfig: Setting CVar [[gc.BlueprintClusteringEnabled:0]]
[2020.10.07-13.07.20:859][  0]LogConfig: Setting CVar [[gc.UseDisregardForGCOnDedicatedServers:0]]
[2020.10.07-13.07.20:859][  0]LogConfig: Applying CVar settings from Section [/Script/Engine.NetworkSettings] File [C:/Users/psiDaylight/Documents/GitHub/Unreal/StageFight/Saved/Config/Windows/Engine.ini]
[2020.10.07-13.07.20:859][  0]LogConfig: Applying CVar settings from Section [/Script/UnrealEd.CookerSettings] File [C:/Users/psiDaylight/Documents/GitHub/Unreal/StageFight/Saved/Config/Windows/Engine.ini]
[2020.10.07-13.07.20:864][  0]LogConfig: Applying CVar settings from Section [ViewDistanceQuality@3] File [C:/Users/psiDaylight/Documents/GitHub/Unreal/StageFight/Saved/Config/Windows/Scalability.ini]
[2020.10.07-13.07.20:864][  0]LogConfig: Setting CVar [[r.SkeletalMeshLODBias:0]]
[2020.10.07-13.07.20:864][  0]LogConfig: Setting CVar [[r.ViewDistanceScale:1.0]]
[2020.10.07-13.07.20:864][  0]LogConfig: Applying CVar settings from Section [AntiAliasingQuality@3] File [C:/Users/psiDaylight/Documents/GitHub/Unreal/StageFight/Saved/Config/Windows/Scalability.ini]
[2020.10.07-13.07.20:864][  0]LogConfig: Setting CVar [[r.PostProcessAAQuality:4]]
[2020.10.07-13.07.20:864][  0]LogConfig: Applying CVar settings from Section [ShadowQuality@3] File [C:/Users/psiDaylight/Documents/GitHub/Unreal/StageFight/Saved/Config/Windows/Scalability.ini]
[2020.10.07-13.07.20:864][  0]LogConfig: Setting CVar [[r.LightFunctionQuality:1]]
[2020.10.07-13.07.20:864][  0]LogConfig: Setting CVar [[r.ShadowQuality:5]]
[2020.10.07-13.07.20:864][  0]LogConfig: Setting CVar [[r.Shadow.CSM.MaxCascades:10]]
[2020.10.07-13.07.20:864][  0]LogConfig: Setting CVar [[r.Shadow.MaxResolution:2048]]
[2020.10.07-13.07.20:864][  0]LogConfig: Setting CVar [[r.Shadow.MaxCSMResolution:2048]]
[2020.10.07-13.07.20:864][  0]LogConfig: Setting CVar [[r.Shadow.RadiusThreshold:0.01]]
[2020.10.07-13.07.20:864][  0]LogConfig: Setting CVar [[r.Shadow.DistanceScale:1.0]]
[2020.10.07-13.07.20:864][  0]LogConfig: Setting CVar [[r.Shadow.CSM.TransitionScale:1.0]]
[2020.10.07-13.07.20:864][  0]LogConfig: Setting CVar [[r.Shadow.PreShadowResolutionFactor:1.0]]
[2020.10.07-13.07.20:864][  0]LogConfig: Setting CVar [[r.DistanceFieldShadowing:1]]
[2020.10.07-13.07.20:864][  0]LogConfig: Setting CVar [[r.DistanceFieldAO:1]]
[2020.10.07-13.07.20:864][  0]LogConfig: Setting CVar [[r.AOQuality:2]]
[2020.10.07-13.07.20:864][  0]LogConfig: Setting CVar [[r.VolumetricFog:1]]
[2020.10.07-13.07.20:864][  0]LogConfig: Setting CVar [[r.VolumetricFog.GridPixelSize:8]]
[2020.10.07-13.07.20:864][  0]LogConfig: Setting CVar [[r.VolumetricFog.GridSizeZ:128]]
[2020.10.07-13.07.20:864][  0]LogConfig: Setting CVar [[r.VolumetricFog.HistoryMissSupersampleCount:4]]
[2020.10.07-13.07.20:864][  0]LogConfig: Setting CVar [[r.LightMaxDrawDistanceScale:1]]
[2020.10.07-13.07.20:864][  0]LogConfig: Setting CVar [[r.CapsuleShadows:1]]
[2020.10.07-13.07.20:864][  0]LogConfig: Applying CVar settings from Section [PostProcessQuality@3] File [C:/Users/psiDaylight/Documents/GitHub/Unreal/StageFight/Saved/Config/Windows/Scalability.ini]
[2020.10.07-13.07.20:864][  0]LogConfig: Setting CVar [[r.MotionBlurQuality:4]]
[2020.10.07-13.07.20:864][  0]LogConfig: Setting CVar [[r.AmbientOcclusionMipLevelFactor:0.4]]
[2020.10.07-13.07.20:865][  0]LogConfig: Setting CVar [[r.AmbientOcclusionMaxQuality:100]]
[2020.10.07-13.07.20:865][  0]LogConfig: Setting CVar [[r.AmbientOcclusionLevels:-1]]
[2020.10.07-13.07.20:865][  0]LogConfig: Setting CVar [[r.AmbientOcclusionRadiusScale:1.0]]
[2020.10.07-13.07.20:865][  0]LogConfig: Setting CVar [[r.DepthOfFieldQuality:2]]
[2020.10.07-13.07.20:865][  0]LogConfig: Setting CVar [[r.RenderTargetPoolMin:400]]
[2020.10.07-13.07.20:865][  0]LogConfig: Setting CVar [[r.LensFlareQuality:2]]
[2020.10.07-13.07.20:865][  0]LogConfig: Setting CVar [[r.SceneColorFringeQuality:1]]
[2020.10.07-13.07.20:865][  0]LogConfig: Setting CVar [[r.EyeAdaptationQuality:2]]
[2020.10.07-13.07.20:865][  0]LogConfig: Setting CVar [[r.BloomQuality:5]]
[2020.10.07-13.07.20:865][  0]LogConfig: Setting CVar [[r.FastBlurThreshold:100]]
[2020.10.07-13.07.20:865][  0]LogConfig: Setting CVar [[r.Upscale.Quality:3]]
[2020.10.07-13.07.20:865][  0]LogConfig: Setting CVar [[r.Tonemapper.GrainQuantization:1]]
[2020.10.07-13.07.20:865][  0]LogConfig: Setting CVar [[r.LightShaftQuality:1]]
[2020.10.07-13.07.20:865][  0]LogConfig: Setting CVar [[r.Filter.SizeScale:1]]
[2020.10.07-13.07.20:865][  0]LogConfig: Setting CVar [[r.Tonemapper.Quality:5]]
[2020.10.07-13.07.20:865][  0]LogConfig: Setting CVar [[r.DOF.Gather.AccumulatorQuality:1        ; higher gathering accumulator quality]]
[2020.10.07-13.07.20:865][  0]LogConfig: Setting CVar [[r.DOF.Gather.PostfilterMethod:1          ; Median3x3 postfilering method]]
[2020.10.07-13.07.20:865][  0]LogConfig: Setting CVar [[r.DOF.Gather.EnableBokehSettings:0       ; no bokeh simulation when gathering]]
[2020.10.07-13.07.20:865][  0]LogConfig: Setting CVar [[r.DOF.Gather.RingCount:4                 ; medium number of samples when gathering]]
[2020.10.07-13.07.20:865][  0]LogConfig: Setting CVar [[r.DOF.Scatter.ForegroundCompositing:1    ; additive foreground scattering]]
[2020.10.07-13.07.20:865][  0]LogConfig: Setting CVar [[r.DOF.Scatter.BackgroundCompositing:2    ; additive background scattering]]
[2020.10.07-13.07.20:865][  0]LogConfig: Setting CVar [[r.DOF.Scatter.EnableBokehSettings:1      ; bokeh simulation when scattering]]
[2020.10.07-13.07.20:865][  0]LogConfig: Setting CVar [[r.DOF.Scatter.MaxSpriteRatio:0.1         ; only a maximum of 10% of scattered bokeh]]
[2020.10.07-13.07.20:865][  0]LogConfig: Setting CVar [[r.DOF.Recombine.Quality:1                ; cheap slight out of focus]]
[2020.10.07-13.07.20:865][  0]LogConfig: Setting CVar [[r.DOF.Recombine.EnableBokehSettings:0    ; no bokeh simulation on slight out of focus]]
[2020.10.07-13.07.20:865][  0]LogConfig: Setting CVar [[r.DOF.TemporalAAQuality:1                ; more stable temporal accumulation]]
[2020.10.07-13.07.20:865][  0]LogConfig: Setting CVar [[r.DOF.Kernel.MaxForegroundRadius:0.025]]
[2020.10.07-13.07.20:865][  0]LogConfig: Setting CVar [[r.DOF.Kernel.MaxBackgroundRadius:0.025]]
[2020.10.07-13.07.20:865][  0]LogConfig: Applying CVar settings from Section [TextureQuality@3] File [C:/Users/psiDaylight/Documents/GitHub/Unreal/StageFight/Saved/Config/Windows/Scalability.ini]
[2020.10.07-13.07.20:865][  0]LogConfig: Setting CVar [[r.Streaming.MipBias:0]]
[2020.10.07-13.07.20:865][  0]LogConfig: Setting CVar [[r.Streaming.AmortizeCPUToGPUCopy:0]]
[2020.10.07-13.07.20:865][  0]LogConfig: Setting CVar [[r.Streaming.MaxNumTexturesToStreamPerFrame:0]]
[2020.10.07-13.07.20:865][  0]LogConfig: Setting CVar [[r.Streaming.Boost:1]]
[2020.10.07-13.07.20:866][  0]LogConfig: Setting CVar [[r.MaxAnisotropy:8]]
[2020.10.07-13.07.20:866][  0]LogConfig: Setting CVar [[r.VT.MaxAnisotropy:8]]
[2020.10.07-13.07.20:866][  0]LogConfig: Setting CVar [[r.Streaming.LimitPoolSizeToVRAM:0]]
[2020.10.07-13.07.20:866][  0]LogConfig: Setting CVar [[r.Streaming.PoolSize:1000]]
[2020.10.07-13.07.20:866][  0]LogConfig: Setting CVar [[r.Streaming.MaxEffectiveScreenSize:0]]
[2020.10.07-13.07.20:866][  0]LogConfig: Applying CVar settings from Section [EffectsQuality@3] File [C:/Users/psiDaylight/Documents/GitHub/Unreal/StageFight/Saved/Config/Windows/Scalability.ini]
[2020.10.07-13.07.20:866][  0]LogConfig: Setting CVar [[r.TranslucencyLightingVolumeDim:64]]
[2020.10.07-13.07.20:866][  0]LogConfig: Setting CVar [[r.RefractionQuality:2]]
[2020.10.07-13.07.20:866][  0]LogConfig: Setting CVar [[r.SSR.Quality:3]]
[2020.10.07-13.07.20:866][  0]LogConfig: Setting CVar [[r.SSR.HalfResSceneColor:0]]
[2020.10.07-13.07.20:866][  0]LogConfig: Setting CVar [[r.SceneColorFormat:4]]
[2020.10.07-13.07.20:866][  0]LogConfig: Setting CVar [[r.DetailMode:2]]
[2020.10.07-13.07.20:866][  0]LogConfig: Setting CVar [[r.TranslucencyVolumeBlur:1]]
[2020.10.07-13.07.20:866][  0]LogConfig: Setting CVar [[r.MaterialQualityLevel:1 ; High quality]]
[2020.10.07-13.07.20:866][  0]LogConfig: Setting CVar [[r.SSS.Scale:1]]
[2020.10.07-13.07.20:866][  0]LogConfig: Setting CVar [[r.SSS.SampleSet:2]]
[2020.10.07-13.07.20:866][  0]LogConfig: Setting CVar [[r.SSS.Quality:1]]
[2020.10.07-13.07.20:866][  0]LogConfig: Setting CVar [[r.SSS.HalfRes:0]]
[2020.10.07-13.07.20:866][  0]LogConfig: Setting CVar [[r.SSGI.Quality:3]]
[2020.10.07-13.07.20:866][  0]LogConfig: Setting CVar [[r.EmitterSpawnRateScale:1.0]]
[2020.10.07-13.07.20:866][  0]LogConfig: Setting CVar [[r.ParticleLightQuality:2]]
[2020.10.07-13.07.20:866][  0]LogConfig: Setting CVar [[r.SkyAtmosphere.AerialPerspectiveLUT.FastApplyOnOpaque:1 ; Always have FastSkyLUT 1 in this case to avoid wrong sky]]
[2020.10.07-13.07.20:866][  0]LogConfig: Setting CVar [[r.SkyAtmosphere.AerialPerspectiveLUT.SampleCountPerSlice:1]]
[2020.10.07-13.07.20:866][  0]LogConfig: Setting CVar [[r.SkyAtmosphere.AerialPerspectiveLUT.DepthResolution:16.0]]
[2020.10.07-13.07.20:866][  0]LogConfig: Setting CVar [[r.SkyAtmosphere.FastSkyLUT:1]]
[2020.10.07-13.07.20:866][  0]LogConfig: Setting CVar [[r.SkyAtmosphere.FastSkyLUT.SampleCountMin:4.0]]
[2020.10.07-13.07.20:866][  0]LogConfig: Setting CVar [[r.SkyAtmosphere.FastSkyLUT.SampleCountMax:32.0]]
[2020.10.07-13.07.20:866][  0]LogConfig: Setting CVar [[r.SkyAtmosphere.SampleCountMin:4.0]]
[2020.10.07-13.07.20:866][  0]LogConfig: Setting CVar [[r.SkyAtmosphere.SampleCountMax:32.0]]
[2020.10.07-13.07.20:866][  0]LogConfig: Setting CVar [[r.SkyAtmosphere.TransmittanceLUT.UseSmallFormat:0]]
[2020.10.07-13.07.20:866][  0]LogConfig: Setting CVar [[r.SkyAtmosphere.TransmittanceLUT.SampleCount:10.0]]
[2020.10.07-13.07.20:866][  0]LogConfig: Setting CVar [[r.SkyAtmosphere.MultiScatteringLUT.SampleCount:15.0]]
[2020.10.07-13.07.20:866][  0]LogConfig: Applying CVar settings from Section [FoliageQuality@3] File [C:/Users/psiDaylight/Documents/GitHub/Unreal/StageFight/Saved/Config/Windows/Scalability.ini]
[2020.10.07-13.07.20:867][  0]LogConfig: Setting CVar [[foliage.DensityScale:1.0]]
[2020.10.07-13.07.20:867][  0]LogConfig: Setting CVar [[grass.DensityScale:1.0]]
[2020.10.07-13.07.20:867][  0]LogConfig: Applying CVar settings from Section [ShadingQuality@3] File [C:/Users/psiDaylight/Documents/GitHub/Unreal/StageFight/Saved/Config/Windows/Scalability.ini]
[2020.10.07-13.07.20:867][  0]LogConfig: Setting CVar [[r.HairStrands.SkyLighting.SampleCount:16]]
[2020.10.07-13.07.20:867][  0]LogConfig: Setting CVar [[r.HairStrands.SkyLighting.JitterIntegration:0]]
[2020.10.07-13.07.20:867][  0]LogConfig: Setting CVar [[r.HairStrands.SkyAO.SampleCount:16]]
[2020.10.07-13.07.20:867][  0]LogConfig: Setting CVar [[r.HairStrands.DeepShadow.SuperSampling:0]]
[2020.10.07-13.07.20:867][  0]LogConfig: Setting CVar [[r.HairStrands.VisibilityPPLL:0]]
[2020.10.07-13.07.20:867][  0]LogConfig: Setting CVar [[r.HairStrands.RasterizationScale:0.5]]
[2020.10.07-13.07.20:867][  0]LogConfig: Setting CVar [[r.HairStrands.VelocityRasterizationScale:1]]
[2020.10.07-13.07.20:867][  0]LogInit: Selected Device Profile: [Windows]
[2020.10.07-13.07.20:867][  0]LogInit: Applying CVar settings loaded from the selected device profile: [Windows]
[2020.10.07-13.07.20:867][  0]LogHAL: Display: Platform has ~ 8 GB [8224260096 / 8589934592 / 8], which maps to Default [LargestMinGB=32, LargerMinGB=12, DefaultMinGB=8, SmallerMinGB=6, SmallestMinGB=0)
[2020.10.07-13.07.20:867][  0]LogInit: Going up to parent DeviceProfile []
[2020.10.07-13.07.20:867][  0]LogConfig: Applying CVar settings from Section [ViewDistanceQuality@3] File [C:/Users/psiDaylight/Documents/GitHub/Unreal/StageFight/Saved/Config/Windows/Scalability.ini]
[2020.10.07-13.07.20:867][  0]LogConfig: Setting CVar [[r.SkeletalMeshLODBias:0]]
[2020.10.07-13.07.20:867][  0]LogConfig: Setting CVar [[r.ViewDistanceScale:1.0]]
[2020.10.07-13.07.20:867][  0]LogConfig: Applying CVar settings from Section [AntiAliasingQuality@3] File [C:/Users/psiDaylight/Documents/GitHub/Unreal/StageFight/Saved/Config/Windows/Scalability.ini]
[2020.10.07-13.07.20:867][  0]LogConfig: Setting CVar [[r.PostProcessAAQuality:4]]
[2020.10.07-13.07.20:867][  0]LogConfig: Applying CVar settings from Section [ShadowQuality@3] File [C:/Users/psiDaylight/Documents/GitHub/Unreal/StageFight/Saved/Config/Windows/Scalability.ini]
[2020.10.07-13.07.20:867][  0]LogConfig: Setting CVar [[r.LightFunctionQuality:1]]
[2020.10.07-13.07.20:868][  0]LogConfig: Setting CVar [[r.ShadowQuality:5]]
[2020.10.07-13.07.20:868][  0]LogConfig: Setting CVar [[r.Shadow.CSM.MaxCascades:10]]
[2020.10.07-13.07.20:868][  0]LogConfig: Setting CVar [[r.Shadow.MaxResolution:2048]]
[2020.10.07-13.07.20:868][  0]LogConfig: Setting CVar [[r.Shadow.MaxCSMResolution:2048]]
[2020.10.07-13.07.20:868][  0]LogConfig: Setting CVar [[r.Shadow.RadiusThreshold:0.01]]
[2020.10.07-13.07.20:868][  0]LogConfig: Setting CVar [[r.Shadow.DistanceScale:1.0]]
[2020.10.07-13.07.20:868][  0]LogConfig: Setting CVar [[r.Shadow.CSM.TransitionScale:1.0]]
[2020.10.07-13.07.20:868][  0]LogConfig: Setting CVar [[r.Shadow.PreShadowResolutionFactor:1.0]]
[2020.10.07-13.07.20:868][  0]LogConfig: Setting CVar [[r.DistanceFieldShadowing:1]]
[2020.10.07-13.07.20:868][  0]LogConfig: Setting CVar [[r.DistanceFieldAO:1]]
[2020.10.07-13.07.20:868][  0]LogConfig: Setting CVar [[r.AOQuality:2]]
[2020.10.07-13.07.20:868][  0]LogConfig: Setting CVar [[r.VolumetricFog:1]]
[2020.10.07-13.07.20:868][  0]LogConfig: Setting CVar [[r.VolumetricFog.GridPixelSize:8]]
[2020.10.07-13.07.20:868][  0]LogConfig: Setting CVar [[r.VolumetricFog.GridSizeZ:128]]
[2020.10.07-13.07.20:868][  0]LogConfig: Setting CVar [[r.VolumetricFog.HistoryMissSupersampleCount:4]]
[2020.10.07-13.07.20:868][  0]LogConfig: Setting CVar [[r.LightMaxDrawDistanceScale:1]]
[2020.10.07-13.07.20:868][  0]LogConfig: Setting CVar [[r.CapsuleShadows:1]]
[2020.10.07-13.07.20:868][  0]LogConfig: Applying CVar settings from Section [PostProcessQuality@3] File [C:/Users/psiDaylight/Documents/GitHub/Unreal/StageFight/Saved/Config/Windows/Scalability.ini]
[2020.10.07-13.07.20:868][  0]LogConfig: Setting CVar [[r.MotionBlurQuality:4]]
[2020.10.07-13.07.20:868][  0]LogConfig: Setting CVar [[r.AmbientOcclusionMipLevelFactor:0.4]]
[2020.10.07-13.07.20:868][  0]LogConfig: Setting CVar [[r.AmbientOcclusionMaxQuality:100]]
[2020.10.07-13.07.20:868][  0]LogConfig: Setting CVar [[r.AmbientOcclusionLevels:-1]]
[2020.10.07-13.07.20:868][  0]LogConfig: Setting CVar [[r.AmbientOcclusionRadiusScale:1.0]]
[2020.10.07-13.07.20:868][  0]LogConfig: Setting CVar [[r.DepthOfFieldQuality:2]]
[2020.10.07-13.07.20:868][  0]LogConfig: Setting CVar [[r.RenderTargetPoolMin:400]]
[2020.10.07-13.07.20:868][  0]LogConfig: Setting CVar [[r.LensFlareQuality:2]]
[2020.10.07-13.07.20:868][  0]LogConfig: Setting CVar [[r.SceneColorFringeQuality:1]]
[2020.10.07-13.07.20:868][  0]LogConfig: Setting CVar [[r.EyeAdaptationQuality:2]]
[2020.10.07-13.07.20:868][  0]LogConfig: Setting CVar [[r.BloomQuality:5]]
[2020.10.07-13.07.20:868][  0]LogConfig: Setting CVar [[r.FastBlurThreshold:100]]
[2020.10.07-13.07.20:868][  0]LogConfig: Setting CVar [[r.Upscale.Quality:3]]
[2020.10.07-13.07.20:868][  0]LogConfig: Setting CVar [[r.Tonemapper.GrainQuantization:1]]
[2020.10.07-13.07.20:868][  0]LogConfig: Setting CVar [[r.LightShaftQuality:1]]
[2020.10.07-13.07.20:868][  0]LogConfig: Setting CVar [[r.Filter.SizeScale:1]]
[2020.10.07-13.07.20:869][  0]LogConfig: Setting CVar [[r.Tonemapper.Quality:5]]
[2020.10.07-13.07.20:869][  0]LogConfig: Setting CVar [[r.DOF.Gather.AccumulatorQuality:1        ; higher gathering accumulator quality]]
[2020.10.07-13.07.20:869][  0]LogConfig: Setting CVar [[r.DOF.Gather.PostfilterMethod:1          ; Median3x3 postfilering method]]
[2020.10.07-13.07.20:869][  0]LogConfig: Setting CVar [[r.DOF.Gather.EnableBokehSettings:0       ; no bokeh simulation when gathering]]
[2020.10.07-13.07.20:869][  0]LogConfig: Setting CVar [[r.DOF.Gather.RingCount:4                 ; medium number of samples when gathering]]
[2020.10.07-13.07.20:869][  0]LogConfig: Setting CVar [[r.DOF.Scatter.ForegroundCompositing:1    ; additive foreground scattering]]
[2020.10.07-13.07.20:869][  0]LogConfig: Setting CVar [[r.DOF.Scatter.BackgroundCompositing:2    ; additive background scattering]]
[2020.10.07-13.07.20:869][  0]LogConfig: Setting CVar [[r.DOF.Scatter.EnableBokehSettings:1      ; bokeh simulation when scattering]]
[2020.10.07-13.07.20:869][  0]LogConfig: Setting CVar [[r.DOF.Scatter.MaxSpriteRatio:0.1         ; only a maximum of 10% of scattered bokeh]]
[2020.10.07-13.07.20:869][  0]LogConfig: Setting CVar [[r.DOF.Recombine.Quality:1                ; cheap slight out of focus]]
[2020.10.07-13.07.20:869][  0]LogConfig: Setting CVar [[r.DOF.Recombine.EnableBokehSettings:0    ; no bokeh simulation on slight out of focus]]
[2020.10.07-13.07.20:869][  0]LogConfig: Setting CVar [[r.DOF.TemporalAAQuality:1                ; more stable temporal accumulation]]
[2020.10.07-13.07.20:869][  0]LogConfig: Setting CVar [[r.DOF.Kernel.MaxForegroundRadius:0.025]]
[2020.10.07-13.07.20:869][  0]LogConfig: Setting CVar [[r.DOF.Kernel.MaxBackgroundRadius:0.025]]
[2020.10.07-13.07.20:869][  0]LogConfig: Applying CVar settings from Section [TextureQuality@3] File [C:/Users/psiDaylight/Documents/GitHub/Unreal/StageFight/Saved/Config/Windows/Scalability.ini]
[2020.10.07-13.07.20:869][  0]LogConfig: Setting CVar [[r.Streaming.MipBias:0]]
[2020.10.07-13.07.20:869][  0]LogConfig: Setting CVar [[r.Streaming.AmortizeCPUToGPUCopy:0]]
[2020.10.07-13.07.20:869][  0]LogConfig: Setting CVar [[r.Streaming.MaxNumTexturesToStreamPerFrame:0]]
[2020.10.07-13.07.20:869][  0]LogConfig: Setting CVar [[r.Streaming.Boost:1]]
[2020.10.07-13.07.20:869][  0]LogConfig: Setting CVar [[r.MaxAnisotropy:8]]
[2020.10.07-13.07.20:869][  0]LogConfig: Setting CVar [[r.VT.MaxAnisotropy:8]]
[2020.10.07-13.07.20:869][  0]LogConfig: Setting CVar [[r.Streaming.LimitPoolSizeToVRAM:0]]
[2020.10.07-13.07.20:869][  0]LogConfig: Setting CVar [[r.Streaming.PoolSize:1000]]
[2020.10.07-13.07.20:869][  0]LogConfig: Setting CVar [[r.Streaming.MaxEffectiveScreenSize:0]]
[2020.10.07-13.07.20:869][  0]LogConfig: Applying CVar settings from Section [EffectsQuality@3] File [C:/Users/psiDaylight/Documents/GitHub/Unreal/StageFight/Saved/Config/Windows/Scalability.ini]
[2020.10.07-13.07.20:869][  0]LogConfig: Setting CVar [[r.TranslucencyLightingVolumeDim:64]]
[2020.10.07-13.07.20:869][  0]LogConfig: Setting CVar [[r.RefractionQuality:2]]
[2020.10.07-13.07.20:869][  0]LogConfig: Setting CVar [[r.SSR.Quality:3]]
[2020.10.07-13.07.20:869][  0]LogConfig: Setting CVar [[r.SSR.HalfResSceneColor:0]]
[2020.10.07-13.07.20:869][  0]LogConfig: Setting CVar [[r.SceneColorFormat:4]]
[2020.10.07-13.07.20:869][  0]LogConfig: Setting CVar [[r.DetailMode:2]]
[2020.10.07-13.07.20:869][  0]LogConfig: Setting CVar [[r.TranslucencyVolumeBlur:1]]
[2020.10.07-13.07.20:869][  0]LogConfig: Setting CVar [[r.MaterialQualityLevel:1 ; High quality]]
[2020.10.07-13.07.20:870][  0]LogConfig: Setting CVar [[r.SSS.Scale:1]]
[2020.10.07-13.07.20:870][  0]LogConfig: Setting CVar [[r.SSS.SampleSet:2]]
[2020.10.07-13.07.20:870][  0]LogConfig: Setting CVar [[r.SSS.Quality:1]]
[2020.10.07-13.07.20:870][  0]LogConfig: Setting CVar [[r.SSS.HalfRes:0]]
[2020.10.07-13.07.20:870][  0]LogConfig: Setting CVar [[r.SSGI.Quality:3]]
[2020.10.07-13.07.20:870][  0]LogConfig: Setting CVar [[r.EmitterSpawnRateScale:1.0]]
[2020.10.07-13.07.20:870][  0]LogConfig: Setting CVar [[r.ParticleLightQuality:2]]
[2020.10.07-13.07.20:870][  0]LogConfig: Setting CVar [[r.SkyAtmosphere.AerialPerspectiveLUT.FastApplyOnOpaque:1 ; Always have FastSkyLUT 1 in this case to avoid wrong sky]]
[2020.10.07-13.07.20:870][  0]LogConfig: Setting CVar [[r.SkyAtmosphere.AerialPerspectiveLUT.SampleCountPerSlice:1]]
[2020.10.07-13.07.20:870][  0]LogConfig: Setting CVar [[r.SkyAtmosphere.AerialPerspectiveLUT.DepthResolution:16.0]]
[2020.10.07-13.07.20:870][  0]LogConfig: Setting CVar [[r.SkyAtmosphere.FastSkyLUT:1]]
[2020.10.07-13.07.20:870][  0]LogConfig: Setting CVar [[r.SkyAtmosphere.FastSkyLUT.SampleCountMin:4.0]]
[2020.10.07-13.07.20:870][  0]LogConfig: Setting CVar [[r.SkyAtmosphere.FastSkyLUT.SampleCountMax:32.0]]
[2020.10.07-13.07.20:870][  0]LogConfig: Setting CVar [[r.SkyAtmosphere.SampleCountMin:4.0]]
[2020.10.07-13.07.20:870][  0]LogConfig: Setting CVar [[r.SkyAtmosphere.SampleCountMax:32.0]]
[2020.10.07-13.07.20:870][  0]LogConfig: Setting CVar [[r.SkyAtmosphere.TransmittanceLUT.UseSmallFormat:0]]
[2020.10.07-13.07.20:870][  0]LogConfig: Setting CVar [[r.SkyAtmosphere.TransmittanceLUT.SampleCount:10.0]]
[2020.10.07-13.07.20:870][  0]LogConfig: Setting CVar [[r.SkyAtmosphere.MultiScatteringLUT.SampleCount:15.0]]
[2020.10.07-13.07.20:870][  0]LogConfig: Applying CVar settings from Section [FoliageQuality@3] File [C:/Users/psiDaylight/Documents/GitHub/Unreal/StageFight/Saved/Config/Windows/Scalability.ini]
[2020.10.07-13.07.20:870][  0]LogConfig: Setting CVar [[foliage.DensityScale:1.0]]
[2020.10.07-13.07.20:870][  0]LogConfig: Setting CVar [[grass.DensityScale:1.0]]
[2020.10.07-13.07.20:870][  0]LogConfig: Applying CVar settings from Section [ShadingQuality@3] File [C:/Users/psiDaylight/Documents/GitHub/Unreal/StageFight/Saved/Config/Windows/Scalability.ini]
[2020.10.07-13.07.20:870][  0]LogConfig: Setting CVar [[r.HairStrands.SkyLighting.SampleCount:16]]
[2020.10.07-13.07.20:870][  0]LogConfig: Setting CVar [[r.HairStrands.SkyLighting.JitterIntegration:0]]
[2020.10.07-13.07.20:870][  0]LogConfig: Setting CVar [[r.HairStrands.SkyAO.SampleCount:16]]
[2020.10.07-13.07.20:870][  0]LogConfig: Setting CVar [[r.HairStrands.DeepShadow.SuperSampling:0]]
[2020.10.07-13.07.20:870][  0]LogConfig: Setting CVar [[r.HairStrands.VisibilityPPLL:0]]
[2020.10.07-13.07.20:870][  0]LogConfig: Setting CVar [[r.HairStrands.RasterizationScale:0.5]]
[2020.10.07-13.07.20:870][  0]LogConfig: Setting CVar [[r.HairStrands.VelocityRasterizationScale:1]]
[2020.10.07-13.07.20:870][  0]LogConfig: Applying CVar settings from Section [Startup] File [../../../Engine/Config/ConsoleVariables.ini]
[2020.10.07-13.07.20:871][  0]LogConfig: Setting CVar [[net.UseAdaptiveNetUpdateFrequency:0]]
[2020.10.07-13.07.20:871][  0]LogConfig: Setting CVar [[p.chaos.AllowCreatePhysxBodies:1]]
[2020.10.07-13.07.20:871][  0]LogConfig: Setting CVar [[fx.SkipVectorVMBackendOptimizations:1]]
[2020.10.07-13.07.20:871][  0]LogConfig: Applying CVar settings from Section [ConsoleVariables] File [C:/Users/psiDaylight/Documents/GitHub/Unreal/StageFight/Saved/Config/Windows/Engine.ini]
[2020.10.07-13.07.20:872][  0]LogInit: Computer: LAPTOP-22I3A1K5
[2020.10.07-13.07.20:872][  0]LogInit: User: psiDaylight
[2020.10.07-13.07.20:872][  0]LogInit: CPU Page size=4096, Cores=2
[2020.10.07-13.07.20:872][  0]LogInit: High frequency timer resolution =10.000000 MHz
[2020.10.07-13.07.20:872][  0]LogMemory: Memory total: Physical=7.7GB (8GB approx)
[2020.10.07-13.07.20:872][  0]LogMemory: Platform Memory Stats for Windows
[2020.10.07-13.07.20:872][  0]LogMemory: Process Physical Memory: 114.38 MB used, 114.38 MB peak
[2020.10.07-13.07.20:872][  0]LogMemory: Process Virtual Memory: 95.10 MB used, 95.10 MB peak
[2020.10.07-13.07.20:872][  0]LogMemory: Physical Memory: 5402.68 MB used,  2440.59 MB free, 7843.27 MB total
[2020.10.07-13.07.20:872][  0]LogMemory: Virtual Memory: 5124.46 MB used,  134212600.00 MB free, 134217728.00 MB total
[2020.10.07-13.07.20:892][  0]LogWindows: WindowsPlatformFeatures enabled
[2020.10.07-13.07.20:991][  0]LogInit: Physics initialised using underlying interface: PhysX
[2020.10.07-13.07.20:992][  0]LogInit: Using OS detected language (en-US).
[2020.10.07-13.07.20:993][  0]LogInit: Using OS detected locale (en-US).
[2020.10.07-13.07.21:007][  0]LogTextLocalizationManager: No specific localization for 'en-US' exists, so the 'en' localization will be used.
[2020.10.07-13.07.21:532][  0]LogInit: Setting process to per monitor DPI aware
[2020.10.07-13.07.21:641][  0]LogSlate: New Slate User Created.  User Index 0, Is Virtual User: 0
[2020.10.07-13.07.21:641][  0]LogSlate: Slate User Registered.  User Index 0, Is Virtual User: 0
[2020.10.07-13.07.22:072][  0]LogHMD: Failed to initialize OpenVR with code 110
[2020.10.07-13.07.22:072][  0]LogD3D11RHI: D3D11 min allowed feature level: 11_0
[2020.10.07-13.07.22:072][  0]LogD3D11RHI: D3D11 max allowed feature level: 11_0
[2020.10.07-13.07.22:072][  0]LogD3D11RHI: D3D11 adapters:
[2020.10.07-13.07.22:126][  0]LogD3D11RHI:    0. 'AMD Radeon(TM) Vega 3 Graphics' (Feature Level 11_0)
[2020.10.07-13.07.22:126][  0]LogD3D11RHI:       241/0/3921 MB DedicatedVideo/DedicatedSystem/SharedSystem, Outputs:1, VendorId:0x1002
[2020.10.07-13.07.22:131][  0]LogD3D11RHI:    1. 'Microsoft Basic Render Driver' (Feature Level 11_0)
[2020.10.07-13.07.22:131][  0]LogD3D11RHI:       0/0/3921 MB DedicatedVideo/DedicatedSystem/SharedSystem, Outputs:0, VendorId:0x1414
[2020.10.07-13.07.22:131][  0]LogD3D11RHI: Chosen D3D11 Adapter: 0
[2020.10.07-13.07.22:153][  0]LogD3D11RHI: Creating new Direct3DDevice
[2020.10.07-13.07.22:153][  0]LogD3D11RHI:     GPU DeviceId: 0x15dd (for the marketing name, search the web for "GPU Device Id")
[2020.10.07-13.07.22:153][  0]LogWindows: EnumDisplayDevices:
[2020.10.07-13.07.22:153][  0]LogWindows:    0. 'AMD Radeon(TM) Vega 3 Graphics' (P:1 D:1)
[2020.10.07-13.07.22:154][  0]LogWindows:    1. 'AMD Radeon(TM) Vega 3 Graphics' (P:0 D:0)
[2020.10.07-13.07.22:154][  0]LogWindows: DebugString: FoundDriverCount:2 
[2020.10.07-13.07.22:154][  0]LogD3D11RHI:     Adapter Name: AMD Radeon(TM) Vega 3 Graphics
[2020.10.07-13.07.22:154][  0]LogD3D11RHI:   Driver Version: Adrenalin 17.12 (internal:24.20.12050.0, unified:24.20.12050.0)
[2020.10.07-13.07.22:154][  0]LogD3D11RHI:      Driver Date: 2-11-2019
[2020.10.07-13.07.22:154][  0]LogRHI: Texture pool is 2623 MB (70% of 3747 MB)
[2020.10.07-13.07.22:201][  0]LogD3D11RHI: RHI does not have support for 64 bit atomics
[2020.10.07-13.07.22:201][  0]LogD3D11RHI: Async texture creation enabled
[2020.10.07-13.07.22:201][  0]LogD3D11RHI: Array index from any shader is supported
[2020.10.07-13.07.22:222][  0]LogD3D11RHI: GPU Timing Frequency: 25.000000 (Debug: 2 1)
[2020.10.07-13.07.23:844][  0]LogTargetPlatformManager: Display: Loaded TargetPlatform 'AllDesktop'
[2020.10.07-13.07.23:889][  0]LogTargetPlatformManager: Display: Loaded TargetPlatform 'Android'
[2020.10.07-13.07.23:889][  0]LogTargetPlatformManager: Display: Loaded TargetPlatform 'Android_ASTC'
[2020.10.07-13.07.23:889][  0]LogTargetPlatformManager: Display: Loaded TargetPlatform 'Android_DXT'
[2020.10.07-13.07.23:889][  0]LogTargetPlatformManager: Display: Loaded TargetPlatform 'Android_ETC2'
[2020.10.07-13.07.23:889][  0]LogTargetPlatformManager: Display: Loaded TargetPlatform 'AndroidClient'
[2020.10.07-13.07.23:889][  0]LogTargetPlatformManager: Display: Loaded TargetPlatform 'Android_ASTCClient'
[2020.10.07-13.07.23:889][  0]LogTargetPlatformManager: Display: Loaded TargetPlatform 'Android_DXTClient'
[2020.10.07-13.07.23:889][  0]LogTargetPlatformManager: Display: Loaded TargetPlatform 'Android_ETC2Client'
[2020.10.07-13.07.23:889][  0]LogTargetPlatformManager: Display: Loaded TargetPlatform 'Android_Multi'
[2020.10.07-13.07.23:889][  0]LogTargetPlatformManager: Display: Loaded TargetPlatform 'Android_MultiClient'
[2020.10.07-13.07.23:941][  0]LogTargetPlatformManager: Display: Loaded TargetPlatform 'IOSClient'
[2020.10.07-13.07.23:941][  0]LogTargetPlatformManager: Display: Loaded TargetPlatform 'IOS'
[2020.10.07-13.07.23:962][  0]LogTargetPlatformManager: Display: Loaded TargetPlatform 'Linux'
[2020.10.07-13.07.23:981][  0]LogTargetPlatformManager: Display: Loaded TargetPlatform 'LinuxNoEditor'
[2020.10.07-13.07.23:999][  0]LogTargetPlatformManager: Display: Loaded TargetPlatform 'LinuxClient'
[2020.10.07-13.07.24:018][  0]LogTargetPlatformManager: Display: Loaded TargetPlatform 'LinuxServer'
[2020.10.07-13.07.24:036][  0]LogTargetPlatformManager: Display: Loaded TargetPlatform 'LinuxAArch64NoEditor'
[2020.10.07-13.07.24:055][  0]LogTargetPlatformManager: Display: Loaded TargetPlatform 'LinuxAArch64Client'
[2020.10.07-13.07.24:075][  0]LogTargetPlatformManager: Display: Loaded TargetPlatform 'LinuxAArch64Server'
[2020.10.07-13.07.24:162][  0]LogTargetPlatformManager: Display: Loaded TargetPlatform 'Lumin'
[2020.10.07-13.07.24:162][  0]LogTargetPlatformManager: Display: Loaded TargetPlatform 'LuminClient'
[2020.10.07-13.07.24:201][  0]LogTargetPlatformManager: Display: Loaded TargetPlatform 'TVOSClient'
[2020.10.07-13.07.24:201][  0]LogTargetPlatformManager: Display: Loaded TargetPlatform 'TVOS'
[2020.10.07-13.07.24:226][  0]LogTargetPlatformManager: Display: Loaded TargetPlatform 'WindowsNoEditor'
[2020.10.07-13.07.24:250][  0]LogTargetPlatformManager: Display: Loaded TargetPlatform 'Windows'
[2020.10.07-13.07.24:270][  0]LogTargetPlatformManager: Display: Loaded TargetPlatform 'WindowsClient'
[2020.10.07-13.07.24:290][  0]LogTargetPlatformManager: Display: Loaded TargetPlatform 'WindowsServer'
[2020.10.07-13.07.24:291][  0]LogTargetPlatformManager: Display: Building Assets For Windows
[2020.10.07-13.07.24:312][  0]LogAudioDebug: Display: Lib vorbis DLL was dynamically loaded.
[2020.10.07-13.07.24:484][  0]LogShaderCompilers: Guid format shader working directory is -19 characters bigger than the processId version (../../../../../../Users/psiDaylight/Documents/GitHub/Unreal/StageFight/Intermediate/Shaders/WorkingDirectory/19844/).
[2020.10.07-13.07.24:485][  0]LogShaderCompilers: Cleaned the shader compiler working directory 'C:/Users/psiDaylight/AppData/Local/Temp/UnrealShaderWorkingDir/D60AC1A0469BB303F96F0BBE97D51F78/'.
[2020.10.07-13.07.24:487][  0]LogXGEController: Cannot use XGE Controller as Incredibuild is not installed on this machine.
[2020.10.07-13.07.24:487][  0]LogShaderCompilers: Cannot use XGE Shader Compiler as Incredibuild is not installed on this machine.
[2020.10.07-13.07.24:487][  0]LogShaderCompilers: Display: Using Local Shader Compiler.
[2020.10.07-13.07.25:984][  0]LogDerivedDataCache: Display: Max Cache Size: 512 MB
[2020.10.07-13.07.26:133][  0]LogDerivedDataCache: Loaded boot cache 0.15s 75MB C:/Users/psiDaylight/AppData/Local/UnrealEngine/4.25/DerivedDataCache/Boot.ddc.
[2020.10.07-13.07.26:133][  0]LogDerivedDataCache: Display: Loaded Boot cache: C:/Users/psiDaylight/AppData/Local/UnrealEngine/4.25/DerivedDataCache/Boot.ddc
[2020.10.07-13.07.26:133][  0]LogDerivedDataCache: FDerivedDataBackendGraph:  Pak pak cache file ../../../../../../Users/psiDaylight/Documents/GitHub/Unreal/StageFight/DerivedDataCache/DDC.ddp not found, will not use a pak cache.
[2020.10.07-13.07.26:133][  0]LogDerivedDataCache: Unable to find inner node Pak for hierarchical cache Hierarchy.
[2020.10.07-13.07.26:133][  0]LogDerivedDataCache: FDerivedDataBackendGraph:  CompressedPak pak cache file ../../../../../../Users/psiDaylight/Documents/GitHub/Unreal/StageFight/DerivedDataCache/Compressed.ddp not found, will not use a pak cache.
[2020.10.07-13.07.26:133][  0]LogDerivedDataCache: Unable to find inner node CompressedPak for hierarchical cache Hierarchy.
[2020.10.07-13.07.26:155][  0]LogDerivedDataCache: Display: Pak cache opened for reading ../../../Engine/DerivedDataCache/Compressed.ddp.
[2020.10.07-13.07.26:156][  0]LogDerivedDataCache: FDerivedDataBackendGraph:  EnterprisePak pak cache file ../../../Enterprise/DerivedDataCache/Compressed.ddp not found, will not use a pak cache.
[2020.10.07-13.07.26:156][  0]LogDerivedDataCache: Unable to find inner node EnterprisePak for hierarchical cache Hierarchy.
[2020.10.07-13.07.26:159][  0]LogDerivedDataCache: Using Local data cache path C:/Users/psiDaylight/AppData/Local/UnrealEngine/Common/DerivedDataCache: Writable
[2020.10.07-13.07.26:159][  0]LogDerivedDataCache: Shared data cache path not found in *engine.ini, will not use an Shared cache.
[2020.10.07-13.07.26:159][  0]LogDerivedDataCache: Unable to find inner node Shared for hierarchical cache Hierarchy.
[2020.10.07-13.07.26:281][  0]LogSlate: Using FreeType 2.10.0
[2020.10.07-13.07.26:282][  0]LogSlate: SlateFontServices - WITH_FREETYPE: 1, WITH_HARFBUZZ: 1
[2020.10.07-13.07.26:341][  0]LogAssetRegistry: FAssetRegistry took 0.0047 seconds to start up
[2020.10.07-13.07.26:792][  0]LogInit: Selected Device Profile: [Windows]
[2020.10.07-13.07.27:049][  0]LogMeshReduction: Using QuadricMeshReduction for automatic static mesh reduction
[2020.10.07-13.07.27:049][  0]LogMeshReduction: Using SimplygonMeshReduction for automatic skeletal mesh reduction
[2020.10.07-13.07.27:049][  0]LogMeshReduction: Using ProxyLODMeshReduction for automatic mesh merging
[2020.10.07-13.07.27:049][  0]LogMeshReduction: No distributed automatic mesh merging module available
[2020.10.07-13.07.27:049][  0]LogMeshMerging: No distributed automatic mesh merging module available
[2020.10.07-13.07.27:087][  0]LogNetVersion: StageFight 1.0.0, NetCL: 13144385, EngineNetVer: 14, GameNetVer: 0 (Checksum: 1375937656)
[2020.10.07-13.07.28:129][  0]LogAISub: UAISubsystem::UAISubsystem AISubsystem (00000208F900EA40), frame # 0
[2020.10.07-13.07.28:130][  0]LogAISub: UAISubsystem::UAISubsystem AIPerceptionSystem (00000208F8EA5E40), frame # 0
[2020.10.07-13.07.28:133][  0]LogAISub: UAISubsystem::UAISubsystem EnvQueryManager (00000208F8EF5C00), frame # 0
[2020.10.07-13.07.28:526][  0]LogPackageLocalizationCache: Processed 19 localized package path(s) for 1 prioritized culture(s) in 0.377533 seconds
[2020.10.07-13.07.28:539][  0]LogUObjectArray: 15917 objects as part of root set at end of initial load.
[2020.10.07-13.07.28:539][  0]LogUObjectAllocator: 3965568 out of 0 bytes used by permanent object pool.
[2020.10.07-13.07.28:539][  0]LogUObjectArray: CloseDisregardForGC: 0/0 objects in disregard for GC pool
[2020.10.07-13.07.29:562][  0]LogTcpMessaging: Initializing TcpMessaging bridge
[2020.10.07-13.07.29:574][  0]LogUdpMessaging: Initializing bridge on interface 0.0.0.0:0 to multicast group 230.0.0.1:6666.
[2020.10.07-13.07.29:879][  0]SourceControl: Source control is disabled
[2020.10.07-13.07.29:880][  0]SourceControl: Source control is disabled
[2020.10.07-13.07.29:890][  0]SourceControl: Source control is disabled
[2020.10.07-13.07.29:900][  0]SourceControl: Source control is disabled
[2020.10.07-13.07.29:919][  0]SourceControl: Source control is disabled
[2020.10.07-13.07.30:566][  0]LogAndroidPermission: UAndroidPermissionCallbackProxy::GetInstance
[2020.10.07-13.07.30:617][  0]LogAudioCaptureCore: Display: No Audio Capture implementations found. Audio input will be silent.
[2020.10.07-13.07.30:618][  0]LogAudioCaptureCore: Display: No Audio Capture implementations found. Audio input will be silent.
[2020.10.07-13.07.30:749][  0]LogOcInput: OculusInput pre-init called
[2020.10.07-13.07.30:779][  0]LogWindows: Failed to load 'OVRPlugin.dll' (GetLastError=126)
[2020.10.07-13.07.30:779][  0]LogWindows: File 'OVRPlugin.dll' does not exist
[2020.10.07-13.07.30:900][  0]LogEngine: Initializing Engine...
[2020.10.07-13.07.30:904][  0]LogHMD: Failed to initialize OpenVR with code 110
[2020.10.07-13.07.30:904][  0]LogMagicLeap: Warning: VR disabled because ZI is not enabled.  To enable, in the editor, Edit -> Project Settings -> Plugins -> Magic Leap Plugin -> Enable Zero Iteration
[2020.10.07-13.07.30:905][  0]LogStats: UGameplayTagsManager::InitializeManager -  0.000 s
[2020.10.07-13.07.31:138][  0]LogInit: Initializing FReadOnlyCVARCache
[2020.10.07-13.07.31:160][  0]LogAIModule: Creating AISystem for world Untitled
[2020.10.07-13.07.31:160][  0]LogAISub: UAISubsystem::UAISubsystem EnvQueryManager (0000020884B1BC00), frame # 0
[2020.10.07-13.07.31:160][  0]LogAISub: UAISubsystem::UAISubsystem AIPerceptionSystem (0000020884B3B100), frame # 0
[2020.10.07-13.07.31:174][  0]LogAudioMixer: Display: Audio Mixer Platform Settings:
[2020.10.07-13.07.31:174][  0]LogAudioMixer: Display: 	Sample Rate:						  48000
[2020.10.07-13.07.31:174][  0]LogAudioMixer: Display: 	Callback Buffer Frame Size Requested: 1024
[2020.10.07-13.07.31:174][  0]LogAudioMixer: Display: 	Callback Buffer Frame Size To Use:	  1024
[2020.10.07-13.07.31:174][  0]LogAudioMixer: Display: 	Number of buffers to queue:			  2
[2020.10.07-13.07.31:174][  0]LogAudioMixer: Display: 	Max Channels (voices):				  32
[2020.10.07-13.07.31:174][  0]LogAudioMixer: Display: 	Number of Async Source Workers:		  0
[2020.10.07-13.07.31:174][  0]LogAudio: Display: AudioDevice MaxSources: 32
[2020.10.07-13.07.31:174][  0]LogAudio: Display: Using built-in audio occlusion.
[2020.10.07-13.07.31:174][  0]LogAudioMixer: Display: Initializing audio mixer.
[2020.10.07-13.07.31:214][  0]LogAudioMixer: Display: 0: FrontLeft
[2020.10.07-13.07.31:214][  0]LogAudioMixer: Display: 1: FrontRight
[2020.10.07-13.07.31:843][  0]LogAudioMixer: Display: Using Audio Device Speakers (Realtek High Definition Audio)
[2020.10.07-13.07.31:851][  0]LogAudioMixer: Display: Initializing Sound Submixes...
[2020.10.07-13.07.31:860][  0]LogAudioMixer: Display: Creating Master Submix 'MasterSubmixDefault'
[2020.10.07-13.07.31:860][  0]LogAudioMixer: Display: Creating Master Submix 'MasterReverbSubmixDefault'
[2020.10.07-13.07.31:864][  0]LogAudioMixer: Display: Creating Master Submix 'MasterEQSubmixDefault'
[2020.10.07-13.07.31:866][  0]LogInit: FAudioDevice initialized.
[2020.10.07-13.07.31:867][  0]LogNetVersion: Set ProjectVersion to 1.0.0.0. Version Checksum will be recalculated on next use.
[2020.10.07-13.07.34:322][  0]LogDerivedDataCache: Saved boot cache 2.46s 75MB C:/Users/psiDaylight/AppData/Local/UnrealEngine/4.25/DerivedDataCache/Boot.ddc.
[2020.10.07-13.07.34:338][  0]LogInit: Texture streaming: Enabled
[2020.10.07-13.07.34:403][  0]LogEngineSessionManager: EngineSessionManager initialized
[2020.10.07-13.07.34:403][  0]LogEditorSessionSummary: Verbose: Initializing EditorSessionSummaryWriter for editor session tracking
[2020.10.07-13.07.34:415][  0]LogEditorSessionSummary: EditorSessionSummaryWriter initialized
[2020.10.07-13.07.34:775][  0]LogInit: Transaction tracking system initialized
[2020.10.07-13.07.34:850][  0]BlueprintLog: New page: Editor Load
[2020.10.07-13.07.35:090][  0]LocalizationService: Localization service is disabled
[2020.10.07-13.07.35:675][  0]LogCook: Display: Max memory allowance for cook 16384mb min free memory 0mb
[2020.10.07-13.07.35:675][  0]LogCook: Display: Mobile HDR setting 1
[2020.10.07-13.07.36:487][  0]LogFileCache: Scanning file cache for directory 'C:/Users/psiDaylight/Documents/GitHub/Unreal/StageFight/Content/' took 0.38s
[2020.10.07-13.07.36:487][  0]SourceControl: Source control is disabled
[2020.10.07-13.07.36:487][  0]LogUnrealEdMisc: Loading editor; pre map load, took 21.421
[2020.10.07-13.07.36:487][  0]Cmd: MAP LOAD FILE="../../../../../../Users/psiDaylight/Documents/GitHub/Unreal/StageFight/Content/SideScrollerBP/Maps/Main.umap" TEMPLATE=0 SHOWPROGRESS=1 FEATURELEVEL=3
[2020.10.07-13.07.36:888][  0]LightingResults: New page: Lighting Build
[2020.10.07-13.07.36:889][  0]LogWorld: UWorld::CleanupWorld for Untitled, bSessionEnded=true, bCleanupResources=true
[2020.10.07-13.07.36:890][  0]LogSlate: InvalidateAllWidgets triggered.  All widgets were invalidated
[2020.10.07-13.07.36:890][  0]MapCheck: New page: Map Check
[2020.10.07-13.07.36:890][  0]LightingResults: New page: Lighting Build
[2020.10.07-13.07.36:910][  0]LogAISub: UAISubsystem::~UAISubsystem EnvQueryManager (0000020884B1BC00), frame # 0
[2020.10.07-13.07.36:910][  0]LogAISub: UAISubsystem::~UAISubsystem AIPerceptionSystem (0000020884B3B100), frame # 0
[2020.10.07-13.07.36:912][  0]LogUObjectHash: Compacting FUObjectHashTables data took   1.73ms
[2020.10.07-13.07.45:503][  0]LogAIModule: Creating AISystem for world Main
[2020.10.07-13.07.45:503][  0]LogAISub: UAISubsystem::UAISubsystem EnvQueryManager (000002088C485000), frame # 0
[2020.10.07-13.07.45:503][  0]LogAISub: UAISubsystem::UAISubsystem AIPerceptionSystem (000002088C48FB00), frame # 0
[2020.10.07-13.07.45:997][  0]LogEditorServer: Finished looking for orphan Actors (0.000 secs)
[2020.10.07-13.07.46:085][  0]LogUObjectHash: Compacting FUObjectHashTables data took   2.49ms
[2020.10.07-13.07.46:086][  0]Cmd: MAP CHECKDEP NOCLEARLOG
[2020.10.07-13.07.46:087][  0]MapCheck: Map check complete: 0 Error(s), 0 Warning(s), took 0.595ms to complete.
[2020.10.07-13.07.46:087][  0]LogFileHelpers: Loading map 'Main' took 9.600
[2020.10.07-13.07.46:091][  0]LogUnrealEdMisc: Total Editor Startup Time, took 31.025
[2020.10.07-13.07.47:320][  0]LogSlate: Updating window title bar state: overlay mode, drag disabled, window buttons hidden, title bar hidden
[2020.10.07-13.07.47:342][  0]LogSlate: Updating window title bar state: overlay mode, drag disabled, window buttons hidden, title bar hidden
[2020.10.07-13.07.47:360][  0]LogSlate: Updating window title bar state: overlay mode, drag disabled, window buttons hidden, title bar hidden
[2020.10.07-13.07.47:384][  0]LogSlate: Updating window title bar state: overlay mode, drag disabled, window buttons hidden, title bar hidden
[2020.10.07-13.07.47:552][  0]LogCollectionManager: Loaded 0 collections in 0.006927 seconds
[2020.10.07-13.07.47:655][  0]LogFileCache: Scanning file cache for directory 'C:/Users/psiDaylight/Documents/GitHub/Unreal/StageFight/Saved/Collections/' took 0.00s
[2020.10.07-13.07.47:655][  0]LogFileCache: Scanning file cache for directory 'C:/Users/psiDaylight/Documents/GitHub/Unreal/StageFight/Content/Developers/psiDaylight/Collections/' took 0.00s
[2020.10.07-13.07.47:655][  0]LogFileCache: Scanning file cache for directory 'C:/Users/psiDaylight/Documents/GitHub/Unreal/StageFight/Content/Collections/' took 0.00s
[2020.10.07-13.07.47:655][  0]LogContentBrowser: Native class hierarchy populated in 0.0304 seconds. Added 3427 classes and 821 folders.
[2020.10.07-13.07.47:735][  0]LogContentBrowser: Native class hierarchy updated for 'WidgetCarousel' in 0.0008 seconds. Added 0 classes and 0 folders.
[2020.10.07-13.07.57:022][  0]LogContentBrowser: Native class hierarchy updated for 'AddContentDialog' in 0.0009 seconds. Added 0 classes and 0 folders.
[2020.10.07-13.07.57:024][  0]LogContentBrowser: Native class hierarchy updated for 'SceneOutliner' in 0.0007 seconds. Added 2 classes and 0 folders.
[2020.10.07-13.07.57:112][  0]LogSlate: Took 0.000676 seconds to synchronously load lazily loaded font '../../../Engine/Content/Slate/Fonts/Roboto-Regular.ttf' (155K)
[2020.10.07-13.07.57:119][  0]LogSlate: Took 0.000660 seconds to synchronously load lazily loaded font '../../../Engine/Content/Slate/Fonts/Roboto-Bold.ttf' (160K)
[2020.10.07-13.07.57:200][  0]LogSlate: Took 0.065736 seconds to synchronously load lazily loaded font '../../../Engine/Content/Editor/Slate/Fonts/FontAwesome.ttf' (139K)
[2020.10.07-13.07.57:696][  0]LogRenderer: Reallocating scene render targets to support 856x372 Format 10 NumSamples 1 (Frame:1).
[2020.10.07-13.07.58:341][  0]LogContentBrowser: Native class hierarchy updated for 'HierarchicalLODOutliner' in 0.0006 seconds. Added 0 classes and 0 folders.
[2020.10.07-13.07.58:341][  0]LogLoad: (Engine Initialization) Total time: 43.27 seconds
[2020.10.07-13.07.58:341][  0]LogLoad: (Engine Initialization) Total Blueprint compile time: 0.00 seconds
[2020.10.07-13.07.58:433][  0]LogContentStreaming: Texture pool size now 1000 MB
[2020.10.07-13.08.11:175][628]LogSlate: Took 0.077309 seconds to synchronously load lazily loaded font '../../../Engine/Content/Slate/Fonts/Roboto-Light.ttf' (167K)
[2020.10.07-13.10.15:365][711]LogAssetRegistry: Asset discovery search completed in 169.0266 seconds
[2020.10.07-13.10.15:378][711]LogCollectionManager: Fixed up redirectors for 0 collections in 0.000007 seconds (updated 0 objects)
[2020.10.07-13.10.17:167][803]LogTemp: Repeating last play command: Selected Viewport
[2020.10.07-13.10.17:200][803]LogPlayLevel: PlayLevel: No blueprints needed recompiling
[2020.10.07-13.10.17:201][803]PIE: New page: PIE session: Main (Oct 7, 2020, 3:10:17 AM)
[2020.10.07-13.10.17:202][803]LogOnline: OSS: Creating online subsystem instance for: NULL
[2020.10.07-13.10.17:204][803]LogOnline: OSS: TryLoadSubsystemAndSetDefault: Loaded subsystem for module [NULL]
[2020.10.07-13.10.17:204][803]LogPlayLevel: Creating play world package: /Game/SideScrollerBP/Maps/UEDPIE_0_Main
[2020.10.07-13.10.17:228][803]LogPlayLevel: PIE: StaticDuplicateObject took: (0.023728s)
[2020.10.07-13.10.17:248][803]LogAIModule: Creating AISystem for world Main
[2020.10.07-13.10.17:249][803]LogAISub: UAISubsystem::UAISubsystem EnvQueryManager (000002088EC60600), frame # 6803
[2020.10.07-13.10.17:249][803]LogAISub: UAISubsystem::UAISubsystem AIPerceptionSystem (000002088EBD7D80), frame # 6803
[2020.10.07-13.10.17:249][803]LogPlayLevel: PIE: World Init took: (0.020963s)
[2020.10.07-13.10.17:249][803]LogPlayLevel: PIE: Created PIE world by copying editor world from /Game/SideScrollerBP/Maps/Main.Main to /Game/SideScrollerBP/Maps/UEDPIE_0_Main.Main (0.044985s)
[2020.10.07-13.10.17:259][803]LogUObjectHash: Compacting FUObjectHashTables data took   1.05ms
[2020.10.07-13.10.17:263][803]LogAudioMixer: Display: Audio Mixer Platform Settings:
[2020.10.07-13.10.17:263][803]LogAudioMixer: Display: 	Sample Rate:						  48000
[2020.10.07-13.10.17:263][803]LogAudioMixer: Display: 	Callback Buffer Frame Size Requested: 1024
[2020.10.07-13.10.17:263][803]LogAudioMixer: Display: 	Callback Buffer Frame Size To Use:	  1024
[2020.10.07-13.10.17:263][803]LogAudioMixer: Display: 	Number of buffers to queue:			  2
[2020.10.07-13.10.17:263][803]LogAudioMixer: Display: 	Max Channels (voices):				  32
[2020.10.07-13.10.17:263][803]LogAudioMixer: Display: 	Number of Async Source Workers:		  0
[2020.10.07-13.10.17:263][803]LogAudio: Display: AudioDevice MaxSources: 32
[2020.10.07-13.10.17:263][803]LogAudio: Display: Using built-in audio occlusion.
[2020.10.07-13.10.17:263][803]LogAudioMixer: Display: Initializing audio mixer.
[2020.10.07-13.10.17:273][803]LogAudioMixer: Display: 0: FrontLeft
[2020.10.07-13.10.17:274][803]LogAudioMixer: Display: 1: FrontRight
[2020.10.07-13.10.17:343][803]LogAudioMixer: Display: Using Audio Device Speakers (Realtek High Definition Audio)
[2020.10.07-13.10.17:343][803]LogAudioMixer: Display: Initializing Sound Submixes...
[2020.10.07-13.10.17:343][803]LogAudioMixer: Display: Creating Master Submix 'MasterSubmixDefault'
[2020.10.07-13.10.17:343][803]LogAudioMixer: Display: Creating Master Submix 'MasterReverbSubmixDefault'
[2020.10.07-13.10.17:344][803]LogAudioMixer: Display: Creating Master Submix 'MasterEQSubmixDefault'
[2020.10.07-13.10.17:366][803]LogInit: FAudioDevice initialized.
[2020.10.07-13.10.20:629][803]LogLoad: Game class is 'BP_GameMode_C'
[2020.10.07-13.10.20:637][803]LogWorld: Bringing World /Game/SideScrollerBP/Maps/UEDPIE_0_Main.Main up for play (max tick rate 60) at 2020.10.07-08.10.20
[2020.10.07-13.10.20:638][803]LogWorld: Bringing up level for play took: 0.006057
[2020.10.07-13.10.20:639][803]LogOnline: OSS: Creating online subsystem instance for: :Context_1
[2020.10.07-13.10.20:740][803]LogContentBrowser: Native class hierarchy updated for 'MovieSceneCapture' in 0.0010 seconds. Added 20 classes and 0 folders.
[2020.10.07-13.10.20:742][803]LogPlayerManagement: Error: Failed to Create Player: A local player already exists for controller ID 0,
[2020.10.07-13.10.20:755][803]PIE: Server logged in
[2020.10.07-13.10.20:758][803]PIE: Play in editor total start time 3.561 seconds.
[2020.10.07-13.10.21:058][803]LogSlate: New Slate User Created.  User Index 1, Is Virtual User: 0
[2020.10.07-13.10.21:068][803]LogSlate: Slate User Registered.  User Index 1, Is Virtual User: 0
[2020.10.07-13.11.05:697][562]LogAudio: Warning: Detected orphaned looping sound 'battleRest_Cue'.
[2020.10.07-13.11.24:618][324]LogSlate: Updating window title bar state: overlay mode, drag disabled, window buttons hidden, title bar hidden
[2020.10.07-13.11.24:619][324]LogWorld: BeginTearingDown for /Game/SideScrollerBP/Maps/UEDPIE_0_Main
[2020.10.07-13.11.24:619][324]LogWorld: UWorld::CleanupWorld for Main, bSessionEnded=true, bCleanupResources=true
[2020.10.07-13.11.24:621][324]LogSlate: InvalidateAllWidgets triggered.  All widgets were invalidated
[2020.10.07-13.11.24:642][324]LogPlayLevel: Display: Shutting down PIE online subsystems
[2020.10.07-13.11.24:646][324]LogSlate: InvalidateAllWidgets triggered.  All widgets were invalidated
[2020.10.07-13.11.24:722][324]LogSlate: Updating window title bar state: overlay mode, drag disabled, window buttons hidden, title bar hidden
[2020.10.07-13.11.24:724][324]LogAISub: UAISubsystem::~UAISubsystem AIPerceptionSystem (000002088EBD7D80), frame # 9324
[2020.10.07-13.11.24:724][324]LogAISub: UAISubsystem::~UAISubsystem EnvQueryManager (000002088EC60600), frame # 9324
[2020.10.07-13.11.24:728][324]LogUObjectHash: Compacting FUObjectHashTables data took   2.62ms
[2020.10.07-13.11.24:828][325]LogPlayLevel: Display: Destroying online subsystem :Context_1
[2020.10.07-13.11.44:461][877]LogSlate: Took 0.010615 seconds to synchronously load lazily loaded font '../../../Engine/Content/Slate/Fonts/Roboto-Light.ttf' (167K)
[2020.10.07-13.11.44:508][877]LogAssetEditorSubsystem: Opening Asset editor for Blueprint /Game/SideScrollerBP/Blueprints/SideScrollerCharacter.SideScrollerCharacter
[2020.10.07-13.11.47:829][877]LogContentBrowser: Native class hierarchy updated for 'BlueprintGraph' in 0.0016 seconds. Added 125 classes and 0 folders.
[2020.10.07-13.11.54:029][877]LogSlate: Took 0.014719 seconds to synchronously load lazily loaded font '../../../Engine/Content/Slate/Fonts/Roboto-BoldCondensed.ttf' (158K)
[2020.10.07-13.11.56:239][878]LogSlate: Took 0.071030 seconds to synchronously load lazily loaded font '../../../Engine/Content/Slate/Fonts/Roboto-Italic.ttf' (157K)
[2020.10.07-13.12.17:870][300]BlueprintLog: New page: Compile SideScrollerCharacter
[2020.10.07-13.12.18:358][300]LogUObjectHash: Compacting FUObjectHashTables data took   6.15ms
[2020.10.07-13.12.19:437][300]LogSlate: Took 0.087051 seconds to synchronously load lazily loaded font '../../../Engine/Content/Slate/Fonts/DroidSansMono.ttf' (77K)
[2020.10.07-13.12.21:401][323]LogSavePackage: Moving '../../../../../../Users/psiDaylight/Documents/GitHub/Unreal/StageFight/Saved/SideScrollerCharacter3E770048476800D3322FA9AD537DB599.tmp' to '../../../../../../Users/psiDaylight/Documents/GitHub/Unreal/StageFight/Content/SideScrollerBP/Blueprints/SideScrollerCharacter.uasset'
[2020.10.07-13.12.21:542][323]AssetCheck: New page: Asset Save: SideScrollerCharacter
[2020.10.07-13.12.21:543][323]LogContentValidation: Display: Validating Blueprint /Game/SideScrollerBP/Blueprints/SideScrollerCharacter.SideScrollerCharacter
[2020.10.07-13.12.31:173][653]LogTemp: Repeating last play command: Selected Viewport
[2020.10.07-13.12.31:276][653]LogPlayLevel: PlayLevel: No blueprints needed recompiling
[2020.10.07-13.12.31:276][653]PIE: New page: PIE session: Main (Oct 7, 2020, 3:12:31 AM)
[2020.10.07-13.12.31:277][653]LogPlayLevel: Creating play world package: /Game/SideScrollerBP/Maps/UEDPIE_0_Main
[2020.10.07-13.12.31:395][653]LogPlayLevel: PIE: StaticDuplicateObject took: (0.119298s)
[2020.10.07-13.12.31:398][653]LogAIModule: Creating AISystem for world Main
[2020.10.07-13.12.31:398][653]LogAISub: UAISubsystem::UAISubsystem EnvQueryManager (000002088ED53E00), frame # 10653
[2020.10.07-13.12.31:398][653]LogAISub: UAISubsystem::UAISubsystem AIPerceptionSystem (000002088ED6C7C0), frame # 10653
[2020.10.07-13.12.31:399][653]LogPlayLevel: PIE: World Init took: (0.003124s)
[2020.10.07-13.12.31:399][653]LogPlayLevel: PIE: Created PIE world by copying editor world from /Game/SideScrollerBP/Maps/Main.Main to /Game/SideScrollerBP/Maps/UEDPIE_0_Main.Main (0.122782s)
[2020.10.07-13.12.31:451][653]LogUObjectHash: Compacting FUObjectHashTables data took   5.37ms
[2020.10.07-13.12.31:457][653]LogAudioMixer: Display: Audio Mixer Platform Settings:
[2020.10.07-13.12.31:457][653]LogAudioMixer: Display: 	Sample Rate:						  48000
[2020.10.07-13.12.31:457][653]LogAudioMixer: Display: 	Callback Buffer Frame Size Requested: 1024
[2020.10.07-13.12.31:458][653]LogAudioMixer: Display: 	Callback Buffer Frame Size To Use:	  1024
[2020.10.07-13.12.31:458][653]LogAudioMixer: Display: 	Number of buffers to queue:			  2
[2020.10.07-13.12.31:458][653]LogAudioMixer: Display: 	Max Channels (voices):				  32
[2020.10.07-13.12.31:458][653]LogAudioMixer: Display: 	Number of Async Source Workers:		  0
[2020.10.07-13.12.31:458][653]LogAudio: Display: AudioDevice MaxSources: 32
[2020.10.07-13.12.31:459][653]LogAudio: Display: Using built-in audio occlusion.
[2020.10.07-13.12.31:459][653]LogAudioMixer: Display: Initializing audio mixer.
[2020.10.07-13.12.31:470][653]LogAudioMixer: Display: 0: FrontLeft
[2020.10.07-13.12.31:470][653]LogAudioMixer: Display: 1: FrontRight
[2020.10.07-13.12.31:534][653]LogAudioMixer: Display: Using Audio Device Speakers (Realtek High Definition Audio)
[2020.10.07-13.12.31:535][653]LogAudioMixer: Display: Initializing Sound Submixes...
[2020.10.07-13.12.31:535][653]LogAudioMixer: Display: Creating Master Submix 'MasterSubmixDefault'
[2020.10.07-13.12.31:535][653]LogAudioMixer: Display: Creating Master Submix 'MasterReverbSubmixDefault'
[2020.10.07-13.12.31:536][653]LogAudioMixer: Display: Creating Master Submix 'MasterEQSubmixDefault'
[2020.10.07-13.12.31:567][653]LogInit: FAudioDevice initialized.
[2020.10.07-13.12.31:582][653]LogLoad: Game class is 'BP_GameMode_C'
[2020.10.07-13.12.31:585][653]LogWorld: Bringing World /Game/SideScrollerBP/Maps/UEDPIE_0_Main.Main up for play (max tick rate 60) at 2020.10.07-08.12.31
[2020.10.07-13.12.31:585][653]LogWorld: Bringing up level for play took: 0.002057
[2020.10.07-13.12.31:586][653]LogOnline: OSS: Creating online subsystem instance for: :Context_7
[2020.10.07-13.12.31:591][653]LogPlayerManagement: Error: Failed to Create Player: A local player already exists for controller ID 0,
[2020.10.07-13.12.31:592][653]LogScript: Warning: Accessed None trying to read property player1
	ThirdPerson_AnimBP_C /Game/SideScrollerBP/Maps/UEDPIE_0_Main.Main:PersistentLevel.SideScrollerCharacter_C_0.CharacterMesh0.ThirdPerson_AnimBP_C_0
	Function /Game/Mannequin/Animations/ThirdPerson_AnimBP.ThirdPerson_AnimBP_C:ExecuteUbergraph_ThirdPerson_AnimBP:0484
[2020.10.07-13.12.31:634][653]PIE: Error: Blueprint Runtime Error: "Accessed None trying to read property player1". Blueprint:  ThirdPerson_AnimBP Function:  Execute Ubergraph Third Person Anim BP Graph:  EventGraph Node:  Set LeftSocket
[2020.10.07-13.12.31:634][653]LogScript: Warning: Accessed None
	ThirdPerson_AnimBP_C /Game/SideScrollerBP/Maps/UEDPIE_0_Main.Main:PersistentLevel.SideScrollerCharacter_C_0.CharacterMesh0.ThirdPerson_AnimBP_C_0
	Function /Game/Mannequin/Animations/ThirdPerson_AnimBP.ThirdPerson_AnimBP_C:ExecuteUbergraph_ThirdPerson_AnimBP:0499
[2020.10.07-13.12.31:634][653]PIE: Error: Blueprint Runtime Error: "Accessed None". Blueprint:  ThirdPerson_AnimBP Function:  Execute Ubergraph Third Person Anim BP Graph:  EventGraph Node:  Set LeftSocket
[2020.10.07-13.12.31:634][653]LogScript: Warning: Accessed None trying to read property player1
	ThirdPerson_AnimBP_C /Game/SideScrollerBP/Maps/UEDPIE_0_Main.Main:PersistentLevel.SideScrollerCharacter_C_0.CharacterMesh0.ThirdPerson_AnimBP_C_0
	Function /Game/Mannequin/Animations/ThirdPerson_AnimBP.ThirdPerson_AnimBP_C:ExecuteUbergraph_ThirdPerson_AnimBP:04FF
[2020.10.07-13.12.31:634][653]PIE: Error: Blueprint Runtime Error: "Accessed None trying to read property player1". Blueprint:  ThirdPerson_AnimBP Function:  Execute Ubergraph Third Person Anim BP Graph:  EventGraph Node:  Set RightSocket
[2020.10.07-13.12.31:634][653]LogScript: Warning: Accessed None
	ThirdPerson_AnimBP_C /Game/SideScrollerBP/Maps/UEDPIE_0_Main.Main:PersistentLevel.SideScrollerCharacter_C_0.CharacterMesh0.ThirdPerson_AnimBP_C_0
	Function /Game/Mannequin/Animations/ThirdPerson_AnimBP.ThirdPerson_AnimBP_C:ExecuteUbergraph_ThirdPerson_AnimBP:0514
[2020.10.07-13.12.31:635][653]PIE: Error: Blueprint Runtime Error: "Accessed None". Blueprint:  ThirdPerson_AnimBP Function:  Execute Ubergraph Third Person Anim BP Graph:  EventGraph Node:  Set RightSocket
[2020.10.07-13.12.31:635][653]LogScript: Warning: Accessed None trying to read property player1
	ThirdPerson_AnimBP_C /Game/SideScrollerBP/Maps/UEDPIE_0_Main.Main:PersistentLevel.SideScrollerCharacter_C_0.CharacterMesh0.ThirdPerson_AnimBP_C_0
	Function /Game/Mannequin/Animations/ThirdPerson_AnimBP.ThirdPerson_AnimBP_C:ExecuteUbergraph_ThirdPerson_AnimBP:057A
[2020.10.07-13.12.31:635][653]PIE: Error: Blueprint Runtime Error: "Accessed None trying to read property player1". Blueprint:  ThirdPerson_AnimBP Function:  Execute Ubergraph Third Person Anim BP Graph:  EventGraph Node:  Set Left Hand Location
[2020.10.07-13.12.31:635][653]LogScript: Warning: Accessed None
	ThirdPerson_AnimBP_C /Game/SideScrollerBP/Maps/UEDPIE_0_Main.Main:PersistentLevel.SideScrollerCharacter_C_0.CharacterMesh0.ThirdPerson_AnimBP_C_0
	Function /Game/Mannequin/Animations/ThirdPerson_AnimBP.ThirdPerson_AnimBP_C:ExecuteUbergraph_ThirdPerson_AnimBP:058F
[2020.10.07-13.12.31:635][653]PIE: Error: Blueprint Runtime Error: "Accessed None". Blueprint:  ThirdPerson_AnimBP Function:  Execute Ubergraph Third Person Anim BP Graph:  EventGraph Node:  Set Left Hand Location
[2020.10.07-13.12.31:635][653]LogScript: Warning: Accessed None trying to read property player1
	ThirdPerson_AnimBP_C /Game/SideScrollerBP/Maps/UEDPIE_0_Main.Main:PersistentLevel.SideScrollerCharacter_C_0.CharacterMesh0.ThirdPerson_AnimBP_C_0
	Function /Game/Mannequin/Animations/ThirdPerson_AnimBP.ThirdPerson_AnimBP_C:ExecuteUbergraph_ThirdPerson_AnimBP:05F5
[2020.10.07-13.12.31:635][653]PIE: Error: Blueprint Runtime Error: "Accessed None trying to read property player1". Blueprint:  ThirdPerson_AnimBP Function:  Execute Ubergraph Third Person Anim BP Graph:  EventGraph Node:  Set Right Hand Location
[2020.10.07-13.12.31:635][653]LogScript: Warning: Accessed None
	ThirdPerson_AnimBP_C /Game/SideScrollerBP/Maps/UEDPIE_0_Main.Main:PersistentLevel.SideScrollerCharacter_C_0.CharacterMesh0.ThirdPerson_AnimBP_C_0
	Function /Game/Mannequin/Animations/ThirdPerson_AnimBP.ThirdPerson_AnimBP_C:ExecuteUbergraph_ThirdPerson_AnimBP:060A
[2020.10.07-13.12.31:635][653]PIE: Error: Blueprint Runtime Error: "Accessed None". Blueprint:  ThirdPerson_AnimBP Function:  Execute Ubergraph Third Person Anim BP Graph:  EventGraph Node:  Set Right Hand Location
[2020.10.07-13.12.31:636][653]LogScript: Warning: Accessed None trying to read property player2
	ThirdPerson_AnimBP_C /Game/SideScrollerBP/Maps/UEDPIE_0_Main.Main:PersistentLevel.SideScrollerCharacter_C_0.CharacterMesh0.ThirdPerson_AnimBP_C_0
	Function /Game/Mannequin/Animations/ThirdPerson_AnimBP.ThirdPerson_AnimBP_C:ExecuteUbergraph_ThirdPerson_AnimBP:01C1
[2020.10.07-13.12.31:636][653]PIE: Error: Blueprint Runtime Error: "Accessed None trying to read property player2". Blueprint:  ThirdPerson_AnimBP Function:  Execute Ubergraph Third Person Anim BP Graph:  EventGraph Node:  Set LeftSocket_0
[2020.10.07-13.12.31:636][653]LogScript: Warning: Accessed None
	ThirdPerson_AnimBP_C /Game/SideScrollerBP/Maps/UEDPIE_0_Main.Main:PersistentLevel.SideScrollerCharacter_C_0.CharacterMesh0.ThirdPerson_AnimBP_C_0
	Function /Game/Mannequin/Animations/ThirdPerson_AnimBP.ThirdPerson_AnimBP_C:ExecuteUbergraph_ThirdPerson_AnimBP:01D6
[2020.10.07-13.12.31:636][653]PIE: Error: Blueprint Runtime Error: "Accessed None". Blueprint:  ThirdPerson_AnimBP Function:  Execute Ubergraph Third Person Anim BP Graph:  EventGraph Node:  Set LeftSocket_0
[2020.10.07-13.12.31:636][653]LogScript: Warning: Accessed None trying to read property player2
	ThirdPerson_AnimBP_C /Game/SideScrollerBP/Maps/UEDPIE_0_Main.Main:PersistentLevel.SideScrollerCharacter_C_0.CharacterMesh0.ThirdPerson_AnimBP_C_0
	Function /Game/Mannequin/Animations/ThirdPerson_AnimBP.ThirdPerson_AnimBP_C:ExecuteUbergraph_ThirdPerson_AnimBP:023C
[2020.10.07-13.12.31:636][653]PIE: Error: Blueprint Runtime Error: "Accessed None trying to read property player2". Blueprint:  ThirdPerson_AnimBP Function:  Execute Ubergraph Third Person Anim BP Graph:  EventGraph Node:  Set RightSocket_0
[2020.10.07-13.12.31:636][653]LogScript: Warning: Accessed None
	ThirdPerson_AnimBP_C /Game/SideScrollerBP/Maps/UEDPIE_0_Main.Main:PersistentLevel.SideScrollerCharacter_C_0.CharacterMesh0.ThirdPerson_AnimBP_C_0
	Function /Game/Mannequin/Animations/ThirdPerson_AnimBP.ThirdPerson_AnimBP_C:ExecuteUbergraph_ThirdPerson_AnimBP:0251
[2020.10.07-13.12.31:636][653]PIE: Error: Blueprint Runtime Error: "Accessed None". Blueprint:  ThirdPerson_AnimBP Function:  Execute Ubergraph Third Person Anim BP Graph:  EventGraph Node:  Set RightSocket_0
[2020.10.07-13.12.31:636][653]LogScript: Warning: Accessed None trying to read property player2
	ThirdPerson_AnimBP_C /Game/SideScrollerBP/Maps/UEDPIE_0_Main.Main:PersistentLevel.SideScrollerCharacter_C_0.CharacterMesh0.ThirdPerson_AnimBP_C_0
	Function /Game/Mannequin/Animations/ThirdPerson_AnimBP.ThirdPerson_AnimBP_C:ExecuteUbergraph_ThirdPerson_AnimBP:02B7
[2020.10.07-13.12.31:636][653]PIE: Error: Blueprint Runtime Error: "Accessed None trying to read property player2". Blueprint:  ThirdPerson_AnimBP Function:  Execute Ubergraph Third Person Anim BP Graph:  EventGraph Node:  Set Left Hand Location_0
[2020.10.07-13.12.31:637][653]LogScript: Warning: Accessed None
	ThirdPerson_AnimBP_C /Game/SideScrollerBP/Maps/UEDPIE_0_Main.Main:PersistentLevel.SideScrollerCharacter_C_0.CharacterMesh0.ThirdPerson_AnimBP_C_0
	Function /Game/Mannequin/Animations/ThirdPerson_AnimBP.ThirdPerson_AnimBP_C:ExecuteUbergraph_ThirdPerson_AnimBP:02CC
[2020.10.07-13.12.31:637][653]PIE: Error: Blueprint Runtime Error: "Accessed None". Blueprint:  ThirdPerson_AnimBP Function:  Execute Ubergraph Third Person Anim BP Graph:  EventGraph Node:  Set Left Hand Location_0
[2020.10.07-13.12.31:637][653]LogScript: Warning: Accessed None trying to read property player2
	ThirdPerson_AnimBP_C /Game/SideScrollerBP/Maps/UEDPIE_0_Main.Main:PersistentLevel.SideScrollerCharacter_C_0.CharacterMesh0.ThirdPerson_AnimBP_C_0
	Function /Game/Mannequin/Animations/ThirdPerson_AnimBP.ThirdPerson_AnimBP_C:ExecuteUbergraph_ThirdPerson_AnimBP:0332
[2020.10.07-13.12.31:637][653]PIE: Error: Blueprint Runtime Error: "Accessed None trying to read property player2". Blueprint:  ThirdPerson_AnimBP Function:  Execute Ubergraph Third Person Anim BP Graph:  EventGraph Node:  Set Right Hand Location_0
[2020.10.07-13.12.31:637][653]LogScript: Warning: Accessed None
	ThirdPerson_AnimBP_C /Game/SideScrollerBP/Maps/UEDPIE_0_Main.Main:PersistentLevel.SideScrollerCharacter_C_0.CharacterMesh0.ThirdPerson_AnimBP_C_0
	Function /Game/Mannequin/Animations/ThirdPerson_AnimBP.ThirdPerson_AnimBP_C:ExecuteUbergraph_ThirdPerson_AnimBP:0347
[2020.10.07-13.12.31:637][653]PIE: Error: Blueprint Runtime Error: "Accessed None". Blueprint:  ThirdPerson_AnimBP Function:  Execute Ubergraph Third Person Anim BP Graph:  EventGraph Node:  Set Right Hand Location_0
[2020.10.07-13.12.31:669][653]LogScript: Warning: Accessed None trying to read property player2
	ThirdPerson_AnimBP_C /Game/SideScrollerBP/Maps/UEDPIE_0_Main.Main:PersistentLevel.SideScrollerCharacter_C_1.CharacterMesh0.ThirdPerson_AnimBP_C_0
	Function /Game/Mannequin/Animations/ThirdPerson_AnimBP.ThirdPerson_AnimBP_C:ExecuteUbergraph_ThirdPerson_AnimBP:01C1
[2020.10.07-13.12.31:669][653]PIE: Error: Blueprint Runtime Error: "Accessed None trying to read property player2". Blueprint:  ThirdPerson_AnimBP Function:  Execute Ubergraph Third Person Anim BP Graph:  EventGraph Node:  Set LeftSocket_0
[2020.10.07-13.12.31:669][653]PIE: Error: Blueprint Runtime Error: "Accessed None". Blueprint:  ThirdPerson_AnimBP Function:  Execute Ubergraph Third Person Anim BP Graph:  EventGraph Node:  Set LeftSocket_0
[2020.10.07-13.12.31:669][653]PIE: Error: Blueprint Runtime Error: "Accessed None trying to read property player2". Blueprint:  ThirdPerson_AnimBP Function:  Execute Ubergraph Third Person Anim BP Graph:  EventGraph Node:  Set RightSocket_0
[2020.10.07-13.12.31:670][653]PIE: Error: Blueprint Runtime Error: "Accessed None". Blueprint:  ThirdPerson_AnimBP Function:  Execute Ubergraph Third Person Anim BP Graph:  EventGraph Node:  Set RightSocket_0
[2020.10.07-13.12.31:670][653]PIE: Error: Blueprint Runtime Error: "Accessed None trying to read property player2". Blueprint:  ThirdPerson_AnimBP Function:  Execute Ubergraph Third Person Anim BP Graph:  EventGraph Node:  Set Left Hand Location_0
[2020.10.07-13.12.31:670][653]PIE: Error: Blueprint Runtime Error: "Accessed None". Blueprint:  ThirdPerson_AnimBP Function:  Execute Ubergraph Third Person Anim BP Graph:  EventGraph Node:  Set Left Hand Location_0
[2020.10.07-13.12.31:670][653]PIE: Error: Blueprint Runtime Error: "Accessed None trying to read property player2". Blueprint:  ThirdPerson_AnimBP Function:  Execute Ubergraph Third Person Anim BP Graph:  EventGraph Node:  Set Right Hand Location_0
[2020.10.07-13.12.31:671][653]PIE: Error: Blueprint Runtime Error: "Accessed None". Blueprint:  ThirdPerson_AnimBP Function:  Execute Ubergraph Third Person Anim BP Graph:  EventGraph Node:  Set Right Hand Location_0
[2020.10.07-13.12.31:678][653]PIE: Server logged in
[2020.10.07-13.12.31:680][653]PIE: Play in editor total start time 0.453 seconds.
[2020.10.07-13.12.36:361][841]Cmd: ToggleDebugCamera
[2020.10.07-13.12.38:096][887]Cmd: ToggleDebugCamera
[2020.10.07-13.12.47:476][267]LogSlate: Updating window title bar state: overlay mode, drag disabled, window buttons hidden, title bar hidden
[2020.10.07-13.12.47:476][267]LogWorld: BeginTearingDown for /Game/SideScrollerBP/Maps/UEDPIE_0_Main
[2020.10.07-13.12.47:477][267]LogWorld: UWorld::CleanupWorld for Main, bSessionEnded=true, bCleanupResources=true
[2020.10.07-13.12.47:477][267]LogSlate: InvalidateAllWidgets triggered.  All widgets were invalidated
[2020.10.07-13.12.47:493][267]LogPlayLevel: Display: Shutting down PIE online subsystems
[2020.10.07-13.12.47:499][267]LogSlate: InvalidateAllWidgets triggered.  All widgets were invalidated
[2020.10.07-13.12.47:590][267]LogSlate: Updating window title bar state: overlay mode, drag disabled, window buttons hidden, title bar hidden
[2020.10.07-13.12.47:592][267]LogAISub: UAISubsystem::~UAISubsystem AIPerceptionSystem (000002088ED6C7C0), frame # 11267
[2020.10.07-13.12.47:592][267]LogAISub: UAISubsystem::~UAISubsystem EnvQueryManager (000002088ED53E00), frame # 11267
[2020.10.07-13.12.47:683][267]LogUObjectHash: Compacting FUObjectHashTables data took   5.02ms
[2020.10.07-13.12.48:003][268]LogPlayLevel: Display: Destroying online subsystem :Context_7
[2020.10.07-13.12.50:768][353]LogSlate: Window 'Message Log' being destroyed
[2020.10.07-13.12.50:811][353]LogSlate: Window 'Message Log' being destroyed
[2020.10.07-13.13.33:090][550]BlueprintLog: New page: Compile SideScrollerCharacter
[2020.10.07-13.13.33:246][550]LogUObjectHash: Compacting FUObjectHashTables data took   4.81ms
[2020.10.07-13.13.34:953][579]LogSavePackage: Moving '../../../../../../Users/psiDaylight/Documents/GitHub/Unreal/StageFight/Saved/SideScrollerCharacterC67527EC4F895ED6B0A862A4074D3B37.tmp' to '../../../../../../Users/psiDaylight/Documents/GitHub/Unreal/StageFight/Content/SideScrollerBP/Blueprints/SideScrollerCharacter.uasset'
[2020.10.07-13.13.34:995][579]AssetCheck: New page: Asset Save: SideScrollerCharacter
[2020.10.07-13.13.34:996][579]LogContentValidation: Display: Validating Blueprint /Game/SideScrollerBP/Blueprints/SideScrollerCharacter.SideScrollerCharacter
[2020.10.07-13.13.37:659][672]LogTemp: Repeating last play command: Selected Viewport
[2020.10.07-13.13.37:716][672]LogPlayLevel: PlayLevel: No blueprints needed recompiling
[2020.10.07-13.13.37:716][672]PIE: New page: PIE session: Main (Oct 7, 2020, 3:13:37 AM)
[2020.10.07-13.13.37:716][672]LogPlayLevel: Creating play world package: /Game/SideScrollerBP/Maps/UEDPIE_0_Main
[2020.10.07-13.13.37:728][672]LogPlayLevel: PIE: StaticDuplicateObject took: (0.011329s)
[2020.10.07-13.13.37:730][672]LogAIModule: Creating AISystem for world Main
[2020.10.07-13.13.37:730][672]LogAISub: UAISubsystem::UAISubsystem EnvQueryManager (0000020904A79A00), frame # 12672
[2020.10.07-13.13.37:730][672]LogAISub: UAISubsystem::UAISubsystem AIPerceptionSystem (0000020901027EC0), frame # 12672
[2020.10.07-13.13.37:731][672]LogPlayLevel: PIE: World Init took: (0.003289s)
[2020.10.07-13.13.37:731][672]LogPlayLevel: PIE: Created PIE world by copying editor world from /Game/SideScrollerBP/Maps/Main.Main to /Game/SideScrollerBP/Maps/UEDPIE_0_Main.Main (0.014994s)
[2020.10.07-13.13.37:784][672]LogUObjectHash: Compacting FUObjectHashTables data took   5.49ms
[2020.10.07-13.13.37:787][672]LogAudioMixer: Display: Audio Mixer Platform Settings:
[2020.10.07-13.13.37:787][672]LogAudioMixer: Display: 	Sample Rate:						  48000
[2020.10.07-13.13.37:787][672]LogAudioMixer: Display: 	Callback Buffer Frame Size Requested: 1024
[2020.10.07-13.13.37:787][672]LogAudioMixer: Display: 	Callback Buffer Frame Size To Use:	  1024
[2020.10.07-13.13.37:787][672]LogAudioMixer: Display: 	Number of buffers to queue:			  2
[2020.10.07-13.13.37:787][672]LogAudioMixer: Display: 	Max Channels (voices):				  32
[2020.10.07-13.13.37:787][672]LogAudioMixer: Display: 	Number of Async Source Workers:		  0
[2020.10.07-13.13.37:787][672]LogAudio: Display: AudioDevice MaxSources: 32
[2020.10.07-13.13.37:789][672]LogAudio: Display: Using built-in audio occlusion.
[2020.10.07-13.13.37:789][672]LogAudioMixer: Display: Initializing audio mixer.
[2020.10.07-13.13.37:797][672]LogAudioMixer: Display: 0: FrontLeft
[2020.10.07-13.13.37:797][672]LogAudioMixer: Display: 1: FrontRight
[2020.10.07-13.13.37:846][672]LogAudioMixer: Display: Using Audio Device Speakers (Realtek High Definition Audio)
[2020.10.07-13.13.37:847][672]LogAudioMixer: Display: Initializing Sound Submixes...
[2020.10.07-13.13.37:847][672]LogAudioMixer: Display: Creating Master Submix 'MasterSubmixDefault'
[2020.10.07-13.13.37:847][672]LogAudioMixer: Display: Creating Master Submix 'MasterReverbSubmixDefault'
[2020.10.07-13.13.37:848][672]LogAudioMixer: Display: Creating Master Submix 'MasterEQSubmixDefault'
[2020.10.07-13.13.37:873][672]LogInit: FAudioDevice initialized.
[2020.10.07-13.13.37:889][672]LogLoad: Game class is 'BP_GameMode_C'
[2020.10.07-13.13.37:892][672]LogWorld: Bringing World /Game/SideScrollerBP/Maps/UEDPIE_0_Main.Main up for play (max tick rate 60) at 2020.10.07-08.13.37
[2020.10.07-13.13.37:893][672]LogWorld: Bringing up level for play took: 0.002366
[2020.10.07-13.13.37:893][672]LogOnline: OSS: Creating online subsystem instance for: :Context_8
[2020.10.07-13.13.37:998][672]LogPlayerManagement: Error: Failed to Create Player: A local player already exists for controller ID 0,
[2020.10.07-13.13.38:015][672]PIE: Server logged in
[2020.10.07-13.13.38:017][672]PIE: Play in editor total start time 0.306 seconds.
[2020.10.07-13.14.02:308][591]LogSlate: Updating window title bar state: overlay mode, drag disabled, window buttons hidden, title bar hidden
[2020.10.07-13.14.02:308][591]LogWorld: BeginTearingDown for /Game/SideScrollerBP/Maps/UEDPIE_0_Main
[2020.10.07-13.14.02:308][591]LogWorld: UWorld::CleanupWorld for Main, bSessionEnded=true, bCleanupResources=true
[2020.10.07-13.14.02:309][591]LogSlate: InvalidateAllWidgets triggered.  All widgets were invalidated
[2020.10.07-13.14.02:341][591]LogPlayLevel: Display: Shutting down PIE online subsystems
[2020.10.07-13.14.02:348][591]LogSlate: InvalidateAllWidgets triggered.  All widgets were invalidated
[2020.10.07-13.14.02:396][591]LogSlate: Updating window title bar state: overlay mode, drag disabled, window buttons hidden, title bar hidden
[2020.10.07-13.14.02:438][591]LogAISub: UAISubsystem::~UAISubsystem AIPerceptionSystem (0000020901027EC0), frame # 13591
[2020.10.07-13.14.02:438][591]LogAISub: UAISubsystem::~UAISubsystem EnvQueryManager (0000020904A79A00), frame # 13591
[2020.10.07-13.14.02:442][591]LogUObjectHash: Compacting FUObjectHashTables data took   4.10ms
[2020.10.07-13.14.02:753][592]LogPlayLevel: Display: Destroying online subsystem :Context_8
[2020.10.07-13.16.49:355][779]LogSlate: Window 'SideScrollerCharacter' being destroyed
[2020.10.07-13.16.49:375][779]LogSlate: Window 'SideScrollerCharacter' being destroyed
[2020.10.07-13.16.49:552][779]LogWorld: UWorld::CleanupWorld for World_3, bSessionEnded=true, bCleanupResources=true
[2020.10.07-13.16.49:552][779]LogSlate: InvalidateAllWidgets triggered.  All widgets were invalidated
[2020.10.07-13.16.54:664][940]LogTemp: Repeating last play command: Selected Viewport
[2020.10.07-13.16.54:728][940]LogPlayLevel: PlayLevel: No blueprints needed recompiling
[2020.10.07-13.16.54:728][940]PIE: New page: PIE session: Main (Oct 7, 2020, 3:16:54 AM)
[2020.10.07-13.16.54:728][940]LogPlayLevel: Creating play world package: /Game/SideScrollerBP/Maps/UEDPIE_0_Main
[2020.10.07-13.16.54:754][940]LogPlayLevel: PIE: StaticDuplicateObject took: (0.025308s)
[2020.10.07-13.16.54:756][940]LogAIModule: Creating AISystem for world Main
[2020.10.07-13.16.54:756][940]LogAISub: UAISubsystem::UAISubsystem EnvQueryManager (000002090A1EEC00), frame # 14940
[2020.10.07-13.16.54:765][940]LogAISub: UAISubsystem::UAISubsystem AIPerceptionSystem (0000020902D95080), frame # 14940
[2020.10.07-13.16.54:766][940]LogPlayLevel: PIE: World Init took: (0.011822s)
[2020.10.07-13.16.54:766][940]LogPlayLevel: PIE: Created PIE world by copying editor world from /Game/SideScrollerBP/Maps/Main.Main to /Game/SideScrollerBP/Maps/UEDPIE_0_Main.Main (0.037447s)
[2020.10.07-13.16.54:908][940]LogUObjectHash: Compacting FUObjectHashTables data took   6.28ms
[2020.10.07-13.16.54:912][940]LogAudioMixer: Display: Audio Mixer Platform Settings:
[2020.10.07-13.16.54:913][940]LogAudioMixer: Display: 	Sample Rate:						  48000
[2020.10.07-13.16.54:913][940]LogAudioMixer: Display: 	Callback Buffer Frame Size Requested: 1024
[2020.10.07-13.16.54:913][940]LogAudioMixer: Display: 	Callback Buffer Frame Size To Use:	  1024
[2020.10.07-13.16.54:913][940]LogAudioMixer: Display: 	Number of buffers to queue:			  2
[2020.10.07-13.16.54:913][940]LogAudioMixer: Display: 	Max Channels (voices):				  32
[2020.10.07-13.16.54:913][940]LogAudioMixer: Display: 	Number of Async Source Workers:		  0
[2020.10.07-13.16.54:913][940]LogAudio: Display: AudioDevice MaxSources: 32
[2020.10.07-13.16.54:914][940]LogAudio: Display: Using built-in audio occlusion.
[2020.10.07-13.16.54:914][940]LogAudioMixer: Display: Initializing audio mixer.
[2020.10.07-13.16.54:961][940]LogAudioMixer: Display: 0: FrontLeft
[2020.10.07-13.16.54:961][940]LogAudioMixer: Display: 1: FrontRight
[2020.10.07-13.16.55:060][940]LogAudioMixer: Display: Using Audio Device Speakers (Realtek High Definition Audio)
[2020.10.07-13.16.55:061][940]LogAudioMixer: Display: Initializing Sound Submixes...
[2020.10.07-13.16.55:061][940]LogAudioMixer: Display: Creating Master Submix 'MasterSubmixDefault'
[2020.10.07-13.16.55:061][940]LogAudioMixer: Display: Creating Master Submix 'MasterReverbSubmixDefault'
[2020.10.07-13.16.55:063][940]LogAudioMixer: Display: Creating Master Submix 'MasterEQSubmixDefault'
[2020.10.07-13.16.55:094][940]LogInit: FAudioDevice initialized.
[2020.10.07-13.16.55:106][940]LogLoad: Game class is 'BP_GameMode_C'
[2020.10.07-13.16.55:109][940]LogWorld: Bringing World /Game/SideScrollerBP/Maps/UEDPIE_0_Main.Main up for play (max tick rate 60) at 2020.10.07-08.16.55
[2020.10.07-13.16.55:109][940]LogWorld: Bringing up level for play took: 0.001831
[2020.10.07-13.16.55:110][940]LogOnline: OSS: Creating online subsystem instance for: :Context_9
[2020.10.07-13.16.55:115][940]LogPlayerManagement: Error: Failed to Create Player: A local player already exists for controller ID 0,
[2020.10.07-13.16.55:131][940]PIE: Server logged in
[2020.10.07-13.16.55:133][940]PIE: Play in editor total start time 0.41 seconds.
[2020.10.07-13.17.01:154][180]LogSlate: Updating window title bar state: overlay mode, drag disabled, window buttons hidden, title bar hidden
[2020.10.07-13.17.01:154][180]LogWorld: BeginTearingDown for /Game/SideScrollerBP/Maps/UEDPIE_0_Main
[2020.10.07-13.17.01:154][180]LogWorld: UWorld::CleanupWorld for Main, bSessionEnded=true, bCleanupResources=true
[2020.10.07-13.17.01:155][180]LogSlate: InvalidateAllWidgets triggered.  All widgets were invalidated
[2020.10.07-13.17.01:185][180]LogPlayLevel: Display: Shutting down PIE online subsystems
[2020.10.07-13.17.01:191][180]LogSlate: InvalidateAllWidgets triggered.  All widgets were invalidated
[2020.10.07-13.17.01:258][180]LogSlate: Updating window title bar state: overlay mode, drag disabled, window buttons hidden, title bar hidden
[2020.10.07-13.17.01:260][180]LogAISub: UAISubsystem::~UAISubsystem EnvQueryManager (000002090A1EEC00), frame # 15180
[2020.10.07-13.17.01:261][180]LogAISub: UAISubsystem::~UAISubsystem AIPerceptionSystem (0000020902D95080), frame # 15180
[2020.10.07-13.17.01:264][180]LogUObjectHash: Compacting FUObjectHashTables data took   2.58ms
[2020.10.07-13.17.01:332][181]LogPlayLevel: Display: Destroying online subsystem :Context_9
[2020.10.07-13.17.18:004][781]LogUObjectHash: Compacting FUObjectHashTables data took   3.49ms
